[ 2015-11-17T08:59:29+08:00 ] 127.0.0.1 /index.php/Member/regist
INFO: [ app_init ] --START--
INFO: Run Behavior\BuildLiteBehavior [ RunTime:0.000000s ]
INFO: [ app_init ] --END-- [ RunTime:0.046875s ]
INFO: [ app_begin ] --START--
INFO: Run Behavior\ReadHtmlCacheBehavior [ RunTime:0.015625s ]
INFO: [ app_begin ] --END-- [ RunTime:0.015625s ]
INFO: [ view_parse ] --START--
INFO: [ template_filter ] --START--
INFO: Run Behavior\ContentReplaceBehavior [ RunTime:0.000000s ]
INFO: [ template_filter ] --END-- [ RunTime:0.000000s ]
INFO: Run Behavior\ParseTemplateBehavior [ RunTime:0.078125s ]
INFO: [ view_parse ] --END-- [ RunTime:0.078125s ]
INFO: [ view_filter ] --START--
INFO: Run Behavior\WriteHtmlCacheBehavior [ RunTime:0.015625s ]
INFO: [ view_filter ] --END-- [ RunTime:0.015625s ]
INFO: [ app_end ] --START--
INFO: Run Behavior\ShowPageTraceBehavior [ RunTime:0.015625s ]
INFO: [ app_end ] --END-- [ RunTime:0.015625s ]

[ 2015-11-17T09:06:14+08:00 ] 127.0.0.1 /index.php/Member/sendSMS.html
INFO: [ app_init ] --START--
INFO: Run Behavior\BuildLiteBehavior [ RunTime:0.000000s ]
INFO: [ app_init ] --END-- [ RunTime:0.000000s ]
INFO: [ app_begin ] --START--
INFO: Run Behavior\ReadHtmlCacheBehavior [ RunTime:0.000000s ]
INFO: [ app_begin ] --END-- [ RunTime:0.000000s ]
NOTIC: [2048] Declaration of Home\Model\MemberModel::add() should be compatible with Think\Model::add($data = '', $options = Array, $replace = false) D:\shop\www.shop.com\Application\Home\Model\MemberModel.class.php 第 15 行.
SQL: SHOW COLUMNS FROM `member` [ RunTime:0.0781s ]

[ 2015-11-17T17:11:19+08:00 ] 127.0.0.1 /index.php/Member/regist
INFO: [ app_init ] --START--
INFO: Run Behavior\BuildLiteBehavior [ RunTime:0.000000s ]
INFO: [ app_init ] --END-- [ RunTime:0.015625s ]
INFO: [ app_begin ] --START--
INFO: Run Behavior\ReadHtmlCacheBehavior [ RunTime:0.000000s ]
INFO: [ app_begin ] --END-- [ RunTime:0.000000s ]
INFO: [ view_parse ] --START--
INFO: [ template_filter ] --START--
INFO: Run Behavior\ContentReplaceBehavior [ RunTime:0.000000s ]
INFO: [ template_filter ] --END-- [ RunTime:0.000000s ]
INFO: Run Behavior\ParseTemplateBehavior [ RunTime:0.187500s ]
INFO: [ view_parse ] --END-- [ RunTime:0.187500s ]
INFO: [ view_filter ] --START--
INFO: Run Behavior\WriteHtmlCacheBehavior [ RunTime:0.015625s ]
INFO: [ view_filter ] --END-- [ RunTime:0.015625s ]
INFO: [ app_end ] --START--
INFO: Run Behavior\ShowPageTraceBehavior [ RunTime:0.015625s ]
INFO: [ app_end ] --END-- [ RunTime:0.015625s ]

[ 2015-11-17T17:11:22+08:00 ] 127.0.0.1 /index.php/Member/login
INFO: [ app_init ] --START--
INFO: Run Behavior\BuildLiteBehavior [ RunTime:0.000000s ]
INFO: [ app_init ] --END-- [ RunTime:0.000000s ]
INFO: [ app_begin ] --START--
INFO: Run Behavior\ReadHtmlCacheBehavior [ RunTime:0.000000s ]
INFO: [ app_begin ] --END-- [ RunTime:0.000000s ]
INFO: [ view_parse ] --START--
INFO: [ template_filter ] --START--
INFO: Run Behavior\ContentReplaceBehavior [ RunTime:0.000000s ]
INFO: [ template_filter ] --END-- [ RunTime:0.000000s ]
INFO: Run Behavior\ParseTemplateBehavior [ RunTime:0.046875s ]
INFO: [ view_parse ] --END-- [ RunTime:0.046875s ]
INFO: [ view_filter ] --START--
INFO: Run Behavior\WriteHtmlCacheBehavior [ RunTime:0.000000s ]
INFO: [ view_filter ] --END-- [ RunTime:0.000000s ]
INFO: [ app_end ] --START--
INFO: Run Behavior\ShowPageTraceBehavior [ RunTime:0.000000s ]
INFO: [ app_end ] --END-- [ RunTime:0.000000s ]

[ 2015-11-17T17:16:12+08:00 ] 127.0.0.1 /index.php/Member/regist
INFO: [ app_init ] --START--
INFO: Run Behavior\BuildLiteBehavior [ RunTime:0.000000s ]
INFO: [ app_init ] --END-- [ RunTime:0.015625s ]
INFO: [ app_begin ] --START--
INFO: Run Behavior\ReadHtmlCacheBehavior [ RunTime:0.000000s ]
INFO: [ app_begin ] --END-- [ RunTime:0.000000s ]
INFO: [ view_parse ] --START--
INFO: [ template_filter ] --START--
INFO: Run Behavior\ContentReplaceBehavior [ RunTime:0.000000s ]
INFO: [ template_filter ] --END-- [ RunTime:0.000000s ]
INFO: Run Behavior\ParseTemplateBehavior [ RunTime:0.031250s ]
INFO: [ view_parse ] --END-- [ RunTime:0.031250s ]
INFO: [ view_filter ] --START--
INFO: Run Behavior\WriteHtmlCacheBehavior [ RunTime:0.000000s ]
INFO: [ view_filter ] --END-- [ RunTime:0.000000s ]
INFO: [ app_end ] --START--
INFO: Run Behavior\ShowPageTraceBehavior [ RunTime:0.000000s ]
INFO: [ app_end ] --END-- [ RunTime:0.000000s ]

[ 2015-11-17T17:16:41+08:00 ] 127.0.0.1 /index.php/Member/check.html?username=suy
INFO: [ app_init ] --START--
INFO: Run Behavior\BuildLiteBehavior [ RunTime:0.000000s ]
INFO: [ app_init ] --END-- [ RunTime:0.000000s ]
INFO: [ app_begin ] --START--
INFO: Run Behavior\ReadHtmlCacheBehavior [ RunTime:0.000000s ]
INFO: [ app_begin ] --END-- [ RunTime:0.000000s ]
NOTIC: [2048] Declaration of Home\Model\MemberModel::add() should be compatible with Think\Model::add($data = '', $options = Array, $replace = false) D:\shop\www.shop.com\Application\Home\Model\MemberModel.class.php 第 16 行.
SQL: SHOW COLUMNS FROM `member` [ RunTime:0.0156s ]
SQL: SELECT * FROM `member` WHERE `username` = 'suy' LIMIT 1   [ RunTime:0.0000s ]

[ 2015-11-17T17:16:41+08:00 ] 127.0.0.1 /index.php/Member/check.html?username=suyu
INFO: [ app_init ] --START--
INFO: Run Behavior\BuildLiteBehavior [ RunTime:0.000000s ]
INFO: [ app_init ] --END-- [ RunTime:0.000000s ]
INFO: [ app_begin ] --START--
INFO: Run Behavior\ReadHtmlCacheBehavior [ RunTime:0.000000s ]
INFO: [ app_begin ] --END-- [ RunTime:0.000000s ]
NOTIC: [2048] Declaration of Home\Model\MemberModel::add() should be compatible with Think\Model::add($data = '', $options = Array, $replace = false) D:\shop\www.shop.com\Application\Home\Model\MemberModel.class.php 第 16 行.
SQL: SHOW COLUMNS FROM `member` [ RunTime:0.0156s ]
SQL: SELECT * FROM `member` WHERE `username` = 'suyu' LIMIT 1   [ RunTime:0.0000s ]

[ 2015-11-17T17:16:42+08:00 ] 127.0.0.1 /index.php/Member/check.html?username=suy
INFO: [ app_init ] --START--
INFO: Run Behavior\BuildLiteBehavior [ RunTime:0.000000s ]
INFO: [ app_init ] --END-- [ RunTime:0.000000s ]
INFO: [ app_begin ] --START--
INFO: Run Behavior\ReadHtmlCacheBehavior [ RunTime:0.000000s ]
INFO: [ app_begin ] --END-- [ RunTime:0.000000s ]
NOTIC: [2048] Declaration of Home\Model\MemberModel::add() should be compatible with Think\Model::add($data = '', $options = Array, $replace = false) D:\shop\www.shop.com\Application\Home\Model\MemberModel.class.php 第 16 行.
SQL: SHOW COLUMNS FROM `member` [ RunTime:0.0156s ]
SQL: SELECT * FROM `member` WHERE `username` = 'suy' LIMIT 1   [ RunTime:0.0000s ]

[ 2015-11-17T17:16:43+08:00 ] 127.0.0.1 /index.php/Member/check.html?username=suyi
INFO: [ app_init ] --START--
INFO: Run Behavior\BuildLiteBehavior [ RunTime:0.000000s ]
INFO: [ app_init ] --END-- [ RunTime:0.000000s ]
INFO: [ app_begin ] --START--
INFO: Run Behavior\ReadHtmlCacheBehavior [ RunTime:0.000000s ]
INFO: [ app_begin ] --END-- [ RunTime:0.015625s ]
NOTIC: [2048] Declaration of Home\Model\MemberModel::add() should be compatible with Think\Model::add($data = '', $options = Array, $replace = false) D:\shop\www.shop.com\Application\Home\Model\MemberModel.class.php 第 16 行.
SQL: SHOW COLUMNS FROM `member` [ RunTime:0.0156s ]
SQL: SELECT * FROM `member` WHERE `username` = 'suyi' LIMIT 1   [ RunTime:0.0000s ]

[ 2015-11-17T17:16:53+08:00 ] 127.0.0.1 /index.php/Member/regist
INFO: [ app_init ] --START--
INFO: Run Behavior\BuildLiteBehavior [ RunTime:0.000000s ]
INFO: [ app_init ] --END-- [ RunTime:0.000000s ]
INFO: [ app_begin ] --START--
INFO: Run Behavior\ReadHtmlCacheBehavior [ RunTime:0.015625s ]
INFO: [ app_begin ] --END-- [ RunTime:0.015625s ]
NOTIC: [2048] Declaration of Home\Model\MemberModel::add() should be compatible with Think\Model::add($data = '', $options = Array, $replace = false) D:\shop\www.shop.com\Application\Home\Model\MemberModel.class.php 第 16 行.
SQL: SHOW COLUMNS FROM `member` [ RunTime:0.0156s ]

[ 2015-11-17T17:17:29+08:00 ] 127.0.0.1 /index.php/Member/regist
INFO: [ app_init ] --START--
INFO: Run Behavior\BuildLiteBehavior [ RunTime:0.000000s ]
INFO: [ app_init ] --END-- [ RunTime:0.000000s ]
INFO: [ app_begin ] --START--
INFO: Run Behavior\ReadHtmlCacheBehavior [ RunTime:0.000000s ]
INFO: [ app_begin ] --END-- [ RunTime:0.000000s ]
NOTIC: [2048] Declaration of Home\Model\MemberModel::add() should be compatible with Think\Model::add($data = '', $options = Array, $replace = false) D:\shop\www.shop.com\Application\Home\Model\MemberModel.class.php 第 16 行.
SQL: SHOW COLUMNS FROM `member` [ RunTime:0.0156s ]
SQL: INSERT INTO `member` (`username`,`password`,`add_time`,`salt`,`status`,`mail_key`) VALUES ('suyi','34e8c929f751245850d951f84e2525c8','1447751849','GjcuvU','-1','b7ad864c65045e496f8192c482ad0997') [ RunTime:0.0156s ]
INFO: [ view_parse ] --START--
INFO: [ template_filter ] --START--
INFO: Run Behavior\ContentReplaceBehavior [ RunTime:0.000000s ]
INFO: [ template_filter ] --END-- [ RunTime:0.000000s ]
INFO: Run Behavior\ParseTemplateBehavior [ RunTime:0.031250s ]
INFO: [ view_parse ] --END-- [ RunTime:0.031250s ]
INFO: [ view_filter ] --START--
INFO: Run Behavior\WriteHtmlCacheBehavior [ RunTime:0.000000s ]
INFO: [ view_filter ] --END-- [ RunTime:0.000000s ]
INFO: [ app_end ] --START--
INFO: Run Behavior\ShowPageTraceBehavior [ RunTime:0.000000s ]
INFO: [ app_end ] --END-- [ RunTime:0.000000s ]

[ 2015-11-17T17:17:30+08:00 ] 127.0.0.1 /index.php/Member/login.html
INFO: [ app_init ] --START--
INFO: Run Behavior\BuildLiteBehavior [ RunTime:0.000000s ]
INFO: [ app_init ] --END-- [ RunTime:0.000000s ]
INFO: [ app_begin ] --START--
INFO: Run Behavior\ReadHtmlCacheBehavior [ RunTime:0.000000s ]
INFO: [ app_begin ] --END-- [ RunTime:0.000000s ]
INFO: [ view_parse ] --START--
INFO: [ template_filter ] --START--
INFO: Run Behavior\ContentReplaceBehavior [ RunTime:0.000000s ]
INFO: [ template_filter ] --END-- [ RunTime:0.015625s ]
INFO: Run Behavior\ParseTemplateBehavior [ RunTime:0.031250s ]
INFO: [ view_parse ] --END-- [ RunTime:0.031250s ]
INFO: [ view_filter ] --START--
INFO: Run Behavior\WriteHtmlCacheBehavior [ RunTime:0.000000s ]
INFO: [ view_filter ] --END-- [ RunTime:0.000000s ]
INFO: [ app_end ] --START--
INFO: Run Behavior\ShowPageTraceBehavior [ RunTime:0.000000s ]
INFO: [ app_end ] --END-- [ RunTime:0.000000s ]

[ 2015-11-17T17:18:11+08:00 ] 127.0.0.1 /index.php/Member/login.html
INFO: [ app_init ] --START--
INFO: Run Behavior\BuildLiteBehavior [ RunTime:0.000000s ]
INFO: [ app_init ] --END-- [ RunTime:0.000000s ]
INFO: [ app_begin ] --START--
INFO: Run Behavior\ReadHtmlCacheBehavior [ RunTime:0.000000s ]
INFO: [ app_begin ] --END-- [ RunTime:0.000000s ]
NOTIC: [2048] Declaration of Home\Model\MemberModel::add() should be compatible with Think\Model::add($data = '', $options = Array, $replace = false) D:\shop\www.shop.com\Application\Home\Model\MemberModel.class.php 第 16 行.
SQL: SHOW COLUMNS FROM `member` [ RunTime:0.0000s ]
SQL: SELECT * FROM `member` WHERE `username` = 'suyi' LIMIT 1   [ RunTime:0.0000s ]
ERR: Think\Controller:getError方法不存在！

[ 2015-11-17T17:18:22+08:00 ] 127.0.0.1 /index.php/Member/login.html
INFO: [ app_init ] --START--
INFO: Run Behavior\BuildLiteBehavior [ RunTime:0.000000s ]
INFO: [ app_init ] --END-- [ RunTime:0.000000s ]
INFO: [ app_begin ] --START--
INFO: Run Behavior\ReadHtmlCacheBehavior [ RunTime:0.000000s ]
INFO: [ app_begin ] --END-- [ RunTime:0.000000s ]
NOTIC: [2048] Declaration of Home\Model\MemberModel::add() should be compatible with Think\Model::add($data = '', $options = Array, $replace = false) D:\shop\www.shop.com\Application\Home\Model\MemberModel.class.php 第 16 行.
SQL: SHOW COLUMNS FROM `member` [ RunTime:0.0469s ]
SQL: SELECT * FROM `member` WHERE `username` = 'suyi' LIMIT 1   [ RunTime:0.0000s ]
ERR: Think\Controller:getErrors方法不存在！

[ 2015-11-17T17:19:22+08:00 ] 127.0.0.1 /index.php/Member/login.html
INFO: [ app_init ] --START--
INFO: Run Behavior\BuildLiteBehavior [ RunTime:0.000000s ]
INFO: [ app_init ] --END-- [ RunTime:0.000000s ]
INFO: [ app_begin ] --START--
INFO: Run Behavior\ReadHtmlCacheBehavior [ RunTime:0.000000s ]
INFO: [ app_begin ] --END-- [ RunTime:0.000000s ]
NOTIC: [2048] Declaration of Home\Model\MemberModel::add() should be compatible with Think\Model::add($data = '', $options = Array, $replace = false) D:\shop\www.shop.com\Application\Home\Model\MemberModel.class.php 第 16 行.
SQL: SHOW COLUMNS FROM `member` [ RunTime:0.0156s ]
SQL: SELECT * FROM `member` WHERE `username` = 'suyi' LIMIT 1   [ RunTime:0.0000s ]
INFO: [ view_parse ] --START--
INFO: [ template_filter ] --START--
INFO: Run Behavior\ContentReplaceBehavior [ RunTime:0.000000s ]
INFO: [ template_filter ] --END-- [ RunTime:0.000000s ]
INFO: Run Behavior\ParseTemplateBehavior [ RunTime:0.015625s ]
INFO: [ view_parse ] --END-- [ RunTime:0.015625s ]
INFO: [ view_filter ] --START--
INFO: Run Behavior\WriteHtmlCacheBehavior [ RunTime:0.015625s ]
INFO: [ view_filter ] --END-- [ RunTime:0.015625s ]

[ 2015-11-17T17:19:25+08:00 ] 127.0.0.1 /index.php/Member/login.html
INFO: [ app_init ] --START--
INFO: Run Behavior\BuildLiteBehavior [ RunTime:0.000000s ]
INFO: [ app_init ] --END-- [ RunTime:0.000000s ]
INFO: [ app_begin ] --START--
INFO: Run Behavior\ReadHtmlCacheBehavior [ RunTime:0.000000s ]
INFO: [ app_begin ] --END-- [ RunTime:0.000000s ]
INFO: [ view_parse ] --START--
INFO: [ template_filter ] --START--
INFO: Run Behavior\ContentReplaceBehavior [ RunTime:0.000000s ]
INFO: [ template_filter ] --END-- [ RunTime:0.000000s ]
INFO: Run Behavior\ParseTemplateBehavior [ RunTime:0.015625s ]
INFO: [ view_parse ] --END-- [ RunTime:0.015625s ]
INFO: [ view_filter ] --START--
INFO: Run Behavior\WriteHtmlCacheBehavior [ RunTime:0.000000s ]
INFO: [ view_filter ] --END-- [ RunTime:0.015625s ]
INFO: [ app_end ] --START--
INFO: Run Behavior\ShowPageTraceBehavior [ RunTime:0.000000s ]
INFO: [ app_end ] --END-- [ RunTime:0.000000s ]

[ 2015-11-17T17:24:00+08:00 ] 127.0.0.1 /index.php/Member/login.html
INFO: [ app_init ] --START--
INFO: Run Behavior\BuildLiteBehavior [ RunTime:0.000000s ]
INFO: [ app_init ] --END-- [ RunTime:0.000000s ]
INFO: [ app_begin ] --START--
INFO: Run Behavior\ReadHtmlCacheBehavior [ RunTime:0.000000s ]
INFO: [ app_begin ] --END-- [ RunTime:0.000000s ]
INFO: [ view_parse ] --START--
INFO: [ template_filter ] --START--
INFO: Run Behavior\ContentReplaceBehavior [ RunTime:0.000000s ]
INFO: [ template_filter ] --END-- [ RunTime:0.000000s ]
INFO: Run Behavior\ParseTemplateBehavior [ RunTime:0.031250s ]
INFO: [ view_parse ] --END-- [ RunTime:0.031250s ]
INFO: [ view_filter ] --START--
INFO: Run Behavior\WriteHtmlCacheBehavior [ RunTime:0.000000s ]
INFO: [ view_filter ] --END-- [ RunTime:0.000000s ]
INFO: [ app_end ] --START--
INFO: Run Behavior\ShowPageTraceBehavior [ RunTime:0.000000s ]
INFO: [ app_end ] --END-- [ RunTime:0.000000s ]

[ 2015-11-17T17:24:05+08:00 ] 127.0.0.1 /index.php/Member/login.html
INFO: [ app_init ] --START--
INFO: Run Behavior\BuildLiteBehavior [ RunTime:0.000000s ]
INFO: [ app_init ] --END-- [ RunTime:0.000000s ]
INFO: [ app_begin ] --START--
INFO: Run Behavior\ReadHtmlCacheBehavior [ RunTime:0.015625s ]
INFO: [ app_begin ] --END-- [ RunTime:0.015625s ]
NOTIC: [2048] Declaration of Home\Model\MemberModel::add() should be compatible with Think\Model::add($data = '', $options = Array, $replace = false) D:\shop\www.shop.com\Application\Home\Model\MemberModel.class.php 第 16 行.
SQL: SHOW COLUMNS FROM `member` [ RunTime:0.0000s ]
SQL: SELECT * FROM `member` WHERE `username` = 'suyi' LIMIT 1   [ RunTime:0.0000s ]
INFO: [ view_parse ] --START--
INFO: [ template_filter ] --START--
INFO: Run Behavior\ContentReplaceBehavior [ RunTime:0.000000s ]
INFO: [ template_filter ] --END-- [ RunTime:0.000000s ]
INFO: Run Behavior\ParseTemplateBehavior [ RunTime:0.015625s ]
INFO: [ view_parse ] --END-- [ RunTime:0.015625s ]
INFO: [ view_filter ] --START--
INFO: Run Behavior\WriteHtmlCacheBehavior [ RunTime:0.000000s ]
INFO: [ view_filter ] --END-- [ RunTime:0.000000s ]
INFO: [ app_end ] --START--
INFO: Run Behavior\ShowPageTraceBehavior [ RunTime:0.000000s ]
INFO: [ app_end ] --END-- [ RunTime:0.000000s ]

[ 2015-11-17T17:24:07+08:00 ] 127.0.0.1 /index.php/Index/index.html
INFO: [ app_init ] --START--
INFO: Run Behavior\BuildLiteBehavior [ RunTime:0.000000s ]
INFO: [ app_init ] --END-- [ RunTime:0.000000s ]
INFO: [ app_begin ] --START--
INFO: Run Behavior\ReadHtmlCacheBehavior [ RunTime:0.000000s ]
INFO: [ app_begin ] --END-- [ RunTime:0.000000s ]
SQL: SHOW COLUMNS FROM `goods_category` [ RunTime:0.0000s ]
SQL: SHOW COLUMNS FROM `article_category` [ RunTime:0.0156s ]
SQL: SHOW COLUMNS FROM `article` [ RunTime:0.0156s ]
SQL: SHOW COLUMNS FROM `goods` [ RunTime:0.0156s ]
SQL: SELECT `id`,`logo`,`name`,`shop_price` FROM `goods` WHERE `status` = 1 AND `is_on_sale` = 1 AND ( goods_status&1>0 ) ORDER BY sort LIMIT 5   [ RunTime:0.0156s ]
SQL: SELECT `id`,`logo`,`name`,`shop_price` FROM `goods` WHERE `status` = 1 AND `is_on_sale` = 1 AND ( goods_status&2>0 ) ORDER BY sort LIMIT 5   [ RunTime:0.0000s ]
SQL: SELECT `id`,`logo`,`name`,`shop_price` FROM `goods` WHERE `status` = 1 AND `is_on_sale` = 1 AND ( goods_status&4>0 ) ORDER BY sort LIMIT 5   [ RunTime:0.0000s ]
SQL: SELECT `id`,`logo`,`name`,`shop_price` FROM `goods` WHERE `status` = 1 AND `is_on_sale` = 1 AND ( goods_status&8>0 ) ORDER BY sort LIMIT 5   [ RunTime:0.0000s ]
SQL: SELECT `id`,`logo`,`name`,`shop_price` FROM `goods` WHERE `status` = 1 AND `is_on_sale` = 1 AND ( goods_status&16>0 ) ORDER BY sort LIMIT 5   [ RunTime:0.0156s ]
SQL: SELECT * FROM `article` WHERE `article_category_id` = 6 AND `status` = 1 ORDER BY inputtime  desc LIMIT 8   [ RunTime:0.0156s ]
INFO: [ view_parse ] --START--
INFO: [ template_filter ] --START--
INFO: Run Behavior\ContentReplaceBehavior [ RunTime:0.000000s ]
INFO: [ template_filter ] --END-- [ RunTime:0.000000s ]
INFO: Run Behavior\ParseTemplateBehavior [ RunTime:0.187500s ]
INFO: [ view_parse ] --END-- [ RunTime:0.187500s ]
INFO: [ view_filter ] --START--
INFO: Run Behavior\WriteHtmlCacheBehavior [ RunTime:0.000000s ]
INFO: [ view_filter ] --END-- [ RunTime:0.000000s ]
INFO: [ app_end ] --START--
INFO: Run Behavior\ShowPageTraceBehavior [ RunTime:0.000000s ]
INFO: [ app_end ] --END-- [ RunTime:0.000000s ]

[ 2015-11-17T17:24:20+08:00 ] 127.0.0.1 /index.php/Index/index
INFO: [ app_init ] --START--
INFO: Run Behavior\BuildLiteBehavior [ RunTime:0.000000s ]
INFO: [ app_init ] --END-- [ RunTime:0.000000s ]
INFO: [ app_begin ] --START--
INFO: Run Behavior\ReadHtmlCacheBehavior [ RunTime:0.000000s ]
INFO: [ app_begin ] --END-- [ RunTime:0.000000s ]
SQL: SHOW COLUMNS FROM `goods_category` [ RunTime:0.0000s ]
SQL: SHOW COLUMNS FROM `article_category` [ RunTime:0.0000s ]
SQL: SHOW COLUMNS FROM `article` [ RunTime:0.0000s ]
SQL: SHOW COLUMNS FROM `goods` [ RunTime:0.0000s ]
SQL: SELECT `id`,`logo`,`name`,`shop_price` FROM `goods` WHERE `status` = 1 AND `is_on_sale` = 1 AND ( goods_status&1>0 ) ORDER BY sort LIMIT 5   [ RunTime:0.0000s ]
SQL: SELECT `id`,`logo`,`name`,`shop_price` FROM `goods` WHERE `status` = 1 AND `is_on_sale` = 1 AND ( goods_status&2>0 ) ORDER BY sort LIMIT 5   [ RunTime:0.0000s ]
SQL: SELECT `id`,`logo`,`name`,`shop_price` FROM `goods` WHERE `status` = 1 AND `is_on_sale` = 1 AND ( goods_status&4>0 ) ORDER BY sort LIMIT 5   [ RunTime:0.0000s ]
SQL: SELECT `id`,`logo`,`name`,`shop_price` FROM `goods` WHERE `status` = 1 AND `is_on_sale` = 1 AND ( goods_status&8>0 ) ORDER BY sort LIMIT 5   [ RunTime:0.0000s ]
SQL: SELECT `id`,`logo`,`name`,`shop_price` FROM `goods` WHERE `status` = 1 AND `is_on_sale` = 1 AND ( goods_status&16>0 ) ORDER BY sort LIMIT 5   [ RunTime:0.0000s ]
SQL: SELECT * FROM `article` WHERE `article_category_id` = 6 AND `status` = 1 ORDER BY inputtime  desc LIMIT 8   [ RunTime:0.0000s ]
INFO: [ view_parse ] --START--
INFO: [ template_filter ] --START--
INFO: Run Behavior\ContentReplaceBehavior [ RunTime:0.000000s ]
INFO: [ template_filter ] --END-- [ RunTime:0.000000s ]
INFO: Run Behavior\ParseTemplateBehavior [ RunTime:0.140625s ]
INFO: [ view_parse ] --END-- [ RunTime:0.140625s ]
INFO: [ view_filter ] --START--
INFO: Run Behavior\WriteHtmlCacheBehavior [ RunTime:0.000000s ]
INFO: [ view_filter ] --END-- [ RunTime:0.000000s ]
INFO: [ app_end ] --START--
INFO: Run Behavior\ShowPageTraceBehavior [ RunTime:0.000000s ]
INFO: [ app_end ] --END-- [ RunTime:0.000000s ]

[ 2015-11-17T17:24:28+08:00 ] 127.0.0.1 /index.php/Index/goods
INFO: [ app_init ] --START--
INFO: Run Behavior\BuildLiteBehavior [ RunTime:0.000000s ]
INFO: [ app_init ] --END-- [ RunTime:0.000000s ]
INFO: [ app_begin ] --START--
INFO: Run Behavior\ReadHtmlCacheBehavior [ RunTime:0.000000s ]
INFO: [ app_begin ] --END-- [ RunTime:0.000000s ]
SQL: SHOW COLUMNS FROM `goods_category` [ RunTime:0.0156s ]
SQL: SHOW COLUMNS FROM `article_category` [ RunTime:0.0156s ]
SQL: SHOW COLUMNS FROM `article` [ RunTime:0.0156s ]
ERR: 参数错误或者未定义:id

[ 2015-11-17T17:24:33+08:00 ] 127.0.0.1 /index.php/Index/goods/id/17.html
INFO: [ app_init ] --START--
INFO: Run Behavior\BuildLiteBehavior [ RunTime:0.000000s ]
INFO: [ app_init ] --END-- [ RunTime:0.000000s ]
INFO: [ app_begin ] --START--
INFO: Run Behavior\ReadHtmlCacheBehavior [ RunTime:0.000000s ]
INFO: [ app_begin ] --END-- [ RunTime:0.000000s ]
SQL: SHOW COLUMNS FROM `goods_category` [ RunTime:0.0000s ]
SQL: SHOW COLUMNS FROM `article_category` [ RunTime:0.0156s ]
SQL: SHOW COLUMNS FROM `article` [ RunTime:0.0156s ]
SQL: SHOW COLUMNS FROM `goods` [ RunTime:0.0000s ]
SQL: SELECT * FROM `goods` WHERE `id` = 17  [ RunTime:0.0313s ]
SQL: select b.name from goods as g join brand as b on g.brand_id = b.id  where g.id = 17 [ RunTime:0.0000s ]
SQL: select gc.id,gc.name from goods_category as gc2 ,goods_category as gc where  gc.lft<=gc2.lft and gc.rght >= gc2.rght  and gc2.id =17 and gc.status=1  order by gc.lft [ RunTime:0.0156s ]
SQL: SHOW COLUMNS FROM `goods_gallery` [ RunTime:0.0000s ]
SQL: SELECT `path` FROM `goods_gallery` WHERE `goods_id` = 17  [ RunTime:0.0000s ]
INFO: [ view_parse ] --START--
INFO: [ template_filter ] --START--
INFO: Run Behavior\ContentReplaceBehavior [ RunTime:0.000000s ]
INFO: [ template_filter ] --END-- [ RunTime:0.000000s ]
NOTIC: [8] Undefined index: level D:\shop\www.shop.com\Runtime\Cache\Home\d43360ad4544b081ef4ceb8db9053cb7.php 第 140 行.
INFO: Run Behavior\ParseTemplateBehavior [ RunTime:0.109375s ]
INFO: [ view_parse ] --END-- [ RunTime:0.109375s ]
INFO: [ view_filter ] --START--
INFO: Run Behavior\WriteHtmlCacheBehavior [ RunTime:0.000000s ]
INFO: [ view_filter ] --END-- [ RunTime:0.000000s ]
INFO: [ app_end ] --START--
INFO: Run Behavior\ShowPageTraceBehavior [ RunTime:0.000000s ]
INFO: [ app_end ] --END-- [ RunTime:0.000000s ]

[ 2015-11-17T17:28:29+08:00 ] 127.0.0.1 /index.php/ShoppingCar/index
INFO: [ app_init ] --START--
INFO: Run Behavior\BuildLiteBehavior [ RunTime:0.000000s ]
INFO: [ app_init ] --END-- [ RunTime:0.000000s ]
INFO: [ app_begin ] --START--
INFO: Run Behavior\ReadHtmlCacheBehavior [ RunTime:0.000000s ]
INFO: [ app_begin ] --END-- [ RunTime:0.000000s ]
INFO: [ view_parse ] --START--
INFO: [ template_filter ] --START--
INFO: Run Behavior\ContentReplaceBehavior [ RunTime:0.000000s ]
INFO: [ template_filter ] --END-- [ RunTime:0.000000s ]
INFO: Run Behavior\ParseTemplateBehavior [ RunTime:0.015625s ]
INFO: [ view_parse ] --END-- [ RunTime:0.031250s ]
INFO: [ view_filter ] --START--
INFO: Run Behavior\WriteHtmlCacheBehavior [ RunTime:0.000000s ]
INFO: [ view_filter ] --END-- [ RunTime:0.000000s ]
INFO: [ app_end ] --START--
INFO: Run Behavior\ShowPageTraceBehavior [ RunTime:0.000000s ]
INFO: [ app_end ] --END-- [ RunTime:0.000000s ]

[ 2015-11-17T17:28:29+08:00 ] 127.0.0.1 /index.php/ShoppingCar/style/base.css
INFO: [ app_init ] --START--
INFO: Run Behavior\BuildLiteBehavior [ RunTime:0.000000s ]
INFO: [ app_init ] --END-- [ RunTime:0.015625s ]
INFO: [ app_begin ] --START--
INFO: Run Behavior\ReadHtmlCacheBehavior [ RunTime:0.000000s ]
INFO: [ app_begin ] --END-- [ RunTime:0.000000s ]
ERR: 非法操作:style

[ 2015-11-17T17:28:29+08:00 ] 127.0.0.1 /index.php/ShoppingCar/style/header.css
INFO: [ app_init ] --START--
INFO: Run Behavior\BuildLiteBehavior [ RunTime:0.000000s ]
INFO: [ app_init ] --END-- [ RunTime:0.000000s ]
INFO: [ app_begin ] --START--
INFO: Run Behavior\ReadHtmlCacheBehavior [ RunTime:0.000000s ]
INFO: [ app_begin ] --END-- [ RunTime:0.000000s ]
ERR: 非法操作:style

[ 2015-11-17T17:28:29+08:00 ] 127.0.0.1 /index.php/ShoppingCar/style/global.css
INFO: [ app_init ] --START--
INFO: Run Behavior\BuildLiteBehavior [ RunTime:0.000000s ]
INFO: [ app_init ] --END-- [ RunTime:0.000000s ]
INFO: [ app_begin ] --START--
INFO: Run Behavior\ReadHtmlCacheBehavior [ RunTime:0.000000s ]
INFO: [ app_begin ] --END-- [ RunTime:0.000000s ]
ERR: 非法操作:style

[ 2015-11-17T17:28:29+08:00 ] 127.0.0.1 /index.php/ShoppingCar/style/footer.css
INFO: [ app_init ] --START--
INFO: Run Behavior\BuildLiteBehavior [ RunTime:0.000000s ]
INFO: [ app_init ] --END-- [ RunTime:0.015625s ]
INFO: [ app_begin ] --START--
INFO: Run Behavior\ReadHtmlCacheBehavior [ RunTime:0.000000s ]
INFO: [ app_begin ] --END-- [ RunTime:0.000000s ]
ERR: 非法操作:style

[ 2015-11-17T17:28:29+08:00 ] 127.0.0.1 /index.php/ShoppingCar/style/cart.css
INFO: [ app_init ] --START--
INFO: Run Behavior\BuildLiteBehavior [ RunTime:0.000000s ]
INFO: [ app_init ] --END-- [ RunTime:0.015625s ]
INFO: [ app_begin ] --START--
INFO: Run Behavior\ReadHtmlCacheBehavior [ RunTime:0.015625s ]
INFO: [ app_begin ] --END-- [ RunTime:0.015625s ]
ERR: 非法操作:style

[ 2015-11-17T17:28:29+08:00 ] 127.0.0.1 /index.php/ShoppingCar/js/jquery-1.8.3.min.js
INFO: [ app_init ] --START--
INFO: Run Behavior\BuildLiteBehavior [ RunTime:0.000000s ]
INFO: [ app_init ] --END-- [ RunTime:0.000000s ]
INFO: [ app_begin ] --START--
INFO: Run Behavior\ReadHtmlCacheBehavior [ RunTime:0.000000s ]
INFO: [ app_begin ] --END-- [ RunTime:0.000000s ]
ERR: 非法操作:js

[ 2015-11-17T17:28:29+08:00 ] 127.0.0.1 /index.php/ShoppingCar/images/logo.png
INFO: [ app_init ] --START--
INFO: Run Behavior\BuildLiteBehavior [ RunTime:0.000000s ]
INFO: [ app_init ] --END-- [ RunTime:0.000000s ]

[ 2015-11-17T17:28:29+08:00 ] 127.0.0.1 /index.php/ShoppingCar/js/cart1.js
INFO: [ app_init ] --START--
INFO: Run Behavior\BuildLiteBehavior [ RunTime:0.000000s ]
INFO: [ app_init ] --END-- [ RunTime:0.000000s ]
INFO: [ app_begin ] --START--
INFO: Run Behavior\ReadHtmlCacheBehavior [ RunTime:0.000000s ]
INFO: [ app_begin ] --END-- [ RunTime:0.000000s ]
ERR: 非法操作:js

[ 2015-11-17T17:28:29+08:00 ] 127.0.0.1 /index.php/ShoppingCar/images/cart_goods1.jpg
INFO: [ app_init ] --START--
INFO: Run Behavior\BuildLiteBehavior [ RunTime:0.000000s ]
INFO: [ app_init ] --END-- [ RunTime:0.000000s ]

[ 2015-11-17T17:28:29+08:00 ] 127.0.0.1 /index.php/ShoppingCar/images/cart_goods2.jpg
INFO: [ app_init ] --START--
INFO: Run Behavior\BuildLiteBehavior [ RunTime:0.000000s ]
INFO: [ app_init ] --END-- [ RunTime:0.000000s ]

[ 2015-11-17T17:28:30+08:00 ] 127.0.0.1 /index.php/ShoppingCar/images/cart_goods3.jpg
INFO: [ app_init ] --START--
INFO: Run Behavior\BuildLiteBehavior [ RunTime:0.000000s ]
INFO: [ app_init ] --END-- [ RunTime:0.000000s ]

[ 2015-11-17T17:28:30+08:00 ] 127.0.0.1 /index.php/ShoppingCar/images/xin.png
INFO: [ app_init ] --START--
INFO: Run Behavior\BuildLiteBehavior [ RunTime:0.000000s ]
INFO: [ app_init ] --END-- [ RunTime:0.000000s ]

[ 2015-11-17T17:28:30+08:00 ] 127.0.0.1 /index.php/ShoppingCar/images/beian.gif
INFO: [ app_init ] --START--
INFO: Run Behavior\BuildLiteBehavior [ RunTime:0.000000s ]
INFO: [ app_init ] --END-- [ RunTime:0.015625s ]

[ 2015-11-17T17:28:30+08:00 ] 127.0.0.1 /index.php/ShoppingCar/images/police.jpg
INFO: [ app_init ] --START--
INFO: Run Behavior\BuildLiteBehavior [ RunTime:0.000000s ]
INFO: [ app_init ] --END-- [ RunTime:0.000000s ]

[ 2015-11-17T17:28:30+08:00 ] 127.0.0.1 /index.php/ShoppingCar/images/kexin.jpg
INFO: [ app_init ] --START--
INFO: Run Behavior\BuildLiteBehavior [ RunTime:0.000000s ]
INFO: [ app_init ] --END-- [ RunTime:0.015625s ]

[ 2015-11-17T17:30:15+08:00 ] 127.0.0.1 /index.php/ShoppingCar/index
INFO: [ app_init ] --START--
INFO: Run Behavior\BuildLiteBehavior [ RunTime:0.000000s ]
INFO: [ app_init ] --END-- [ RunTime:0.000000s ]
INFO: [ app_begin ] --START--
INFO: Run Behavior\ReadHtmlCacheBehavior [ RunTime:0.000000s ]
INFO: [ app_begin ] --END-- [ RunTime:0.000000s ]
INFO: [ view_parse ] --START--
INFO: [ template_filter ] --START--
INFO: Run Behavior\ContentReplaceBehavior [ RunTime:0.000000s ]
INFO: [ template_filter ] --END-- [ RunTime:0.000000s ]
INFO: Run Behavior\ParseTemplateBehavior [ RunTime:0.031250s ]
INFO: [ view_parse ] --END-- [ RunTime:0.031250s ]
INFO: [ view_filter ] --START--
INFO: Run Behavior\WriteHtmlCacheBehavior [ RunTime:0.000000s ]
INFO: [ view_filter ] --END-- [ RunTime:0.000000s ]
INFO: [ app_end ] --START--
INFO: Run Behavior\ShowPageTraceBehavior [ RunTime:0.000000s ]
INFO: [ app_end ] --END-- [ RunTime:0.000000s ]

[ 2015-11-17T17:47:37+08:00 ] 127.0.0.1 /index.php/Index/goods/id/17.html
INFO: [ app_init ] --START--
INFO: Run Behavior\BuildLiteBehavior [ RunTime:0.000000s ]
INFO: [ app_init ] --END-- [ RunTime:0.015625s ]
INFO: [ app_begin ] --START--
INFO: Run Behavior\ReadHtmlCacheBehavior [ RunTime:0.000000s ]
INFO: [ app_begin ] --END-- [ RunTime:0.000000s ]
SQL: SHOW COLUMNS FROM `goods_category` [ RunTime:0.0156s ]
SQL: SHOW COLUMNS FROM `article_category` [ RunTime:0.0156s ]
SQL: SHOW COLUMNS FROM `article` [ RunTime:0.0156s ]
SQL: SHOW COLUMNS FROM `goods` [ RunTime:0.0156s ]
SQL: SELECT * FROM `goods` WHERE `id` = 17  [ RunTime:0.0000s ]
SQL: select b.name from goods as g join brand as b on g.brand_id = b.id  where g.id = 17 [ RunTime:0.0000s ]
SQL: select gc.id,gc.name from goods_category as gc2 ,goods_category as gc where  gc.lft<=gc2.lft and gc.rght >= gc2.rght  and gc2.id =17 and gc.status=1  order by gc.lft [ RunTime:0.0000s ]
SQL: SHOW COLUMNS FROM `goods_gallery` [ RunTime:0.0156s ]
SQL: SELECT `path` FROM `goods_gallery` WHERE `goods_id` = 17  [ RunTime:0.0000s ]
INFO: [ view_parse ] --START--
INFO: [ template_filter ] --START--
INFO: Run Behavior\ContentReplaceBehavior [ RunTime:0.000000s ]
INFO: [ template_filter ] --END-- [ RunTime:0.000000s ]
NOTIC: [8] Undefined index: name D:\shop\www.shop.com\Runtime\Cache\Home\d43360ad4544b081ef4ceb8db9053cb7.php 第 26 行.
NOTIC: [8] Undefined index: level D:\shop\www.shop.com\Runtime\Cache\Home\d43360ad4544b081ef4ceb8db9053cb7.php 第 144 行.
INFO: Run Behavior\ParseTemplateBehavior [ RunTime:0.093750s ]
INFO: [ view_parse ] --END-- [ RunTime:0.093750s ]
INFO: [ view_filter ] --START--
INFO: Run Behavior\WriteHtmlCacheBehavior [ RunTime:0.000000s ]
INFO: [ view_filter ] --END-- [ RunTime:0.000000s ]
INFO: [ app_end ] --START--
INFO: Run Behavior\ShowPageTraceBehavior [ RunTime:0.000000s ]
INFO: [ app_end ] --END-- [ RunTime:0.000000s ]

[ 2015-11-17T18:57:47+08:00 ] 127.0.0.1 /index.php/ShoppingCar/index
INFO: [ app_init ] --START--
INFO: Run Behavior\BuildLiteBehavior [ RunTime:0.000000s ]
INFO: [ app_init ] --END-- [ RunTime:0.031250s ]
INFO: [ app_begin ] --START--
INFO: Run Behavior\ReadHtmlCacheBehavior [ RunTime:0.015625s ]
INFO: [ app_begin ] --END-- [ RunTime:0.015625s ]
NOTIC: [2] Invalid argument supplied for foreach() D:\shop\www.shop.com\Application\Home\Model\ShoppingCarModel.class.php 第 28 行.
INFO: [ view_parse ] --START--
INFO: [ template_filter ] --START--
INFO: Run Behavior\ContentReplaceBehavior [ RunTime:0.000000s ]
INFO: [ template_filter ] --END-- [ RunTime:0.015625s ]
INFO: Run Behavior\ParseTemplateBehavior [ RunTime:0.234375s ]
INFO: [ view_parse ] --END-- [ RunTime:0.234375s ]
INFO: [ view_filter ] --START--
INFO: Run Behavior\WriteHtmlCacheBehavior [ RunTime:0.031250s ]
INFO: [ view_filter ] --END-- [ RunTime:0.031250s ]
INFO: [ app_end ] --START--
INFO: Run Behavior\ShowPageTraceBehavior [ RunTime:0.046875s ]
INFO: [ app_end ] --END-- [ RunTime:0.046875s ]

[ 2015-11-17T19:02:31+08:00 ] 127.0.0.1 /index.php/Index/goods/id/17.html
INFO: [ app_init ] --START--
INFO: Run Behavior\BuildLiteBehavior [ RunTime:0.000000s ]
INFO: [ app_init ] --END-- [ RunTime:0.000000s ]
INFO: [ app_begin ] --START--
INFO: Run Behavior\ReadHtmlCacheBehavior [ RunTime:0.000000s ]
INFO: [ app_begin ] --END-- [ RunTime:0.000000s ]
SQL: SHOW COLUMNS FROM `goods_category` [ RunTime:0.0156s ]
SQL: SHOW COLUMNS FROM `article_category` [ RunTime:0.0469s ]
SQL: SHOW COLUMNS FROM `article` [ RunTime:0.0313s ]
SQL: SHOW COLUMNS FROM `goods` [ RunTime:0.0156s ]
SQL: SELECT * FROM `goods` WHERE `id` = 17  [ RunTime:0.0000s ]
SQL: select b.name from goods as g join brand as b on g.brand_id = b.id  where g.id = 17 [ RunTime:0.0469s ]
SQL: select gc.id,gc.name from goods_category as gc2 ,goods_category as gc where  gc.lft<=gc2.lft and gc.rght >= gc2.rght  and gc2.id =17 and gc.status=1  order by gc.lft [ RunTime:0.0156s ]
SQL: SHOW COLUMNS FROM `goods_gallery` [ RunTime:0.0156s ]
SQL: SELECT `path` FROM `goods_gallery` WHERE `goods_id` = 17  [ RunTime:0.0000s ]
INFO: [ view_parse ] --START--
INFO: [ template_filter ] --START--
INFO: Run Behavior\ContentReplaceBehavior [ RunTime:0.000000s ]
INFO: [ template_filter ] --END-- [ RunTime:0.000000s ]
NOTIC: [8] Undefined index: name D:\shop\www.shop.com\Runtime\Cache\Home\d43360ad4544b081ef4ceb8db9053cb7.php 第 26 行.
NOTIC: [8] Undefined index: level D:\shop\www.shop.com\Runtime\Cache\Home\d43360ad4544b081ef4ceb8db9053cb7.php 第 144 行.
INFO: Run Behavior\ParseTemplateBehavior [ RunTime:0.171875s ]
INFO: [ view_parse ] --END-- [ RunTime:0.171875s ]
INFO: [ view_filter ] --START--
INFO: Run Behavior\WriteHtmlCacheBehavior [ RunTime:0.015625s ]
INFO: [ view_filter ] --END-- [ RunTime:0.015625s ]
INFO: [ app_end ] --START--
INFO: Run Behavior\ShowPageTraceBehavior [ RunTime:0.000000s ]
INFO: [ app_end ] --END-- [ RunTime:0.000000s ]

[ 2015-11-17T19:02:40+08:00 ] 127.0.0.1 /index.php/ShoppingCar/add.html
INFO: [ app_init ] --START--
INFO: Run Behavior\BuildLiteBehavior [ RunTime:0.000000s ]
INFO: [ app_init ] --END-- [ RunTime:0.000000s ]
INFO: [ app_begin ] --START--
INFO: Run Behavior\ReadHtmlCacheBehavior [ RunTime:0.000000s ]
INFO: [ app_begin ] --END-- [ RunTime:0.000000s ]

[ 2015-11-17T19:02:55+08:00 ] 127.0.0.1 /index.php/ShoppingCar/add.html
INFO: [ app_init ] --START--
INFO: Run Behavior\BuildLiteBehavior [ RunTime:0.000000s ]
INFO: [ app_init ] --END-- [ RunTime:0.000000s ]
INFO: [ app_begin ] --START--
INFO: Run Behavior\ReadHtmlCacheBehavior [ RunTime:0.015625s ]
INFO: [ app_begin ] --END-- [ RunTime:0.015625s ]

[ 2015-11-17T19:03:03+08:00 ] 127.0.0.1 /index.php/ShoppingCar/add.html
INFO: [ app_init ] --START--
INFO: Run Behavior\BuildLiteBehavior [ RunTime:0.000000s ]
INFO: [ app_init ] --END-- [ RunTime:0.000000s ]
INFO: [ app_begin ] --START--
INFO: Run Behavior\ReadHtmlCacheBehavior [ RunTime:0.000000s ]
INFO: [ app_begin ] --END-- [ RunTime:0.000000s ]

[ 2015-11-17T19:04:34+08:00 ] 127.0.0.1 /index.php/ShoppingCar/add.html
INFO: [ app_init ] --START--
INFO: Run Behavior\BuildLiteBehavior [ RunTime:0.000000s ]
INFO: [ app_init ] --END-- [ RunTime:0.015625s ]
INFO: [ app_begin ] --START--
INFO: Run Behavior\ReadHtmlCacheBehavior [ RunTime:0.000000s ]
INFO: [ app_begin ] --END-- [ RunTime:0.000000s ]

[ 2015-11-17T19:04:35+08:00 ] 127.0.0.1 /index.php/ShoppingCar/add.html
INFO: [ app_init ] --START--
INFO: Run Behavior\BuildLiteBehavior [ RunTime:0.000000s ]
INFO: [ app_init ] --END-- [ RunTime:0.000000s ]
INFO: [ app_begin ] --START--
INFO: Run Behavior\ReadHtmlCacheBehavior [ RunTime:0.000000s ]
INFO: [ app_begin ] --END-- [ RunTime:0.000000s ]

[ 2015-11-17T19:04:39+08:00 ] 127.0.0.1 /index.php/Index/goods/id/17.html
INFO: [ app_init ] --START--
INFO: Run Behavior\BuildLiteBehavior [ RunTime:0.000000s ]
INFO: [ app_init ] --END-- [ RunTime:0.000000s ]
INFO: [ app_begin ] --START--
INFO: Run Behavior\ReadHtmlCacheBehavior [ RunTime:0.000000s ]
INFO: [ app_begin ] --END-- [ RunTime:0.000000s ]
SQL: SHOW COLUMNS FROM `goods_category` [ RunTime:0.0000s ]
SQL: SHOW COLUMNS FROM `article_category` [ RunTime:0.0156s ]
SQL: SHOW COLUMNS FROM `article` [ RunTime:0.0000s ]
SQL: SHOW COLUMNS FROM `goods` [ RunTime:0.0000s ]
SQL: SELECT * FROM `goods` WHERE `id` = 17  [ RunTime:0.0000s ]
SQL: select b.name from goods as g join brand as b on g.brand_id = b.id  where g.id = 17 [ RunTime:0.0000s ]
SQL: select gc.id,gc.name from goods_category as gc2 ,goods_category as gc where  gc.lft<=gc2.lft and gc.rght >= gc2.rght  and gc2.id =17 and gc.status=1  order by gc.lft [ RunTime:0.0000s ]
SQL: SHOW COLUMNS FROM `goods_gallery` [ RunTime:0.0156s ]
SQL: SELECT `path` FROM `goods_gallery` WHERE `goods_id` = 17  [ RunTime:0.0000s ]
INFO: [ view_parse ] --START--
INFO: [ template_filter ] --START--
INFO: Run Behavior\ContentReplaceBehavior [ RunTime:0.000000s ]
INFO: [ template_filter ] --END-- [ RunTime:0.000000s ]
NOTIC: [8] Undefined index: name D:\shop\www.shop.com\Runtime\Cache\Home\d43360ad4544b081ef4ceb8db9053cb7.php 第 26 行.
NOTIC: [8] Undefined index: level D:\shop\www.shop.com\Runtime\Cache\Home\d43360ad4544b081ef4ceb8db9053cb7.php 第 144 行.
NOTIC: [8] Undefined variable: goods_id D:\shop\www.shop.com\Runtime\Cache\Home\d43360ad4544b081ef4ceb8db9053cb7.php 第 389 行.
INFO: Run Behavior\ParseTemplateBehavior [ RunTime:0.062500s ]
INFO: [ view_parse ] --END-- [ RunTime:0.062500s ]
INFO: [ view_filter ] --START--
INFO: Run Behavior\WriteHtmlCacheBehavior [ RunTime:0.000000s ]
INFO: [ view_filter ] --END-- [ RunTime:0.000000s ]
INFO: [ app_end ] --START--
INFO: Run Behavior\ShowPageTraceBehavior [ RunTime:0.000000s ]
INFO: [ app_end ] --END-- [ RunTime:0.000000s ]

[ 2015-11-17T19:04:40+08:00 ] 127.0.0.1 /index.php/Index/goods/id/17.html
INFO: [ app_init ] --START--
INFO: Run Behavior\BuildLiteBehavior [ RunTime:0.000000s ]
INFO: [ app_init ] --END-- [ RunTime:0.000000s ]
INFO: [ app_begin ] --START--
INFO: Run Behavior\ReadHtmlCacheBehavior [ RunTime:0.000000s ]
INFO: [ app_begin ] --END-- [ RunTime:0.000000s ]
SQL: SHOW COLUMNS FROM `goods_category` [ RunTime:0.0156s ]
SQL: SHOW COLUMNS FROM `article_category` [ RunTime:0.0000s ]
SQL: SHOW COLUMNS FROM `article` [ RunTime:0.0000s ]
SQL: SHOW COLUMNS FROM `goods` [ RunTime:0.0000s ]
SQL: SELECT * FROM `goods` WHERE `id` = 17  [ RunTime:0.0000s ]
SQL: select b.name from goods as g join brand as b on g.brand_id = b.id  where g.id = 17 [ RunTime:0.0000s ]
SQL: select gc.id,gc.name from goods_category as gc2 ,goods_category as gc where  gc.lft<=gc2.lft and gc.rght >= gc2.rght  and gc2.id =17 and gc.status=1  order by gc.lft [ RunTime:0.0000s ]
SQL: SHOW COLUMNS FROM `goods_gallery` [ RunTime:0.0000s ]
SQL: SELECT `path` FROM `goods_gallery` WHERE `goods_id` = 17  [ RunTime:0.0000s ]
INFO: [ view_parse ] --START--
INFO: [ template_filter ] --START--
INFO: Run Behavior\ContentReplaceBehavior [ RunTime:0.000000s ]
INFO: [ template_filter ] --END-- [ RunTime:0.015625s ]
NOTIC: [8] Undefined index: name D:\shop\www.shop.com\Runtime\Cache\Home\d43360ad4544b081ef4ceb8db9053cb7.php 第 26 行.
NOTIC: [8] Undefined index: level D:\shop\www.shop.com\Runtime\Cache\Home\d43360ad4544b081ef4ceb8db9053cb7.php 第 144 行.
NOTIC: [8] Undefined variable: goods_id D:\shop\www.shop.com\Runtime\Cache\Home\d43360ad4544b081ef4ceb8db9053cb7.php 第 389 行.
INFO: Run Behavior\ParseTemplateBehavior [ RunTime:0.078125s ]
INFO: [ view_parse ] --END-- [ RunTime:0.078125s ]
INFO: [ view_filter ] --START--
INFO: Run Behavior\WriteHtmlCacheBehavior [ RunTime:0.000000s ]
INFO: [ view_filter ] --END-- [ RunTime:0.000000s ]
INFO: [ app_end ] --START--
INFO: Run Behavior\ShowPageTraceBehavior [ RunTime:0.000000s ]
INFO: [ app_end ] --END-- [ RunTime:0.000000s ]

[ 2015-11-17T19:04:41+08:00 ] 127.0.0.1 /index.php/Index/goods/id/17.html
INFO: [ app_init ] --START--
INFO: Run Behavior\BuildLiteBehavior [ RunTime:0.000000s ]
INFO: [ app_init ] --END-- [ RunTime:0.000000s ]
INFO: [ app_begin ] --START--
INFO: Run Behavior\ReadHtmlCacheBehavior [ RunTime:0.000000s ]
INFO: [ app_begin ] --END-- [ RunTime:0.000000s ]
SQL: SHOW COLUMNS FROM `goods_category` [ RunTime:0.0156s ]
SQL: SHOW COLUMNS FROM `article_category` [ RunTime:0.0156s ]
SQL: SHOW COLUMNS FROM `article` [ RunTime:0.0000s ]
SQL: SHOW COLUMNS FROM `goods` [ RunTime:0.0156s ]
SQL: SELECT * FROM `goods` WHERE `id` = 17  [ RunTime:0.0000s ]
SQL: select b.name from goods as g join brand as b on g.brand_id = b.id  where g.id = 17 [ RunTime:0.0000s ]
SQL: select gc.id,gc.name from goods_category as gc2 ,goods_category as gc where  gc.lft<=gc2.lft and gc.rght >= gc2.rght  and gc2.id =17 and gc.status=1  order by gc.lft [ RunTime:0.0000s ]
SQL: SHOW COLUMNS FROM `goods_gallery` [ RunTime:0.0156s ]
SQL: SELECT `path` FROM `goods_gallery` WHERE `goods_id` = 17  [ RunTime:0.0000s ]
INFO: [ view_parse ] --START--
INFO: [ template_filter ] --START--
INFO: Run Behavior\ContentReplaceBehavior [ RunTime:0.000000s ]
INFO: [ template_filter ] --END-- [ RunTime:0.000000s ]
NOTIC: [8] Undefined index: name D:\shop\www.shop.com\Runtime\Cache\Home\d43360ad4544b081ef4ceb8db9053cb7.php 第 26 行.
NOTIC: [8] Undefined index: level D:\shop\www.shop.com\Runtime\Cache\Home\d43360ad4544b081ef4ceb8db9053cb7.php 第 144 行.
NOTIC: [8] Undefined variable: goods_id D:\shop\www.shop.com\Runtime\Cache\Home\d43360ad4544b081ef4ceb8db9053cb7.php 第 389 行.
INFO: Run Behavior\ParseTemplateBehavior [ RunTime:0.062500s ]
INFO: [ view_parse ] --END-- [ RunTime:0.062500s ]
INFO: [ view_filter ] --START--
INFO: Run Behavior\WriteHtmlCacheBehavior [ RunTime:0.000000s ]
INFO: [ view_filter ] --END-- [ RunTime:0.000000s ]
INFO: [ app_end ] --START--
INFO: Run Behavior\ShowPageTraceBehavior [ RunTime:0.000000s ]
INFO: [ app_end ] --END-- [ RunTime:0.000000s ]

[ 2015-11-17T19:04:45+08:00 ] 127.0.0.1 /index.php/ShoppingCar/add.html
INFO: [ app_init ] --START--
INFO: Run Behavior\BuildLiteBehavior [ RunTime:0.000000s ]
INFO: [ app_init ] --END-- [ RunTime:0.015625s ]
INFO: [ app_begin ] --START--
INFO: Run Behavior\ReadHtmlCacheBehavior [ RunTime:0.000000s ]
INFO: [ app_begin ] --END-- [ RunTime:0.000000s ]

[ 2015-11-17T19:05:33+08:00 ] 127.0.0.1 /index.php/Index/goods/id/17.html
INFO: [ app_init ] --START--
INFO: Run Behavior\BuildLiteBehavior [ RunTime:0.000000s ]
INFO: [ app_init ] --END-- [ RunTime:0.000000s ]
INFO: [ app_begin ] --START--
INFO: Run Behavior\ReadHtmlCacheBehavior [ RunTime:0.000000s ]
INFO: [ app_begin ] --END-- [ RunTime:0.000000s ]
SQL: SHOW COLUMNS FROM `goods_category` [ RunTime:0.0000s ]
SQL: SHOW COLUMNS FROM `article_category` [ RunTime:0.0156s ]
SQL: SHOW COLUMNS FROM `article` [ RunTime:0.0000s ]
SQL: SHOW COLUMNS FROM `goods` [ RunTime:0.0156s ]
SQL: SELECT * FROM `goods` WHERE `id` = 17  [ RunTime:0.0000s ]
SQL: select b.name from goods as g join brand as b on g.brand_id = b.id  where g.id = 17 [ RunTime:0.0000s ]
SQL: select gc.id,gc.name from goods_category as gc2 ,goods_category as gc where  gc.lft<=gc2.lft and gc.rght >= gc2.rght  and gc2.id =17 and gc.status=1  order by gc.lft [ RunTime:0.0000s ]
SQL: SHOW COLUMNS FROM `goods_gallery` [ RunTime:0.0156s ]
SQL: SELECT `path` FROM `goods_gallery` WHERE `goods_id` = 17  [ RunTime:0.0000s ]
INFO: [ view_parse ] --START--
INFO: [ template_filter ] --START--
INFO: Run Behavior\ContentReplaceBehavior [ RunTime:0.000000s ]
INFO: [ template_filter ] --END-- [ RunTime:0.000000s ]
NOTIC: [8] Undefined index: name D:\shop\www.shop.com\Runtime\Cache\Home\d43360ad4544b081ef4ceb8db9053cb7.php 第 26 行.
NOTIC: [8] Undefined index: level D:\shop\www.shop.com\Runtime\Cache\Home\d43360ad4544b081ef4ceb8db9053cb7.php 第 144 行.
INFO: Run Behavior\ParseTemplateBehavior [ RunTime:0.062500s ]
INFO: [ view_parse ] --END-- [ RunTime:0.062500s ]
INFO: [ view_filter ] --START--
INFO: Run Behavior\WriteHtmlCacheBehavior [ RunTime:0.000000s ]
INFO: [ view_filter ] --END-- [ RunTime:0.000000s ]
INFO: [ app_end ] --START--
INFO: Run Behavior\ShowPageTraceBehavior [ RunTime:0.000000s ]
INFO: [ app_end ] --END-- [ RunTime:0.000000s ]

[ 2015-11-17T19:05:35+08:00 ] 127.0.0.1 /index.php/ShoppingCar/add.html
INFO: [ app_init ] --START--
INFO: Run Behavior\BuildLiteBehavior [ RunTime:0.000000s ]
INFO: [ app_init ] --END-- [ RunTime:0.000000s ]
INFO: [ app_begin ] --START--
INFO: Run Behavior\ReadHtmlCacheBehavior [ RunTime:0.000000s ]
INFO: [ app_begin ] --END-- [ RunTime:0.000000s ]

[ 2015-11-17T19:06:03+08:00 ] 127.0.0.1 /index.php/ShoppingCar/add.html
INFO: [ app_init ] --START--
INFO: Run Behavior\BuildLiteBehavior [ RunTime:0.000000s ]
INFO: [ app_init ] --END-- [ RunTime:0.000000s ]
INFO: [ app_begin ] --START--
INFO: Run Behavior\ReadHtmlCacheBehavior [ RunTime:0.000000s ]
INFO: [ app_begin ] --END-- [ RunTime:0.000000s ]

[ 2015-11-17T19:06:06+08:00 ] 127.0.0.1 /index.php/ShoppingCar/add.html
INFO: [ app_init ] --START--
INFO: Run Behavior\BuildLiteBehavior [ RunTime:0.000000s ]
INFO: [ app_init ] --END-- [ RunTime:0.000000s ]
INFO: [ app_begin ] --START--
INFO: Run Behavior\ReadHtmlCacheBehavior [ RunTime:0.000000s ]
INFO: [ app_begin ] --END-- [ RunTime:0.000000s ]

[ 2015-11-17T19:06:11+08:00 ] 127.0.0.1 /index.php/Index/goods/id/17.html
INFO: [ app_init ] --START--
INFO: Run Behavior\BuildLiteBehavior [ RunTime:0.000000s ]
INFO: [ app_init ] --END-- [ RunTime:0.000000s ]
INFO: [ app_begin ] --START--
INFO: Run Behavior\ReadHtmlCacheBehavior [ RunTime:0.000000s ]
INFO: [ app_begin ] --END-- [ RunTime:0.000000s ]
SQL: SHOW COLUMNS FROM `goods_category` [ RunTime:0.0000s ]
SQL: SHOW COLUMNS FROM `article_category` [ RunTime:0.0156s ]
SQL: SHOW COLUMNS FROM `article` [ RunTime:0.0000s ]
SQL: SHOW COLUMNS FROM `goods` [ RunTime:0.0000s ]
SQL: SELECT * FROM `goods` WHERE `id` = 17  [ RunTime:0.0000s ]
SQL: select b.name from goods as g join brand as b on g.brand_id = b.id  where g.id = 17 [ RunTime:0.0000s ]
SQL: select gc.id,gc.name from goods_category as gc2 ,goods_category as gc where  gc.lft<=gc2.lft and gc.rght >= gc2.rght  and gc2.id =17 and gc.status=1  order by gc.lft [ RunTime:0.0000s ]
SQL: SHOW COLUMNS FROM `goods_gallery` [ RunTime:0.0156s ]
SQL: SELECT `path` FROM `goods_gallery` WHERE `goods_id` = 17  [ RunTime:0.0000s ]
INFO: [ view_parse ] --START--
INFO: [ template_filter ] --START--
INFO: Run Behavior\ContentReplaceBehavior [ RunTime:0.000000s ]
INFO: [ template_filter ] --END-- [ RunTime:0.000000s ]
NOTIC: [8] Undefined index: name D:\shop\www.shop.com\Runtime\Cache\Home\d43360ad4544b081ef4ceb8db9053cb7.php 第 26 行.
NOTIC: [8] Undefined index: level D:\shop\www.shop.com\Runtime\Cache\Home\d43360ad4544b081ef4ceb8db9053cb7.php 第 144 行.
INFO: Run Behavior\ParseTemplateBehavior [ RunTime:0.062500s ]
INFO: [ view_parse ] --END-- [ RunTime:0.062500s ]
INFO: [ view_filter ] --START--
INFO: Run Behavior\WriteHtmlCacheBehavior [ RunTime:0.000000s ]
INFO: [ view_filter ] --END-- [ RunTime:0.000000s ]
INFO: [ app_end ] --START--
INFO: Run Behavior\ShowPageTraceBehavior [ RunTime:0.015625s ]
INFO: [ app_end ] --END-- [ RunTime:0.015625s ]

[ 2015-11-17T19:06:14+08:00 ] 127.0.0.1 /index.php/ShoppingCar/add.html
INFO: [ app_init ] --START--
INFO: Run Behavior\BuildLiteBehavior [ RunTime:0.000000s ]
INFO: [ app_init ] --END-- [ RunTime:0.000000s ]
INFO: [ app_begin ] --START--
INFO: Run Behavior\ReadHtmlCacheBehavior [ RunTime:0.000000s ]
INFO: [ app_begin ] --END-- [ RunTime:0.000000s ]

[ 2015-11-17T19:09:27+08:00 ] 127.0.0.1 /index.php/ShoppingCar/add.html
INFO: [ app_init ] --START--
INFO: Run Behavior\BuildLiteBehavior [ RunTime:0.000000s ]
INFO: [ app_init ] --END-- [ RunTime:0.000000s ]
INFO: [ app_begin ] --START--
INFO: Run Behavior\ReadHtmlCacheBehavior [ RunTime:0.000000s ]
INFO: [ app_begin ] --END-- [ RunTime:0.000000s ]
INFO: [ view_parse ] --START--
INFO: [ template_filter ] --START--
INFO: Run Behavior\ContentReplaceBehavior [ RunTime:0.000000s ]
INFO: [ template_filter ] --END-- [ RunTime:0.000000s ]
INFO: Run Behavior\ParseTemplateBehavior [ RunTime:0.046875s ]
INFO: [ view_parse ] --END-- [ RunTime:0.046875s ]
INFO: [ view_filter ] --START--
INFO: Run Behavior\WriteHtmlCacheBehavior [ RunTime:0.000000s ]
INFO: [ view_filter ] --END-- [ RunTime:0.000000s ]

[ 2015-11-17T19:09:31+08:00 ] 127.0.0.1 /index.php/Index/goods/id/17.html
INFO: [ app_init ] --START--
INFO: Run Behavior\BuildLiteBehavior [ RunTime:0.000000s ]
INFO: [ app_init ] --END-- [ RunTime:0.000000s ]
INFO: [ app_begin ] --START--
INFO: Run Behavior\ReadHtmlCacheBehavior [ RunTime:0.015625s ]
INFO: [ app_begin ] --END-- [ RunTime:0.015625s ]
SQL: SHOW COLUMNS FROM `goods_category` [ RunTime:0.0156s ]
SQL: SHOW COLUMNS FROM `article_category` [ RunTime:0.0156s ]
SQL: SHOW COLUMNS FROM `article` [ RunTime:0.0000s ]
SQL: SHOW COLUMNS FROM `goods` [ RunTime:0.0156s ]
SQL: SELECT * FROM `goods` WHERE `id` = 17  [ RunTime:0.0000s ]
SQL: select b.name from goods as g join brand as b on g.brand_id = b.id  where g.id = 17 [ RunTime:0.0000s ]
SQL: select gc.id,gc.name from goods_category as gc2 ,goods_category as gc where  gc.lft<=gc2.lft and gc.rght >= gc2.rght  and gc2.id =17 and gc.status=1  order by gc.lft [ RunTime:0.0000s ]
SQL: SHOW COLUMNS FROM `goods_gallery` [ RunTime:0.0156s ]
SQL: SELECT `path` FROM `goods_gallery` WHERE `goods_id` = 17  [ RunTime:0.0000s ]
INFO: [ view_parse ] --START--
INFO: [ template_filter ] --START--
INFO: Run Behavior\ContentReplaceBehavior [ RunTime:0.000000s ]
INFO: [ template_filter ] --END-- [ RunTime:0.000000s ]
NOTIC: [8] Undefined index: name D:\shop\www.shop.com\Runtime\Cache\Home\d43360ad4544b081ef4ceb8db9053cb7.php 第 26 行.
NOTIC: [8] Undefined index: level D:\shop\www.shop.com\Runtime\Cache\Home\d43360ad4544b081ef4ceb8db9053cb7.php 第 144 行.
INFO: Run Behavior\ParseTemplateBehavior [ RunTime:0.062500s ]
INFO: [ view_parse ] --END-- [ RunTime:0.062500s ]
INFO: [ view_filter ] --START--
INFO: Run Behavior\WriteHtmlCacheBehavior [ RunTime:0.000000s ]
INFO: [ view_filter ] --END-- [ RunTime:0.000000s ]
INFO: [ app_end ] --START--
INFO: Run Behavior\ShowPageTraceBehavior [ RunTime:0.015625s ]
INFO: [ app_end ] --END-- [ RunTime:0.015625s ]

[ 2015-11-17T19:09:32+08:00 ] 127.0.0.1 /index.php/Index/goods/id/17.html
INFO: [ app_init ] --START--
INFO: Run Behavior\BuildLiteBehavior [ RunTime:0.000000s ]
INFO: [ app_init ] --END-- [ RunTime:0.000000s ]
INFO: [ app_begin ] --START--
INFO: Run Behavior\ReadHtmlCacheBehavior [ RunTime:0.000000s ]
INFO: [ app_begin ] --END-- [ RunTime:0.000000s ]
SQL: SHOW COLUMNS FROM `goods_category` [ RunTime:0.0000s ]
SQL: SHOW COLUMNS FROM `article_category` [ RunTime:0.0156s ]
SQL: SHOW COLUMNS FROM `article` [ RunTime:0.0000s ]
SQL: SHOW COLUMNS FROM `goods` [ RunTime:0.0000s ]
SQL: SELECT * FROM `goods` WHERE `id` = 17  [ RunTime:0.0000s ]
SQL: select b.name from goods as g join brand as b on g.brand_id = b.id  where g.id = 17 [ RunTime:0.0000s ]
SQL: select gc.id,gc.name from goods_category as gc2 ,goods_category as gc where  gc.lft<=gc2.lft and gc.rght >= gc2.rght  and gc2.id =17 and gc.status=1  order by gc.lft [ RunTime:0.0000s ]
SQL: SHOW COLUMNS FROM `goods_gallery` [ RunTime:0.0000s ]
SQL: SELECT `path` FROM `goods_gallery` WHERE `goods_id` = 17  [ RunTime:0.0000s ]
INFO: [ view_parse ] --START--
INFO: [ template_filter ] --START--
INFO: Run Behavior\ContentReplaceBehavior [ RunTime:0.000000s ]
INFO: [ template_filter ] --END-- [ RunTime:0.000000s ]
NOTIC: [8] Undefined index: name D:\shop\www.shop.com\Runtime\Cache\Home\d43360ad4544b081ef4ceb8db9053cb7.php 第 26 行.
NOTIC: [8] Undefined index: level D:\shop\www.shop.com\Runtime\Cache\Home\d43360ad4544b081ef4ceb8db9053cb7.php 第 144 行.
INFO: Run Behavior\ParseTemplateBehavior [ RunTime:0.093750s ]
INFO: [ view_parse ] --END-- [ RunTime:0.093750s ]
INFO: [ view_filter ] --START--
INFO: Run Behavior\WriteHtmlCacheBehavior [ RunTime:0.000000s ]
INFO: [ view_filter ] --END-- [ RunTime:0.000000s ]
INFO: [ app_end ] --START--
INFO: Run Behavior\ShowPageTraceBehavior [ RunTime:0.000000s ]
INFO: [ app_end ] --END-- [ RunTime:0.000000s ]

[ 2015-11-17T19:09:35+08:00 ] 127.0.0.1 /index.php/ShoppingCar/add.html
INFO: [ app_init ] --START--
INFO: Run Behavior\BuildLiteBehavior [ RunTime:0.000000s ]
INFO: [ app_init ] --END-- [ RunTime:0.000000s ]
INFO: [ app_begin ] --START--
INFO: Run Behavior\ReadHtmlCacheBehavior [ RunTime:0.000000s ]
INFO: [ app_begin ] --END-- [ RunTime:0.015625s ]
INFO: [ view_parse ] --START--
INFO: [ template_filter ] --START--
INFO: Run Behavior\ContentReplaceBehavior [ RunTime:0.000000s ]
INFO: [ template_filter ] --END-- [ RunTime:0.000000s ]
INFO: Run Behavior\ParseTemplateBehavior [ RunTime:0.031250s ]
INFO: [ view_parse ] --END-- [ RunTime:0.031250s ]
INFO: [ view_filter ] --START--
INFO: Run Behavior\WriteHtmlCacheBehavior [ RunTime:0.000000s ]
INFO: [ view_filter ] --END-- [ RunTime:0.000000s ]

[ 2015-11-17T19:10:00+08:00 ] 127.0.0.1 /index.php/Index/goods/id/17.html
INFO: [ app_init ] --START--
INFO: Run Behavior\BuildLiteBehavior [ RunTime:0.000000s ]
INFO: [ app_init ] --END-- [ RunTime:0.000000s ]
INFO: [ app_begin ] --START--
INFO: Run Behavior\ReadHtmlCacheBehavior [ RunTime:0.000000s ]
INFO: [ app_begin ] --END-- [ RunTime:0.000000s ]
SQL: SHOW COLUMNS FROM `goods_category` [ RunTime:0.0000s ]
SQL: SHOW COLUMNS FROM `article_category` [ RunTime:0.0156s ]
SQL: SHOW COLUMNS FROM `article` [ RunTime:0.0000s ]
SQL: SHOW COLUMNS FROM `goods` [ RunTime:0.0000s ]
SQL: SELECT * FROM `goods` WHERE `id` = 17  [ RunTime:0.0000s ]
SQL: select b.name from goods as g join brand as b on g.brand_id = b.id  where g.id = 17 [ RunTime:0.0000s ]
SQL: select gc.id,gc.name from goods_category as gc2 ,goods_category as gc where  gc.lft<=gc2.lft and gc.rght >= gc2.rght  and gc2.id =17 and gc.status=1  order by gc.lft [ RunTime:0.0000s ]
SQL: SHOW COLUMNS FROM `goods_gallery` [ RunTime:0.0156s ]
SQL: SELECT `path` FROM `goods_gallery` WHERE `goods_id` = 17  [ RunTime:0.0000s ]
INFO: [ view_parse ] --START--
INFO: [ template_filter ] --START--
INFO: Run Behavior\ContentReplaceBehavior [ RunTime:0.000000s ]
INFO: [ template_filter ] --END-- [ RunTime:0.000000s ]
NOTIC: [8] Undefined index: name D:\shop\www.shop.com\Runtime\Cache\Home\d43360ad4544b081ef4ceb8db9053cb7.php 第 26 行.
NOTIC: [8] Undefined index: level D:\shop\www.shop.com\Runtime\Cache\Home\d43360ad4544b081ef4ceb8db9053cb7.php 第 144 行.
INFO: Run Behavior\ParseTemplateBehavior [ RunTime:0.062500s ]
INFO: [ view_parse ] --END-- [ RunTime:0.062500s ]
INFO: [ view_filter ] --START--
INFO: Run Behavior\WriteHtmlCacheBehavior [ RunTime:0.000000s ]
INFO: [ view_filter ] --END-- [ RunTime:0.000000s ]
INFO: [ app_end ] --START--
INFO: Run Behavior\ShowPageTraceBehavior [ RunTime:0.015625s ]
INFO: [ app_end ] --END-- [ RunTime:0.015625s ]

[ 2015-11-17T19:10:02+08:00 ] 127.0.0.1 /index.php/ShoppingCar/add.html
INFO: [ app_init ] --START--
INFO: Run Behavior\BuildLiteBehavior [ RunTime:0.000000s ]
INFO: [ app_init ] --END-- [ RunTime:0.015625s ]
INFO: [ app_begin ] --START--
INFO: Run Behavior\ReadHtmlCacheBehavior [ RunTime:0.000000s ]
INFO: [ app_begin ] --END-- [ RunTime:0.000000s ]

[ 2015-11-17T19:17:16+08:00 ] 127.0.0.1 /index.php/ShoppingCar/add.html
INFO: [ app_init ] --START--
INFO: Run Behavior\BuildLiteBehavior [ RunTime:0.000000s ]
INFO: [ app_init ] --END-- [ RunTime:0.015625s ]
INFO: [ app_begin ] --START--
INFO: Run Behavior\ReadHtmlCacheBehavior [ RunTime:0.000000s ]
INFO: [ app_begin ] --END-- [ RunTime:0.000000s ]

[ 2015-11-17T19:21:56+08:00 ] 127.0.0.1 /index.php/ShoppingCar/add.html
INFO: [ app_init ] --START--
INFO: Run Behavior\BuildLiteBehavior [ RunTime:0.000000s ]
INFO: [ app_init ] --END-- [ RunTime:0.015625s ]
INFO: [ app_begin ] --START--
INFO: Run Behavior\ReadHtmlCacheBehavior [ RunTime:0.000000s ]
INFO: [ app_begin ] --END-- [ RunTime:0.000000s ]

[ 2015-11-17T19:29:12+08:00 ] 127.0.0.1 /index.php/ShoppingCar/add.html
INFO: [ app_init ] --START--
INFO: Run Behavior\BuildLiteBehavior [ RunTime:0.000000s ]
INFO: [ app_init ] --END-- [ RunTime:0.015625s ]
INFO: [ app_begin ] --START--
INFO: Run Behavior\ReadHtmlCacheBehavior [ RunTime:0.000000s ]
INFO: [ app_begin ] --END-- [ RunTime:0.000000s ]
INFO: [ view_parse ] --START--
INFO: [ template_filter ] --START--
INFO: Run Behavior\ContentReplaceBehavior [ RunTime:0.000000s ]
INFO: [ template_filter ] --END-- [ RunTime:0.000000s ]
INFO: Run Behavior\ParseTemplateBehavior [ RunTime:0.031250s ]
INFO: [ view_parse ] --END-- [ RunTime:0.031250s ]
INFO: [ view_filter ] --START--
INFO: Run Behavior\WriteHtmlCacheBehavior [ RunTime:0.000000s ]
INFO: [ view_filter ] --END-- [ RunTime:0.000000s ]

[ 2015-11-17T19:29:19+08:00 ] 127.0.0.1 /index.php/Index/goods/id/20.html
INFO: [ app_init ] --START--
INFO: Run Behavior\BuildLiteBehavior [ RunTime:0.000000s ]
INFO: [ app_init ] --END-- [ RunTime:0.000000s ]
INFO: [ app_begin ] --START--
INFO: Run Behavior\ReadHtmlCacheBehavior [ RunTime:0.000000s ]
INFO: [ app_begin ] --END-- [ RunTime:0.000000s ]
SQL: SHOW COLUMNS FROM `goods_category` [ RunTime:0.0000s ]
SQL: SHOW COLUMNS FROM `article_category` [ RunTime:0.0156s ]
SQL: SHOW COLUMNS FROM `article` [ RunTime:0.0156s ]
SQL: SHOW COLUMNS FROM `goods` [ RunTime:0.0156s ]
SQL: SELECT * FROM `goods` WHERE `id` = 20  [ RunTime:0.0000s ]
SQL: select b.name from goods as g join brand as b on g.brand_id = b.id  where g.id = 20 [ RunTime:0.0000s ]
SQL: select gc.id,gc.name from goods_category as gc2 ,goods_category as gc where  gc.lft<=gc2.lft and gc.rght >= gc2.rght  and gc2.id =17 and gc.status=1  order by gc.lft [ RunTime:0.0000s ]
SQL: SHOW COLUMNS FROM `goods_gallery` [ RunTime:0.0000s ]
SQL: SELECT `path` FROM `goods_gallery` WHERE `goods_id` = 20  [ RunTime:0.0000s ]
INFO: [ view_parse ] --START--
INFO: [ template_filter ] --START--
INFO: Run Behavior\ContentReplaceBehavior [ RunTime:0.000000s ]
INFO: [ template_filter ] --END-- [ RunTime:0.000000s ]
NOTIC: [8] Undefined index: name D:\shop\www.shop.com\Runtime\Cache\Home\d43360ad4544b081ef4ceb8db9053cb7.php 第 26 行.
NOTIC: [8] Undefined index: level D:\shop\www.shop.com\Runtime\Cache\Home\d43360ad4544b081ef4ceb8db9053cb7.php 第 144 行.
INFO: Run Behavior\ParseTemplateBehavior [ RunTime:0.093750s ]
INFO: [ view_parse ] --END-- [ RunTime:0.093750s ]
INFO: [ view_filter ] --START--
INFO: Run Behavior\WriteHtmlCacheBehavior [ RunTime:0.000000s ]
INFO: [ view_filter ] --END-- [ RunTime:0.000000s ]
INFO: [ app_end ] --START--
INFO: Run Behavior\ShowPageTraceBehavior [ RunTime:0.015625s ]
INFO: [ app_end ] --END-- [ RunTime:0.015625s ]

[ 2015-11-17T19:29:23+08:00 ] 127.0.0.1 /index.php/ShoppingCar/add.html
INFO: [ app_init ] --START--
INFO: Run Behavior\BuildLiteBehavior [ RunTime:0.000000s ]
INFO: [ app_init ] --END-- [ RunTime:0.000000s ]
INFO: [ app_begin ] --START--
INFO: Run Behavior\ReadHtmlCacheBehavior [ RunTime:0.000000s ]
INFO: [ app_begin ] --END-- [ RunTime:0.000000s ]
INFO: [ view_parse ] --START--
INFO: [ template_filter ] --START--
INFO: Run Behavior\ContentReplaceBehavior [ RunTime:0.000000s ]
INFO: [ template_filter ] --END-- [ RunTime:0.000000s ]
INFO: Run Behavior\ParseTemplateBehavior [ RunTime:0.015625s ]
INFO: [ view_parse ] --END-- [ RunTime:0.015625s ]
INFO: [ view_filter ] --START--
INFO: Run Behavior\WriteHtmlCacheBehavior [ RunTime:0.015625s ]
INFO: [ view_filter ] --END-- [ RunTime:0.015625s ]

[ 2015-11-17T19:29:36+08:00 ] 127.0.0.1 /index.php/Index/goods/id/20.html
INFO: [ app_init ] --START--
INFO: Run Behavior\BuildLiteBehavior [ RunTime:0.000000s ]
INFO: [ app_init ] --END-- [ RunTime:0.000000s ]
INFO: [ app_begin ] --START--
INFO: Run Behavior\ReadHtmlCacheBehavior [ RunTime:0.000000s ]
INFO: [ app_begin ] --END-- [ RunTime:0.000000s ]
SQL: SHOW COLUMNS FROM `goods_category` [ RunTime:0.0156s ]
SQL: SHOW COLUMNS FROM `article_category` [ RunTime:0.0156s ]
SQL: SHOW COLUMNS FROM `article` [ RunTime:0.0156s ]
SQL: SHOW COLUMNS FROM `goods` [ RunTime:0.0000s ]
SQL: SELECT * FROM `goods` WHERE `id` = 20  [ RunTime:0.0000s ]
SQL: select b.name from goods as g join brand as b on g.brand_id = b.id  where g.id = 20 [ RunTime:0.0000s ]
SQL: select gc.id,gc.name from goods_category as gc2 ,goods_category as gc where  gc.lft<=gc2.lft and gc.rght >= gc2.rght  and gc2.id =17 and gc.status=1  order by gc.lft [ RunTime:0.0156s ]
SQL: SHOW COLUMNS FROM `goods_gallery` [ RunTime:0.0000s ]
SQL: SELECT `path` FROM `goods_gallery` WHERE `goods_id` = 20  [ RunTime:0.0000s ]
INFO: [ view_parse ] --START--
INFO: [ template_filter ] --START--
INFO: Run Behavior\ContentReplaceBehavior [ RunTime:0.000000s ]
INFO: [ template_filter ] --END-- [ RunTime:0.000000s ]
NOTIC: [8] Undefined index: name D:\shop\www.shop.com\Runtime\Cache\Home\d43360ad4544b081ef4ceb8db9053cb7.php 第 26 行.
NOTIC: [8] Undefined index: level D:\shop\www.shop.com\Runtime\Cache\Home\d43360ad4544b081ef4ceb8db9053cb7.php 第 144 行.
INFO: Run Behavior\ParseTemplateBehavior [ RunTime:0.062500s ]
INFO: [ view_parse ] --END-- [ RunTime:0.062500s ]
INFO: [ view_filter ] --START--
INFO: Run Behavior\WriteHtmlCacheBehavior [ RunTime:0.000000s ]
INFO: [ view_filter ] --END-- [ RunTime:0.000000s ]
INFO: [ app_end ] --START--
INFO: Run Behavior\ShowPageTraceBehavior [ RunTime:0.000000s ]
INFO: [ app_end ] --END-- [ RunTime:0.015625s ]

[ 2015-11-17T19:29:38+08:00 ] 127.0.0.1 /index.php/ShoppingCar/add.html
INFO: [ app_init ] --START--
INFO: Run Behavior\BuildLiteBehavior [ RunTime:0.000000s ]
INFO: [ app_init ] --END-- [ RunTime:0.000000s ]
INFO: [ app_begin ] --START--
INFO: Run Behavior\ReadHtmlCacheBehavior [ RunTime:0.000000s ]
INFO: [ app_begin ] --END-- [ RunTime:0.015625s ]

[ 2015-11-17T19:33:20+08:00 ] 127.0.0.1 /index.php/ShoppingCar/add.html
INFO: [ app_init ] --START--
INFO: Run Behavior\BuildLiteBehavior [ RunTime:0.000000s ]
INFO: [ app_init ] --END-- [ RunTime:0.000000s ]
INFO: [ app_begin ] --START--
INFO: Run Behavior\ReadHtmlCacheBehavior [ RunTime:0.000000s ]
INFO: [ app_begin ] --END-- [ RunTime:0.000000s ]
INFO: [ view_parse ] --START--
INFO: [ template_filter ] --START--
INFO: Run Behavior\ContentReplaceBehavior [ RunTime:0.000000s ]
INFO: [ template_filter ] --END-- [ RunTime:0.000000s ]
INFO: Run Behavior\ParseTemplateBehavior [ RunTime:0.031250s ]
INFO: [ view_parse ] --END-- [ RunTime:0.031250s ]
INFO: [ view_filter ] --START--
INFO: Run Behavior\WriteHtmlCacheBehavior [ RunTime:0.000000s ]
INFO: [ view_filter ] --END-- [ RunTime:0.000000s ]

[ 2015-11-17T19:33:25+08:00 ] 127.0.0.1 /index.php/Index/goods/id/20.html
INFO: [ app_init ] --START--
INFO: Run Behavior\BuildLiteBehavior [ RunTime:0.000000s ]
INFO: [ app_init ] --END-- [ RunTime:0.000000s ]
INFO: [ app_begin ] --START--
INFO: Run Behavior\ReadHtmlCacheBehavior [ RunTime:0.000000s ]
INFO: [ app_begin ] --END-- [ RunTime:0.000000s ]
SQL: SHOW COLUMNS FROM `goods_category` [ RunTime:0.0156s ]
SQL: SHOW COLUMNS FROM `article_category` [ RunTime:0.0000s ]
SQL: SHOW COLUMNS FROM `article` [ RunTime:0.0000s ]
SQL: SHOW COLUMNS FROM `goods` [ RunTime:0.0000s ]
SQL: SELECT * FROM `goods` WHERE `id` = 20  [ RunTime:0.0000s ]
SQL: select b.name from goods as g join brand as b on g.brand_id = b.id  where g.id = 20 [ RunTime:0.0000s ]
SQL: select gc.id,gc.name from goods_category as gc2 ,goods_category as gc where  gc.lft<=gc2.lft and gc.rght >= gc2.rght  and gc2.id =17 and gc.status=1  order by gc.lft [ RunTime:0.0000s ]
SQL: SHOW COLUMNS FROM `goods_gallery` [ RunTime:0.0000s ]
SQL: SELECT `path` FROM `goods_gallery` WHERE `goods_id` = 20  [ RunTime:0.0000s ]
INFO: [ view_parse ] --START--
INFO: [ template_filter ] --START--
INFO: Run Behavior\ContentReplaceBehavior [ RunTime:0.000000s ]
INFO: [ template_filter ] --END-- [ RunTime:0.015625s ]
NOTIC: [8] Undefined index: name D:\shop\www.shop.com\Runtime\Cache\Home\d43360ad4544b081ef4ceb8db9053cb7.php 第 26 行.
NOTIC: [8] Undefined index: level D:\shop\www.shop.com\Runtime\Cache\Home\d43360ad4544b081ef4ceb8db9053cb7.php 第 144 行.
INFO: Run Behavior\ParseTemplateBehavior [ RunTime:0.078125s ]
INFO: [ view_parse ] --END-- [ RunTime:0.078125s ]
INFO: [ view_filter ] --START--
INFO: Run Behavior\WriteHtmlCacheBehavior [ RunTime:0.000000s ]
INFO: [ view_filter ] --END-- [ RunTime:0.000000s ]
INFO: [ app_end ] --START--
INFO: Run Behavior\ShowPageTraceBehavior [ RunTime:0.000000s ]
INFO: [ app_end ] --END-- [ RunTime:0.000000s ]

[ 2015-11-17T19:33:52+08:00 ] 127.0.0.1 /index.php/Index/goods/id/20.html
INFO: [ app_init ] --START--
INFO: Run Behavior\BuildLiteBehavior [ RunTime:0.000000s ]
INFO: [ app_init ] --END-- [ RunTime:0.000000s ]
INFO: [ app_begin ] --START--
INFO: Run Behavior\ReadHtmlCacheBehavior [ RunTime:0.000000s ]
INFO: [ app_begin ] --END-- [ RunTime:0.000000s ]
SQL: SHOW COLUMNS FROM `goods_category` [ RunTime:0.0000s ]
SQL: SHOW COLUMNS FROM `article_category` [ RunTime:0.0156s ]
SQL: SHOW COLUMNS FROM `article` [ RunTime:0.0000s ]
SQL: SHOW COLUMNS FROM `goods` [ RunTime:0.0000s ]
SQL: SELECT * FROM `goods` WHERE `id` = 20  [ RunTime:0.0000s ]
SQL: select b.name from goods as g join brand as b on g.brand_id = b.id  where g.id = 20 [ RunTime:0.0000s ]
SQL: select gc.id,gc.name from goods_category as gc2 ,goods_category as gc where  gc.lft<=gc2.lft and gc.rght >= gc2.rght  and gc2.id =17 and gc.status=1  order by gc.lft [ RunTime:0.0000s ]
SQL: SHOW COLUMNS FROM `goods_gallery` [ RunTime:0.0156s ]
SQL: SELECT `path` FROM `goods_gallery` WHERE `goods_id` = 20  [ RunTime:0.0000s ]
INFO: [ view_parse ] --START--
INFO: [ template_filter ] --START--
INFO: Run Behavior\ContentReplaceBehavior [ RunTime:0.000000s ]
INFO: [ template_filter ] --END-- [ RunTime:0.000000s ]
NOTIC: [8] Undefined index: name D:\shop\www.shop.com\Runtime\Cache\Home\d43360ad4544b081ef4ceb8db9053cb7.php 第 26 行.
NOTIC: [8] Undefined index: level D:\shop\www.shop.com\Runtime\Cache\Home\d43360ad4544b081ef4ceb8db9053cb7.php 第 144 行.
INFO: Run Behavior\ParseTemplateBehavior [ RunTime:0.062500s ]
INFO: [ view_parse ] --END-- [ RunTime:0.062500s ]
INFO: [ view_filter ] --START--
INFO: Run Behavior\WriteHtmlCacheBehavior [ RunTime:0.000000s ]
INFO: [ view_filter ] --END-- [ RunTime:0.015625s ]
INFO: [ app_end ] --START--
INFO: Run Behavior\ShowPageTraceBehavior [ RunTime:0.000000s ]
INFO: [ app_end ] --END-- [ RunTime:0.000000s ]

[ 2015-11-17T19:33:55+08:00 ] 127.0.0.1 /index.php/ShoppingCar/add.html
INFO: [ app_init ] --START--
INFO: Run Behavior\BuildLiteBehavior [ RunTime:0.000000s ]
INFO: [ app_init ] --END-- [ RunTime:0.000000s ]
INFO: [ app_begin ] --START--
INFO: Run Behavior\ReadHtmlCacheBehavior [ RunTime:0.000000s ]
INFO: [ app_begin ] --END-- [ RunTime:0.000000s ]

[ 2015-11-17T19:35:01+08:00 ] 127.0.0.1 /index.php/ShoppingCar/add.html
INFO: [ app_init ] --START--
INFO: Run Behavior\BuildLiteBehavior [ RunTime:0.000000s ]
INFO: [ app_init ] --END-- [ RunTime:0.000000s ]
INFO: [ app_begin ] --START--
INFO: Run Behavior\ReadHtmlCacheBehavior [ RunTime:0.015625s ]
INFO: [ app_begin ] --END-- [ RunTime:0.015625s ]

[ 2015-11-17T21:47:28+08:00 ] 127.0.0.1 /index.php/Index/index
INFO: [ app_init ] --START--
INFO: Run Behavior\BuildLiteBehavior [ RunTime:0.000000s ]
INFO: [ app_init ] --END-- [ RunTime:0.078125s ]
INFO: [ app_begin ] --START--
INFO: Run Behavior\ReadHtmlCacheBehavior [ RunTime:0.000000s ]
INFO: [ app_begin ] --END-- [ RunTime:0.000000s ]
SQL: SHOW COLUMNS FROM `goods_category` [ RunTime:0.1719s ]
SQL: SHOW COLUMNS FROM `article_category` [ RunTime:0.0625s ]
SQL: SHOW COLUMNS FROM `article` [ RunTime:0.0781s ]
SQL: SHOW COLUMNS FROM `goods` [ RunTime:0.1094s ]
SQL: SELECT `id`,`logo`,`name`,`shop_price` FROM `goods` WHERE `status` = 1 AND `is_on_sale` = 1 AND ( goods_status&1>0 ) ORDER BY sort LIMIT 5   [ RunTime:0.0625s ]
SQL: SELECT `id`,`logo`,`name`,`shop_price` FROM `goods` WHERE `status` = 1 AND `is_on_sale` = 1 AND ( goods_status&2>0 ) ORDER BY sort LIMIT 5   [ RunTime:0.0000s ]
SQL: SELECT `id`,`logo`,`name`,`shop_price` FROM `goods` WHERE `status` = 1 AND `is_on_sale` = 1 AND ( goods_status&4>0 ) ORDER BY sort LIMIT 5   [ RunTime:0.0000s ]
SQL: SELECT `id`,`logo`,`name`,`shop_price` FROM `goods` WHERE `status` = 1 AND `is_on_sale` = 1 AND ( goods_status&8>0 ) ORDER BY sort LIMIT 5   [ RunTime:0.0000s ]
SQL: SELECT `id`,`logo`,`name`,`shop_price` FROM `goods` WHERE `status` = 1 AND `is_on_sale` = 1 AND ( goods_status&16>0 ) ORDER BY sort LIMIT 5   [ RunTime:0.0000s ]
SQL: SELECT * FROM `article` WHERE `article_category_id` = 6 AND `status` = 1 ORDER BY inputtime  desc LIMIT 8   [ RunTime:0.0156s ]
INFO: [ view_parse ] --START--
INFO: [ template_filter ] --START--
INFO: Run Behavior\ContentReplaceBehavior [ RunTime:0.000000s ]
INFO: [ template_filter ] --END-- [ RunTime:0.000000s ]
NOTIC: [8] Undefined index: USERINFO D:\shop\www.shop.com\Runtime\Cache\Home\579623afbd4ac7d311295e58b290c6c7.php 第 24 行.
INFO: Run Behavior\ParseTemplateBehavior [ RunTime:0.187500s ]
INFO: [ view_parse ] --END-- [ RunTime:0.187500s ]
INFO: [ view_filter ] --START--
INFO: Run Behavior\WriteHtmlCacheBehavior [ RunTime:0.015625s ]
INFO: [ view_filter ] --END-- [ RunTime:0.015625s ]
INFO: [ app_end ] --START--
INFO: Run Behavior\ShowPageTraceBehavior [ RunTime:0.062500s ]
INFO: [ app_end ] --END-- [ RunTime:0.062500s ]

[ 2015-11-17T21:47:49+08:00 ] 127.0.0.1 /index.php/Index/login.html
INFO: [ app_init ] --START--
INFO: Run Behavior\BuildLiteBehavior [ RunTime:0.000000s ]
INFO: [ app_init ] --END-- [ RunTime:0.000000s ]
INFO: [ app_begin ] --START--
INFO: Run Behavior\ReadHtmlCacheBehavior [ RunTime:0.000000s ]
INFO: [ app_begin ] --END-- [ RunTime:0.000000s ]
SQL: SHOW COLUMNS FROM `goods_category` [ RunTime:0.0000s ]
SQL: SHOW COLUMNS FROM `article_category` [ RunTime:0.0000s ]
SQL: SHOW COLUMNS FROM `article` [ RunTime:0.0156s ]
ERR: 非法操作:login

[ 2015-11-17T21:50:32+08:00 ] 127.0.0.1 /index.php/Index/index
INFO: [ app_init ] --START--
INFO: Run Behavior\BuildLiteBehavior [ RunTime:0.000000s ]
INFO: [ app_init ] --END-- [ RunTime:0.000000s ]
INFO: [ app_begin ] --START--
INFO: Run Behavior\ReadHtmlCacheBehavior [ RunTime:0.000000s ]
INFO: [ app_begin ] --END-- [ RunTime:0.000000s ]
SQL: SHOW COLUMNS FROM `goods_category` [ RunTime:0.0000s ]
SQL: SHOW COLUMNS FROM `article_category` [ RunTime:0.0156s ]
SQL: SHOW COLUMNS FROM `article` [ RunTime:0.0156s ]
SQL: SHOW COLUMNS FROM `goods` [ RunTime:0.0156s ]
SQL: SELECT `id`,`logo`,`name`,`shop_price` FROM `goods` WHERE `status` = 1 AND `is_on_sale` = 1 AND ( goods_status&1>0 ) ORDER BY sort LIMIT 5   [ RunTime:0.0000s ]
SQL: SELECT `id`,`logo`,`name`,`shop_price` FROM `goods` WHERE `status` = 1 AND `is_on_sale` = 1 AND ( goods_status&2>0 ) ORDER BY sort LIMIT 5   [ RunTime:0.0000s ]
SQL: SELECT `id`,`logo`,`name`,`shop_price` FROM `goods` WHERE `status` = 1 AND `is_on_sale` = 1 AND ( goods_status&4>0 ) ORDER BY sort LIMIT 5   [ RunTime:0.0000s ]
SQL: SELECT `id`,`logo`,`name`,`shop_price` FROM `goods` WHERE `status` = 1 AND `is_on_sale` = 1 AND ( goods_status&8>0 ) ORDER BY sort LIMIT 5   [ RunTime:0.0000s ]
SQL: SELECT `id`,`logo`,`name`,`shop_price` FROM `goods` WHERE `status` = 1 AND `is_on_sale` = 1 AND ( goods_status&16>0 ) ORDER BY sort LIMIT 5   [ RunTime:0.0156s ]
SQL: SELECT * FROM `article` WHERE `article_category_id` = 6 AND `status` = 1 ORDER BY inputtime  desc LIMIT 8   [ RunTime:0.0000s ]
INFO: [ view_parse ] --START--
INFO: [ template_filter ] --START--
INFO: Run Behavior\ContentReplaceBehavior [ RunTime:0.000000s ]
INFO: [ template_filter ] --END-- [ RunTime:0.000000s ]
NOTIC: [8] Undefined index: USERINFO D:\shop\www.shop.com\Runtime\Cache\Home\579623afbd4ac7d311295e58b290c6c7.php 第 24 行.
INFO: Run Behavior\ParseTemplateBehavior [ RunTime:0.187500s ]
INFO: [ view_parse ] --END-- [ RunTime:0.187500s ]
INFO: [ view_filter ] --START--
INFO: Run Behavior\WriteHtmlCacheBehavior [ RunTime:0.000000s ]
INFO: [ view_filter ] --END-- [ RunTime:0.000000s ]
INFO: [ app_end ] --START--
INFO: Run Behavior\ShowPageTraceBehavior [ RunTime:0.078125s ]
INFO: [ app_end ] --END-- [ RunTime:0.078125s ]

[ 2015-11-17T21:50:33+08:00 ] 127.0.0.1 /index.php/Index/index
INFO: [ app_init ] --START--
INFO: Run Behavior\BuildLiteBehavior [ RunTime:0.000000s ]
INFO: [ app_init ] --END-- [ RunTime:0.000000s ]
INFO: [ app_begin ] --START--
INFO: Run Behavior\ReadHtmlCacheBehavior [ RunTime:0.000000s ]
INFO: [ app_begin ] --END-- [ RunTime:0.000000s ]
SQL: SHOW COLUMNS FROM `goods_category` [ RunTime:0.0156s ]
SQL: SHOW COLUMNS FROM `article_category` [ RunTime:0.0000s ]
SQL: SHOW COLUMNS FROM `article` [ RunTime:0.0000s ]
SQL: SHOW COLUMNS FROM `goods` [ RunTime:0.0156s ]
SQL: SELECT `id`,`logo`,`name`,`shop_price` FROM `goods` WHERE `status` = 1 AND `is_on_sale` = 1 AND ( goods_status&1>0 ) ORDER BY sort LIMIT 5   [ RunTime:0.0000s ]
SQL: SELECT `id`,`logo`,`name`,`shop_price` FROM `goods` WHERE `status` = 1 AND `is_on_sale` = 1 AND ( goods_status&2>0 ) ORDER BY sort LIMIT 5   [ RunTime:0.0000s ]
SQL: SELECT `id`,`logo`,`name`,`shop_price` FROM `goods` WHERE `status` = 1 AND `is_on_sale` = 1 AND ( goods_status&4>0 ) ORDER BY sort LIMIT 5   [ RunTime:0.0000s ]
SQL: SELECT `id`,`logo`,`name`,`shop_price` FROM `goods` WHERE `status` = 1 AND `is_on_sale` = 1 AND ( goods_status&8>0 ) ORDER BY sort LIMIT 5   [ RunTime:0.0000s ]
SQL: SELECT `id`,`logo`,`name`,`shop_price` FROM `goods` WHERE `status` = 1 AND `is_on_sale` = 1 AND ( goods_status&16>0 ) ORDER BY sort LIMIT 5   [ RunTime:0.0156s ]
SQL: SELECT * FROM `article` WHERE `article_category_id` = 6 AND `status` = 1 ORDER BY inputtime  desc LIMIT 8   [ RunTime:0.0000s ]
INFO: [ view_parse ] --START--
INFO: [ template_filter ] --START--
INFO: Run Behavior\ContentReplaceBehavior [ RunTime:0.000000s ]
INFO: [ template_filter ] --END-- [ RunTime:0.000000s ]
NOTIC: [8] Undefined index: USERINFO D:\shop\www.shop.com\Runtime\Cache\Home\579623afbd4ac7d311295e58b290c6c7.php 第 24 行.
INFO: Run Behavior\ParseTemplateBehavior [ RunTime:0.109375s ]
INFO: [ view_parse ] --END-- [ RunTime:0.109375s ]
INFO: [ view_filter ] --START--
INFO: Run Behavior\WriteHtmlCacheBehavior [ RunTime:0.000000s ]
INFO: [ view_filter ] --END-- [ RunTime:0.015625s ]
INFO: [ app_end ] --START--
INFO: Run Behavior\ShowPageTraceBehavior [ RunTime:0.000000s ]
INFO: [ app_end ] --END-- [ RunTime:0.000000s ]

[ 2015-11-17T21:50:36+08:00 ] 127.0.0.1 /index.php/Member/login.html
INFO: [ app_init ] --START--
INFO: Run Behavior\BuildLiteBehavior [ RunTime:0.000000s ]
INFO: [ app_init ] --END-- [ RunTime:0.000000s ]
INFO: [ app_begin ] --START--
INFO: Run Behavior\ReadHtmlCacheBehavior [ RunTime:0.000000s ]
INFO: [ app_begin ] --END-- [ RunTime:0.000000s ]
INFO: [ view_parse ] --START--
INFO: [ template_filter ] --START--
INFO: Run Behavior\ContentReplaceBehavior [ RunTime:0.000000s ]
INFO: [ template_filter ] --END-- [ RunTime:0.000000s ]
INFO: Run Behavior\ParseTemplateBehavior [ RunTime:0.031250s ]
INFO: [ view_parse ] --END-- [ RunTime:0.031250s ]
INFO: [ view_filter ] --START--
INFO: Run Behavior\WriteHtmlCacheBehavior [ RunTime:0.000000s ]
INFO: [ view_filter ] --END-- [ RunTime:0.000000s ]
INFO: [ app_end ] --START--
INFO: Run Behavior\ShowPageTraceBehavior [ RunTime:0.000000s ]
INFO: [ app_end ] --END-- [ RunTime:0.000000s ]

[ 2015-11-17T21:50:43+08:00 ] 127.0.0.1 /index.php/Member/login.html
INFO: [ app_init ] --START--
INFO: Run Behavior\BuildLiteBehavior [ RunTime:0.000000s ]
INFO: [ app_init ] --END-- [ RunTime:0.000000s ]
INFO: [ app_begin ] --START--
INFO: Run Behavior\ReadHtmlCacheBehavior [ RunTime:0.000000s ]
INFO: [ app_begin ] --END-- [ RunTime:0.000000s ]
NOTIC: [2048] Declaration of Home\Model\MemberModel::add() should be compatible with Think\Model::add($data = '', $options = Array, $replace = false) D:\shop\www.shop.com\Application\Home\Model\MemberModel.class.php 第 16 行.
SQL: SHOW COLUMNS FROM `member` [ RunTime:0.2500s ]
SQL: SELECT * FROM `member` WHERE `username` = 'suyi' LIMIT 1   [ RunTime:0.0000s ]
INFO: [ view_parse ] --START--
INFO: [ template_filter ] --START--
INFO: Run Behavior\ContentReplaceBehavior [ RunTime:0.000000s ]
INFO: [ template_filter ] --END-- [ RunTime:0.000000s ]
INFO: Run Behavior\ParseTemplateBehavior [ RunTime:0.046875s ]
INFO: [ view_parse ] --END-- [ RunTime:0.046875s ]
INFO: [ view_filter ] --START--
INFO: Run Behavior\WriteHtmlCacheBehavior [ RunTime:0.000000s ]
INFO: [ view_filter ] --END-- [ RunTime:0.000000s ]
INFO: [ app_end ] --START--
INFO: Run Behavior\ShowPageTraceBehavior [ RunTime:0.000000s ]
INFO: [ app_end ] --END-- [ RunTime:0.000000s ]

[ 2015-11-17T21:50:44+08:00 ] 127.0.0.1 /index.php/Index/index.html
INFO: [ app_init ] --START--
INFO: Run Behavior\BuildLiteBehavior [ RunTime:0.000000s ]
INFO: [ app_init ] --END-- [ RunTime:0.000000s ]
INFO: [ app_begin ] --START--
INFO: Run Behavior\ReadHtmlCacheBehavior [ RunTime:0.000000s ]
INFO: [ app_begin ] --END-- [ RunTime:0.000000s ]
SQL: SHOW COLUMNS FROM `goods_category` [ RunTime:0.0000s ]
SQL: SHOW COLUMNS FROM `article_category` [ RunTime:0.0000s ]
SQL: SHOW COLUMNS FROM `article` [ RunTime:0.0000s ]
SQL: SHOW COLUMNS FROM `goods` [ RunTime:0.0000s ]
SQL: SELECT `id`,`logo`,`name`,`shop_price` FROM `goods` WHERE `status` = 1 AND `is_on_sale` = 1 AND ( goods_status&1>0 ) ORDER BY sort LIMIT 5   [ RunTime:0.0000s ]
SQL: SELECT `id`,`logo`,`name`,`shop_price` FROM `goods` WHERE `status` = 1 AND `is_on_sale` = 1 AND ( goods_status&2>0 ) ORDER BY sort LIMIT 5   [ RunTime:0.0000s ]
SQL: SELECT `id`,`logo`,`name`,`shop_price` FROM `goods` WHERE `status` = 1 AND `is_on_sale` = 1 AND ( goods_status&4>0 ) ORDER BY sort LIMIT 5   [ RunTime:0.0000s ]
SQL: SELECT `id`,`logo`,`name`,`shop_price` FROM `goods` WHERE `status` = 1 AND `is_on_sale` = 1 AND ( goods_status&8>0 ) ORDER BY sort LIMIT 5   [ RunTime:0.0000s ]
SQL: SELECT `id`,`logo`,`name`,`shop_price` FROM `goods` WHERE `status` = 1 AND `is_on_sale` = 1 AND ( goods_status&16>0 ) ORDER BY sort LIMIT 5   [ RunTime:0.0000s ]
SQL: SELECT * FROM `article` WHERE `article_category_id` = 6 AND `status` = 1 ORDER BY inputtime  desc LIMIT 8   [ RunTime:0.0000s ]
INFO: [ view_parse ] --START--
INFO: [ template_filter ] --START--
INFO: Run Behavior\ContentReplaceBehavior [ RunTime:0.000000s ]
INFO: [ template_filter ] --END-- [ RunTime:0.000000s ]
NOTIC: [8] Undefined index: name D:\shop\www.shop.com\Runtime\Cache\Home\579623afbd4ac7d311295e58b290c6c7.php 第 24 行.
INFO: Run Behavior\ParseTemplateBehavior [ RunTime:0.125000s ]
INFO: [ view_parse ] --END-- [ RunTime:0.125000s ]
INFO: [ view_filter ] --START--
INFO: Run Behavior\WriteHtmlCacheBehavior [ RunTime:0.000000s ]
INFO: [ view_filter ] --END-- [ RunTime:0.000000s ]
INFO: [ app_end ] --START--
INFO: Run Behavior\ShowPageTraceBehavior [ RunTime:0.078125s ]
INFO: [ app_end ] --END-- [ RunTime:0.078125s ]

[ 2015-11-17T21:50:48+08:00 ] 127.0.0.1 /index.php/Member/logout.html
INFO: [ app_init ] --START--
INFO: Run Behavior\BuildLiteBehavior [ RunTime:0.000000s ]
INFO: [ app_init ] --END-- [ RunTime:0.000000s ]
INFO: [ app_begin ] --START--
INFO: Run Behavior\ReadHtmlCacheBehavior [ RunTime:0.000000s ]
INFO: [ app_begin ] --END-- [ RunTime:0.000000s ]
INFO: [ view_parse ] --START--
INFO: [ template_filter ] --START--
INFO: Run Behavior\ContentReplaceBehavior [ RunTime:0.000000s ]
INFO: [ template_filter ] --END-- [ RunTime:0.000000s ]
INFO: Run Behavior\ParseTemplateBehavior [ RunTime:0.046875s ]
INFO: [ view_parse ] --END-- [ RunTime:0.046875s ]
INFO: [ view_filter ] --START--
INFO: Run Behavior\WriteHtmlCacheBehavior [ RunTime:0.000000s ]
INFO: [ view_filter ] --END-- [ RunTime:0.000000s ]
INFO: [ app_end ] --START--
INFO: Run Behavior\ShowPageTraceBehavior [ RunTime:0.000000s ]
INFO: [ app_end ] --END-- [ RunTime:0.000000s ]

[ 2015-11-17T21:50:50+08:00 ] 127.0.0.1 /index.php/Index/index.html
INFO: [ app_init ] --START--
INFO: Run Behavior\BuildLiteBehavior [ RunTime:0.000000s ]
INFO: [ app_init ] --END-- [ RunTime:0.000000s ]
INFO: [ app_begin ] --START--
INFO: Run Behavior\ReadHtmlCacheBehavior [ RunTime:0.000000s ]
INFO: [ app_begin ] --END-- [ RunTime:0.000000s ]
SQL: SHOW COLUMNS FROM `goods_category` [ RunTime:0.0000s ]
SQL: SHOW COLUMNS FROM `article_category` [ RunTime:0.0156s ]
SQL: SHOW COLUMNS FROM `article` [ RunTime:0.0000s ]
SQL: SHOW COLUMNS FROM `goods` [ RunTime:0.0156s ]
SQL: SELECT `id`,`logo`,`name`,`shop_price` FROM `goods` WHERE `status` = 1 AND `is_on_sale` = 1 AND ( goods_status&1>0 ) ORDER BY sort LIMIT 5   [ RunTime:0.0000s ]
SQL: SELECT `id`,`logo`,`name`,`shop_price` FROM `goods` WHERE `status` = 1 AND `is_on_sale` = 1 AND ( goods_status&2>0 ) ORDER BY sort LIMIT 5   [ RunTime:0.0000s ]
SQL: SELECT `id`,`logo`,`name`,`shop_price` FROM `goods` WHERE `status` = 1 AND `is_on_sale` = 1 AND ( goods_status&4>0 ) ORDER BY sort LIMIT 5   [ RunTime:0.0000s ]
SQL: SELECT `id`,`logo`,`name`,`shop_price` FROM `goods` WHERE `status` = 1 AND `is_on_sale` = 1 AND ( goods_status&8>0 ) ORDER BY sort LIMIT 5   [ RunTime:0.0000s ]
SQL: SELECT `id`,`logo`,`name`,`shop_price` FROM `goods` WHERE `status` = 1 AND `is_on_sale` = 1 AND ( goods_status&16>0 ) ORDER BY sort LIMIT 5   [ RunTime:0.0000s ]
SQL: SELECT * FROM `article` WHERE `article_category_id` = 6 AND `status` = 1 ORDER BY inputtime  desc LIMIT 8   [ RunTime:0.0000s ]
INFO: [ view_parse ] --START--
INFO: [ template_filter ] --START--
INFO: Run Behavior\ContentReplaceBehavior [ RunTime:0.000000s ]
INFO: [ template_filter ] --END-- [ RunTime:0.000000s ]
NOTIC: [8] Undefined index: USERINFO D:\shop\www.shop.com\Runtime\Cache\Home\579623afbd4ac7d311295e58b290c6c7.php 第 24 行.
INFO: Run Behavior\ParseTemplateBehavior [ RunTime:0.109375s ]
INFO: [ view_parse ] --END-- [ RunTime:0.109375s ]
INFO: [ view_filter ] --START--
INFO: Run Behavior\WriteHtmlCacheBehavior [ RunTime:0.000000s ]
INFO: [ view_filter ] --END-- [ RunTime:0.000000s ]
INFO: [ app_end ] --START--
INFO: Run Behavior\ShowPageTraceBehavior [ RunTime:0.031250s ]
INFO: [ app_end ] --END-- [ RunTime:0.031250s ]

[ 2015-11-17T21:50:53+08:00 ] 127.0.0.1 /index.php/Member/regist.html
INFO: [ app_init ] --START--
INFO: Run Behavior\BuildLiteBehavior [ RunTime:0.000000s ]
INFO: [ app_init ] --END-- [ RunTime:0.000000s ]
INFO: [ app_begin ] --START--
INFO: Run Behavior\ReadHtmlCacheBehavior [ RunTime:0.000000s ]
INFO: [ app_begin ] --END-- [ RunTime:0.000000s ]
INFO: [ view_parse ] --START--
INFO: [ template_filter ] --START--
INFO: Run Behavior\ContentReplaceBehavior [ RunTime:0.000000s ]
INFO: [ template_filter ] --END-- [ RunTime:0.000000s ]
INFO: Run Behavior\ParseTemplateBehavior [ RunTime:0.031250s ]
INFO: [ view_parse ] --END-- [ RunTime:0.031250s ]
INFO: [ view_filter ] --START--
INFO: Run Behavior\WriteHtmlCacheBehavior [ RunTime:0.000000s ]
INFO: [ view_filter ] --END-- [ RunTime:0.000000s ]
INFO: [ app_end ] --START--
INFO: Run Behavior\ShowPageTraceBehavior [ RunTime:0.062500s ]
INFO: [ app_end ] --END-- [ RunTime:0.062500s ]

