[ 2015-11-21T00:01:53+08:00 ] 127.0.0.1 /index.php/Address/index?receiver=%E5%BC%A0%E4%B8%89%E4%B8%B0&province_id=2&city_id=13&area_id=16&detail_address=%E6%AD%A6%E5%BD%93%E5%B1%B1%E9%A1%B6&tel=13555555555+&id=
INFO: [ app_init ] --START--
INFO: Run Behavior\BuildLiteBehavior [ RunTime:0.000000s ]
INFO: [ app_init ] --END-- [ RunTime:0.000000s ]
INFO: [ app_begin ] --START--
INFO: Run Behavior\ReadHtmlCacheBehavior [ RunTime:0.015625s ]
INFO: [ app_begin ] --END-- [ RunTime:0.015625s ]
INFO: [ action_begin ] --START--
INFO: Run \Home\Behavior\CheckUserBehavior [ RunTime:0.000000s ]
INFO: [ action_begin ] --END-- [ RunTime:0.000000s ]
SQL: SHOW COLUMNS FROM `region` [ RunTime:0.0156s ]
SQL: SELECT `id`,`name` FROM `region` WHERE `parent_id` = 0  [ RunTime:0.0000s ]
NOTIC: [2048] Declaration of Home\Model\AddressModel::add() should be compatible with Think\Model::add($data = '', $options = Array, $replace = false) D:\shop\www.shop.com\Application\Home\Model\AddressModel.class.php 第 54 行.
NOTIC: [2048] Declaration of Home\Model\AddressModel::save() should be compatible with Think\Model::save($data = '', $options = Array) D:\shop\www.shop.com\Application\Home\Model\AddressModel.class.php 第 54 行.
SQL: SHOW COLUMNS FROM `address` [ RunTime:0.0156s ]
SQL: SELECT a.id,a.receiver,a.detail_address,a.tel,a.is_default,province.name as province_name,city.name as city_name,area.name as area_name FROM address a INNER JOIN region as  province  on a.province_id = province.id INNER JOIN region as  city  on a.city_id = city.id INNER JOIN region as  area  on a.area_id = area.id  WHERE a.member_id = '1'  [ RunTime:0.0000s ]
INFO: [ view_parse ] --START--
INFO: [ template_filter ] --START--
INFO: Run Behavior\ContentReplaceBehavior [ RunTime:0.000000s ]
INFO: [ template_filter ] --END-- [ RunTime:0.000000s ]
NOTIC: [8] Undefined index: name D:\shop\www.shop.com\Runtime\Cache\Home\f168a09eb3c8a77e99f979d3a6a6aaf0.php 第 27 行.
INFO: Run Behavior\ParseTemplateBehavior [ RunTime:0.078125s ]
INFO: [ view_parse ] --END-- [ RunTime:0.078125s ]
INFO: [ view_filter ] --START--
INFO: Run Behavior\WriteHtmlCacheBehavior [ RunTime:0.000000s ]
INFO: [ view_filter ] --END-- [ RunTime:0.000000s ]
INFO: [ app_end ] --START--
INFO: Run Behavior\ShowPageTraceBehavior [ RunTime:0.015625s ]
INFO: [ app_end ] --END-- [ RunTime:0.015625s ]

[ 2015-11-21T00:01:54+08:00 ] 127.0.0.1 /index.php/Address/index?receiver=%E5%BC%A0%E4%B8%89%E4%B8%B0&province_id=2&city_id=13&area_id=16&detail_address=%E6%AD%A6%E5%BD%93%E5%B1%B1%E9%A1%B6&tel=13555555555+&id=
INFO: [ app_init ] --START--
INFO: Run Behavior\BuildLiteBehavior [ RunTime:0.000000s ]
INFO: [ app_init ] --END-- [ RunTime:0.000000s ]
INFO: [ app_begin ] --START--
INFO: Run Behavior\ReadHtmlCacheBehavior [ RunTime:0.015625s ]
INFO: [ app_begin ] --END-- [ RunTime:0.015625s ]
INFO: [ action_begin ] --START--
INFO: Run \Home\Behavior\CheckUserBehavior [ RunTime:0.000000s ]
INFO: [ action_begin ] --END-- [ RunTime:0.000000s ]
SQL: SHOW COLUMNS FROM `region` [ RunTime:0.0000s ]
SQL: SELECT `id`,`name` FROM `region` WHERE `parent_id` = 0  [ RunTime:0.0000s ]
NOTIC: [2048] Declaration of Home\Model\AddressModel::add() should be compatible with Think\Model::add($data = '', $options = Array, $replace = false) D:\shop\www.shop.com\Application\Home\Model\AddressModel.class.php 第 54 行.
NOTIC: [2048] Declaration of Home\Model\AddressModel::save() should be compatible with Think\Model::save($data = '', $options = Array) D:\shop\www.shop.com\Application\Home\Model\AddressModel.class.php 第 54 行.
SQL: SHOW COLUMNS FROM `address` [ RunTime:0.0156s ]
SQL: SELECT a.id,a.receiver,a.detail_address,a.tel,a.is_default,province.name as province_name,city.name as city_name,area.name as area_name FROM address a INNER JOIN region as  province  on a.province_id = province.id INNER JOIN region as  city  on a.city_id = city.id INNER JOIN region as  area  on a.area_id = area.id  WHERE a.member_id = '1'  [ RunTime:0.0000s ]
INFO: [ view_parse ] --START--
INFO: [ template_filter ] --START--
INFO: Run Behavior\ContentReplaceBehavior [ RunTime:0.000000s ]
INFO: [ template_filter ] --END-- [ RunTime:0.000000s ]
NOTIC: [8] Undefined index: name D:\shop\www.shop.com\Runtime\Cache\Home\f168a09eb3c8a77e99f979d3a6a6aaf0.php 第 27 行.
INFO: Run Behavior\ParseTemplateBehavior [ RunTime:0.046875s ]
INFO: [ view_parse ] --END-- [ RunTime:0.046875s ]
INFO: [ view_filter ] --START--
INFO: Run Behavior\WriteHtmlCacheBehavior [ RunTime:0.000000s ]
INFO: [ view_filter ] --END-- [ RunTime:0.000000s ]
INFO: [ app_end ] --START--
INFO: Run Behavior\ShowPageTraceBehavior [ RunTime:0.000000s ]
INFO: [ app_end ] --END-- [ RunTime:0.000000s ]

[ 2015-11-21T00:01:57+08:00 ] 127.0.0.1 /index.php/Address/edit/id/9.html
INFO: [ app_init ] --START--
INFO: Run Behavior\BuildLiteBehavior [ RunTime:0.000000s ]
INFO: [ app_init ] --END-- [ RunTime:0.015625s ]
INFO: [ app_begin ] --START--
INFO: Run Behavior\ReadHtmlCacheBehavior [ RunTime:0.000000s ]
INFO: [ app_begin ] --END-- [ RunTime:0.000000s ]
INFO: [ action_begin ] --START--
INFO: Run \Home\Behavior\CheckUserBehavior [ RunTime:0.015625s ]
INFO: [ action_begin ] --END-- [ RunTime:0.015625s ]
NOTIC: [2048] Declaration of Home\Model\AddressModel::add() should be compatible with Think\Model::add($data = '', $options = Array, $replace = false) D:\shop\www.shop.com\Application\Home\Model\AddressModel.class.php 第 15 行.
NOTIC: [2048] Declaration of Home\Model\AddressModel::save() should be compatible with Think\Model::save($data = '', $options = Array) D:\shop\www.shop.com\Application\Home\Model\AddressModel.class.php 第 15 行.
SQL: SHOW COLUMNS FROM `address` [ RunTime:0.0156s ]
SQL: SELECT * FROM `address` WHERE `id` = 9 LIMIT 1   [ RunTime:0.0000s ]

[ 2015-11-21T00:01:58+08:00 ] 127.0.0.1 /index.php/Region/getChildren.html?parent_id=13
INFO: [ app_init ] --START--
INFO: Run Behavior\BuildLiteBehavior [ RunTime:0.000000s ]
INFO: [ app_init ] --END-- [ RunTime:0.000000s ]
INFO: [ app_begin ] --START--
INFO: Run Behavior\ReadHtmlCacheBehavior [ RunTime:0.000000s ]
INFO: [ app_begin ] --END-- [ RunTime:0.000000s ]
INFO: [ action_begin ] --START--
INFO: Run \Home\Behavior\CheckUserBehavior [ RunTime:0.015625s ]
INFO: [ action_begin ] --END-- [ RunTime:0.015625s ]
SQL: SHOW COLUMNS FROM `region` [ RunTime:0.0156s ]
SQL: SELECT `id`,`name` FROM `region` WHERE `parent_id` = 13  [ RunTime:0.0000s ]

[ 2015-11-21T00:01:58+08:00 ] 127.0.0.1 /index.php/Region/getChildren.html?parent_id=2
INFO: [ app_init ] --START--
INFO: Run Behavior\BuildLiteBehavior [ RunTime:0.000000s ]
INFO: [ app_init ] --END-- [ RunTime:0.000000s ]
INFO: [ app_begin ] --START--
INFO: Run Behavior\ReadHtmlCacheBehavior [ RunTime:0.000000s ]
INFO: [ app_begin ] --END-- [ RunTime:0.000000s ]
INFO: [ action_begin ] --START--
INFO: Run \Home\Behavior\CheckUserBehavior [ RunTime:0.000000s ]
INFO: [ action_begin ] --END-- [ RunTime:0.000000s ]
SQL: SHOW COLUMNS FROM `region` [ RunTime:0.0000s ]
SQL: SELECT `id`,`name` FROM `region` WHERE `parent_id` = 2  [ RunTime:0.0000s ]

[ 2015-11-21T00:02:02+08:00 ] 127.0.0.1 /index.php/Address/edit/id/8.html
INFO: [ app_init ] --START--
INFO: Run Behavior\BuildLiteBehavior [ RunTime:0.000000s ]
INFO: [ app_init ] --END-- [ RunTime:0.000000s ]
INFO: [ app_begin ] --START--
INFO: Run Behavior\ReadHtmlCacheBehavior [ RunTime:0.000000s ]
INFO: [ app_begin ] --END-- [ RunTime:0.000000s ]
INFO: [ action_begin ] --START--
INFO: Run \Home\Behavior\CheckUserBehavior [ RunTime:0.000000s ]
INFO: [ action_begin ] --END-- [ RunTime:0.000000s ]
NOTIC: [2048] Declaration of Home\Model\AddressModel::add() should be compatible with Think\Model::add($data = '', $options = Array, $replace = false) D:\shop\www.shop.com\Application\Home\Model\AddressModel.class.php 第 15 行.
NOTIC: [2048] Declaration of Home\Model\AddressModel::save() should be compatible with Think\Model::save($data = '', $options = Array) D:\shop\www.shop.com\Application\Home\Model\AddressModel.class.php 第 15 行.
SQL: SHOW COLUMNS FROM `address` [ RunTime:0.0156s ]
SQL: SELECT * FROM `address` WHERE `id` = 8 LIMIT 1   [ RunTime:0.0000s ]

[ 2015-11-21T00:02:02+08:00 ] 127.0.0.1 /index.php/Region/getChildren.html?parent_id=1
INFO: [ app_init ] --START--
INFO: Run Behavior\BuildLiteBehavior [ RunTime:0.000000s ]
INFO: [ app_init ] --END-- [ RunTime:0.000000s ]
INFO: [ app_begin ] --START--
INFO: Run Behavior\ReadHtmlCacheBehavior [ RunTime:0.000000s ]
INFO: [ app_begin ] --END-- [ RunTime:0.000000s ]
INFO: [ action_begin ] --START--
INFO: Run \Home\Behavior\CheckUserBehavior [ RunTime:0.015625s ]
INFO: [ action_begin ] --END-- [ RunTime:0.015625s ]
SQL: SHOW COLUMNS FROM `region` [ RunTime:0.0000s ]
SQL: SELECT `id`,`name` FROM `region` WHERE `parent_id` = 1  [ RunTime:0.0000s ]

[ 2015-11-21T00:02:02+08:00 ] 127.0.0.1 /index.php/Region/getChildren.html?parent_id=3
INFO: [ app_init ] --START--
INFO: Run Behavior\BuildLiteBehavior [ RunTime:0.000000s ]
INFO: [ app_init ] --END-- [ RunTime:0.000000s ]
INFO: [ app_begin ] --START--
INFO: Run Behavior\ReadHtmlCacheBehavior [ RunTime:0.000000s ]
INFO: [ app_begin ] --END-- [ RunTime:0.000000s ]
INFO: [ action_begin ] --START--
INFO: Run \Home\Behavior\CheckUserBehavior [ RunTime:0.000000s ]
INFO: [ action_begin ] --END-- [ RunTime:0.000000s ]
SQL: SHOW COLUMNS FROM `region` [ RunTime:0.0000s ]
SQL: SELECT `id`,`name` FROM `region` WHERE `parent_id` = 3  [ RunTime:0.0000s ]

[ 2015-11-21T00:02:10+08:00 ] 127.0.0.1 /index.php/Address/index?receiver=%E5%BC%A0%E4%B8%89%E4%B8%B0&province_id=2&city_id=13&area_id=16&detail_address=%E6%AD%A6%E5%BD%93%E5%B1%B1%E9%A1%B6&tel=13555555555+&id=
INFO: [ app_init ] --START--
INFO: Run Behavior\BuildLiteBehavior [ RunTime:0.000000s ]
INFO: [ app_init ] --END-- [ RunTime:0.000000s ]
INFO: [ app_begin ] --START--
INFO: Run Behavior\ReadHtmlCacheBehavior [ RunTime:0.000000s ]
INFO: [ app_begin ] --END-- [ RunTime:0.000000s ]
INFO: [ action_begin ] --START--
INFO: Run \Home\Behavior\CheckUserBehavior [ RunTime:0.000000s ]
INFO: [ action_begin ] --END-- [ RunTime:0.000000s ]
SQL: SHOW COLUMNS FROM `region` [ RunTime:0.0000s ]
SQL: SELECT `id`,`name` FROM `region` WHERE `parent_id` = 0  [ RunTime:0.0000s ]
NOTIC: [2048] Declaration of Home\Model\AddressModel::add() should be compatible with Think\Model::add($data = '', $options = Array, $replace = false) D:\shop\www.shop.com\Application\Home\Model\AddressModel.class.php 第 54 行.
NOTIC: [2048] Declaration of Home\Model\AddressModel::save() should be compatible with Think\Model::save($data = '', $options = Array) D:\shop\www.shop.com\Application\Home\Model\AddressModel.class.php 第 54 行.
SQL: SHOW COLUMNS FROM `address` [ RunTime:0.0000s ]
SQL: SELECT a.id,a.receiver,a.detail_address,a.tel,a.is_default,province.name as province_name,city.name as city_name,area.name as area_name FROM address a INNER JOIN region as  province  on a.province_id = province.id INNER JOIN region as  city  on a.city_id = city.id INNER JOIN region as  area  on a.area_id = area.id  WHERE a.member_id = '1'  [ RunTime:0.0000s ]
INFO: [ view_parse ] --START--
INFO: [ template_filter ] --START--
INFO: Run Behavior\ContentReplaceBehavior [ RunTime:0.000000s ]
INFO: [ template_filter ] --END-- [ RunTime:0.000000s ]
NOTIC: [8] Undefined index: name D:\shop\www.shop.com\Runtime\Cache\Home\f168a09eb3c8a77e99f979d3a6a6aaf0.php 第 27 行.
INFO: Run Behavior\ParseTemplateBehavior [ RunTime:0.046875s ]
INFO: [ view_parse ] --END-- [ RunTime:0.046875s ]
INFO: [ view_filter ] --START--
INFO: Run Behavior\WriteHtmlCacheBehavior [ RunTime:0.000000s ]
INFO: [ view_filter ] --END-- [ RunTime:0.000000s ]
INFO: [ app_end ] --START--
INFO: Run Behavior\ShowPageTraceBehavior [ RunTime:0.015625s ]
INFO: [ app_end ] --END-- [ RunTime:0.015625s ]

[ 2015-11-21T00:02:15+08:00 ] 127.0.0.1 /index.php/Region/getChildren.html?parent_id=1
INFO: [ app_init ] --START--
INFO: Run Behavior\BuildLiteBehavior [ RunTime:0.000000s ]
INFO: [ app_init ] --END-- [ RunTime:0.015625s ]
INFO: [ app_begin ] --START--
INFO: Run Behavior\ReadHtmlCacheBehavior [ RunTime:0.000000s ]
INFO: [ app_begin ] --END-- [ RunTime:0.000000s ]
INFO: [ action_begin ] --START--
INFO: Run \Home\Behavior\CheckUserBehavior [ RunTime:0.000000s ]
INFO: [ action_begin ] --END-- [ RunTime:0.000000s ]
SQL: SHOW COLUMNS FROM `region` [ RunTime:0.0000s ]
SQL: SELECT `id`,`name` FROM `region` WHERE `parent_id` = 1  [ RunTime:0.0000s ]

[ 2015-11-21T00:02:16+08:00 ] 127.0.0.1 /index.php/Region/getChildren.html?parent_id=3
INFO: [ app_init ] --START--
INFO: Run Behavior\BuildLiteBehavior [ RunTime:0.000000s ]
INFO: [ app_init ] --END-- [ RunTime:0.000000s ]
INFO: [ app_begin ] --START--
INFO: Run Behavior\ReadHtmlCacheBehavior [ RunTime:0.000000s ]
INFO: [ app_begin ] --END-- [ RunTime:0.000000s ]
INFO: [ action_begin ] --START--
INFO: Run \Home\Behavior\CheckUserBehavior [ RunTime:0.000000s ]
INFO: [ action_begin ] --END-- [ RunTime:0.000000s ]
SQL: SHOW COLUMNS FROM `region` [ RunTime:0.0156s ]
SQL: SELECT `id`,`name` FROM `region` WHERE `parent_id` = 3  [ RunTime:0.0000s ]

[ 2015-11-21T00:02:21+08:00 ] 127.0.0.1 /index.php/Address/add.html
INFO: [ app_init ] --START--
INFO: Run Behavior\BuildLiteBehavior [ RunTime:0.000000s ]
INFO: [ app_init ] --END-- [ RunTime:0.015625s ]
INFO: [ app_begin ] --START--
INFO: Run Behavior\ReadHtmlCacheBehavior [ RunTime:0.000000s ]
INFO: [ app_begin ] --END-- [ RunTime:0.000000s ]
INFO: [ action_begin ] --START--
INFO: Run \Home\Behavior\CheckUserBehavior [ RunTime:0.015625s ]
INFO: [ action_begin ] --END-- [ RunTime:0.015625s ]
NOTIC: [2048] Declaration of Home\Model\AddressModel::add() should be compatible with Think\Model::add($data = '', $options = Array, $replace = false) D:\shop\www.shop.com\Application\Home\Model\AddressModel.class.php 第 15 行.
NOTIC: [2048] Declaration of Home\Model\AddressModel::save() should be compatible with Think\Model::save($data = '', $options = Array) D:\shop\www.shop.com\Application\Home\Model\AddressModel.class.php 第 15 行.
SQL: SHOW COLUMNS FROM `address` [ RunTime:0.0156s ]
SQL: INSERT INTO `address` (`receiver`,`province_id`,`city_id`,`area_id`,`detail_address`,`tel`,`id`,`member_id`) VALUES ('1','1','3','7','1','1','0','1') [ RunTime:0.0000s ]

[ 2015-11-21T00:02:21+08:00 ] 127.0.0.1 /index.php/Address/index?receiver=1&province_id=1&city_id=3&area_id=7&detail_address=1&tel=1&id=
INFO: [ app_init ] --START--
INFO: Run Behavior\BuildLiteBehavior [ RunTime:0.000000s ]
INFO: [ app_init ] --END-- [ RunTime:0.000000s ]
INFO: [ app_begin ] --START--
INFO: Run Behavior\ReadHtmlCacheBehavior [ RunTime:0.000000s ]
INFO: [ app_begin ] --END-- [ RunTime:0.000000s ]
INFO: [ action_begin ] --START--
INFO: Run \Home\Behavior\CheckUserBehavior [ RunTime:0.000000s ]
INFO: [ action_begin ] --END-- [ RunTime:0.000000s ]
SQL: SHOW COLUMNS FROM `region` [ RunTime:0.0000s ]
SQL: SELECT `id`,`name` FROM `region` WHERE `parent_id` = 0  [ RunTime:0.0000s ]
NOTIC: [2048] Declaration of Home\Model\AddressModel::add() should be compatible with Think\Model::add($data = '', $options = Array, $replace = false) D:\shop\www.shop.com\Application\Home\Model\AddressModel.class.php 第 54 行.
NOTIC: [2048] Declaration of Home\Model\AddressModel::save() should be compatible with Think\Model::save($data = '', $options = Array) D:\shop\www.shop.com\Application\Home\Model\AddressModel.class.php 第 54 行.
SQL: SHOW COLUMNS FROM `address` [ RunTime:0.0156s ]
SQL: SELECT a.id,a.receiver,a.detail_address,a.tel,a.is_default,province.name as province_name,city.name as city_name,area.name as area_name FROM address a INNER JOIN region as  province  on a.province_id = province.id INNER JOIN region as  city  on a.city_id = city.id INNER JOIN region as  area  on a.area_id = area.id  WHERE a.member_id = '1'  [ RunTime:0.0000s ]
INFO: [ view_parse ] --START--
INFO: [ template_filter ] --START--
INFO: Run Behavior\ContentReplaceBehavior [ RunTime:0.000000s ]
INFO: [ template_filter ] --END-- [ RunTime:0.000000s ]
NOTIC: [8] Undefined index: name D:\shop\www.shop.com\Runtime\Cache\Home\f168a09eb3c8a77e99f979d3a6a6aaf0.php 第 27 行.
INFO: Run Behavior\ParseTemplateBehavior [ RunTime:0.046875s ]
INFO: [ view_parse ] --END-- [ RunTime:0.046875s ]
INFO: [ view_filter ] --START--
INFO: Run Behavior\WriteHtmlCacheBehavior [ RunTime:0.000000s ]
INFO: [ view_filter ] --END-- [ RunTime:0.000000s ]
INFO: [ app_end ] --START--
INFO: Run Behavior\ShowPageTraceBehavior [ RunTime:0.000000s ]
INFO: [ app_end ] --END-- [ RunTime:0.000000s ]

[ 2015-11-21T00:02:34+08:00 ] 127.0.0.1 /index.php/Address/remove/id/10.html
INFO: [ app_init ] --START--
INFO: Run Behavior\BuildLiteBehavior [ RunTime:0.000000s ]
INFO: [ app_init ] --END-- [ RunTime:0.000000s ]
INFO: [ app_begin ] --START--
INFO: Run Behavior\ReadHtmlCacheBehavior [ RunTime:0.015625s ]
INFO: [ app_begin ] --END-- [ RunTime:0.015625s ]
INFO: [ action_begin ] --START--
INFO: Run \Home\Behavior\CheckUserBehavior [ RunTime:0.000000s ]
INFO: [ action_begin ] --END-- [ RunTime:0.000000s ]
NOTIC: [2048] Declaration of Home\Model\AddressModel::add() should be compatible with Think\Model::add($data = '', $options = Array, $replace = false) D:\shop\www.shop.com\Application\Home\Model\AddressModel.class.php 第 15 行.
NOTIC: [2048] Declaration of Home\Model\AddressModel::save() should be compatible with Think\Model::save($data = '', $options = Array) D:\shop\www.shop.com\Application\Home\Model\AddressModel.class.php 第 15 行.
SQL: SHOW COLUMNS FROM `address` [ RunTime:0.0000s ]
SQL: DELETE FROM `address` WHERE `id` = 10 [ RunTime:0.0000s ]

[ 2015-11-21T00:02:34+08:00 ] 127.0.0.1 /index.php/Address/index?receiver=1&province_id=1&city_id=3&area_id=7&detail_address=1&tel=1&id=
INFO: [ app_init ] --START--
INFO: Run Behavior\BuildLiteBehavior [ RunTime:0.000000s ]
INFO: [ app_init ] --END-- [ RunTime:0.000000s ]
INFO: [ app_begin ] --START--
INFO: Run Behavior\ReadHtmlCacheBehavior [ RunTime:0.000000s ]
INFO: [ app_begin ] --END-- [ RunTime:0.000000s ]
INFO: [ action_begin ] --START--
INFO: Run \Home\Behavior\CheckUserBehavior [ RunTime:0.000000s ]
INFO: [ action_begin ] --END-- [ RunTime:0.000000s ]
SQL: SHOW COLUMNS FROM `region` [ RunTime:0.0000s ]
SQL: SELECT `id`,`name` FROM `region` WHERE `parent_id` = 0  [ RunTime:0.0000s ]
NOTIC: [2048] Declaration of Home\Model\AddressModel::add() should be compatible with Think\Model::add($data = '', $options = Array, $replace = false) D:\shop\www.shop.com\Application\Home\Model\AddressModel.class.php 第 54 行.
NOTIC: [2048] Declaration of Home\Model\AddressModel::save() should be compatible with Think\Model::save($data = '', $options = Array) D:\shop\www.shop.com\Application\Home\Model\AddressModel.class.php 第 54 行.
SQL: SHOW COLUMNS FROM `address` [ RunTime:0.0156s ]
SQL: SELECT a.id,a.receiver,a.detail_address,a.tel,a.is_default,province.name as province_name,city.name as city_name,area.name as area_name FROM address a INNER JOIN region as  province  on a.province_id = province.id INNER JOIN region as  city  on a.city_id = city.id INNER JOIN region as  area  on a.area_id = area.id  WHERE a.member_id = '1'  [ RunTime:0.0000s ]
INFO: [ view_parse ] --START--
INFO: [ template_filter ] --START--
INFO: Run Behavior\ContentReplaceBehavior [ RunTime:0.000000s ]
INFO: [ template_filter ] --END-- [ RunTime:0.000000s ]
NOTIC: [8] Undefined index: name D:\shop\www.shop.com\Runtime\Cache\Home\f168a09eb3c8a77e99f979d3a6a6aaf0.php 第 27 行.
INFO: Run Behavior\ParseTemplateBehavior [ RunTime:0.046875s ]
INFO: [ view_parse ] --END-- [ RunTime:0.046875s ]
INFO: [ view_filter ] --START--
INFO: Run Behavior\WriteHtmlCacheBehavior [ RunTime:0.000000s ]
INFO: [ view_filter ] --END-- [ RunTime:0.000000s ]
INFO: [ app_end ] --START--
INFO: Run Behavior\ShowPageTraceBehavior [ RunTime:0.000000s ]
INFO: [ app_end ] --END-- [ RunTime:0.000000s ]

[ 2015-11-21T00:03:00+08:00 ] 127.0.0.1 /index.php/Region/getChildren.html?parent_id=1
INFO: [ app_init ] --START--
INFO: Run Behavior\BuildLiteBehavior [ RunTime:0.000000s ]
INFO: [ app_init ] --END-- [ RunTime:0.000000s ]
INFO: [ app_begin ] --START--
INFO: Run Behavior\ReadHtmlCacheBehavior [ RunTime:0.015625s ]
INFO: [ app_begin ] --END-- [ RunTime:0.015625s ]
INFO: [ action_begin ] --START--
INFO: Run \Home\Behavior\CheckUserBehavior [ RunTime:0.000000s ]
INFO: [ action_begin ] --END-- [ RunTime:0.000000s ]
SQL: SHOW COLUMNS FROM `region` [ RunTime:0.0000s ]
SQL: SELECT `id`,`name` FROM `region` WHERE `parent_id` = 1  [ RunTime:0.0000s ]

[ 2015-11-21T00:03:01+08:00 ] 127.0.0.1 /index.php/Region/getChildren.html?parent_id=3
INFO: [ app_init ] --START--
INFO: Run Behavior\BuildLiteBehavior [ RunTime:0.000000s ]
INFO: [ app_init ] --END-- [ RunTime:0.000000s ]
INFO: [ app_begin ] --START--
INFO: Run Behavior\ReadHtmlCacheBehavior [ RunTime:0.015625s ]
INFO: [ app_begin ] --END-- [ RunTime:0.015625s ]
INFO: [ action_begin ] --START--
INFO: Run \Home\Behavior\CheckUserBehavior [ RunTime:0.000000s ]
INFO: [ action_begin ] --END-- [ RunTime:0.000000s ]
SQL: SHOW COLUMNS FROM `region` [ RunTime:0.0000s ]
SQL: SELECT `id`,`name` FROM `region` WHERE `parent_id` = 3  [ RunTime:0.0000s ]

[ 2015-11-21T00:03:05+08:00 ] 127.0.0.1 /index.php/Address/add.html
INFO: [ app_init ] --START--
INFO: Run Behavior\BuildLiteBehavior [ RunTime:0.000000s ]
INFO: [ app_init ] --END-- [ RunTime:0.000000s ]
INFO: [ app_begin ] --START--
INFO: Run Behavior\ReadHtmlCacheBehavior [ RunTime:0.000000s ]
INFO: [ app_begin ] --END-- [ RunTime:0.000000s ]
INFO: [ action_begin ] --START--
INFO: Run \Home\Behavior\CheckUserBehavior [ RunTime:0.000000s ]
INFO: [ action_begin ] --END-- [ RunTime:0.000000s ]
NOTIC: [2048] Declaration of Home\Model\AddressModel::add() should be compatible with Think\Model::add($data = '', $options = Array, $replace = false) D:\shop\www.shop.com\Application\Home\Model\AddressModel.class.php 第 15 行.
NOTIC: [2048] Declaration of Home\Model\AddressModel::save() should be compatible with Think\Model::save($data = '', $options = Array) D:\shop\www.shop.com\Application\Home\Model\AddressModel.class.php 第 15 行.
SQL: SHOW COLUMNS FROM `address` [ RunTime:0.0000s ]
SQL: INSERT INTO `address` (`receiver`,`province_id`,`city_id`,`area_id`,`detail_address`,`tel`,`id`,`member_id`) VALUES ('1','1','3','7','1','1','0','1') [ RunTime:0.0000s ]

[ 2015-11-21T00:03:57+08:00 ] 127.0.0.1 /index.php/Region/getChildren.html?parent_id=1
INFO: [ app_init ] --START--
INFO: Run Behavior\BuildLiteBehavior [ RunTime:0.000000s ]
INFO: [ app_init ] --END-- [ RunTime:0.000000s ]
INFO: [ app_begin ] --START--
INFO: Run Behavior\ReadHtmlCacheBehavior [ RunTime:0.000000s ]
INFO: [ app_begin ] --END-- [ RunTime:0.000000s ]
INFO: [ action_begin ] --START--
INFO: Run \Home\Behavior\CheckUserBehavior [ RunTime:0.000000s ]
INFO: [ action_begin ] --END-- [ RunTime:0.000000s ]
SQL: SHOW COLUMNS FROM `region` [ RunTime:0.0156s ]
SQL: SELECT `id`,`name` FROM `region` WHERE `parent_id` = 1  [ RunTime:0.0000s ]

[ 2015-11-21T00:03:58+08:00 ] 127.0.0.1 /index.php/Region/getChildren.html?parent_id=3
INFO: [ app_init ] --START--
INFO: Run Behavior\BuildLiteBehavior [ RunTime:0.000000s ]
INFO: [ app_init ] --END-- [ RunTime:0.000000s ]
INFO: [ app_begin ] --START--
INFO: Run Behavior\ReadHtmlCacheBehavior [ RunTime:0.000000s ]
INFO: [ app_begin ] --END-- [ RunTime:0.000000s ]
INFO: [ action_begin ] --START--
INFO: Run \Home\Behavior\CheckUserBehavior [ RunTime:0.000000s ]
INFO: [ action_begin ] --END-- [ RunTime:0.000000s ]
SQL: SHOW COLUMNS FROM `region` [ RunTime:0.0156s ]
SQL: SELECT `id`,`name` FROM `region` WHERE `parent_id` = 3  [ RunTime:0.0000s ]

[ 2015-11-21T00:04:03+08:00 ] 127.0.0.1 /index.php/Address/index?receiver=1&province_id=1&city_id=3&area_id=7&detail_address=1&tel=13555555555+&id=
INFO: [ app_init ] --START--
INFO: Run Behavior\BuildLiteBehavior [ RunTime:0.000000s ]
INFO: [ app_init ] --END-- [ RunTime:0.000000s ]
INFO: [ app_begin ] --START--
INFO: Run Behavior\ReadHtmlCacheBehavior [ RunTime:0.000000s ]
INFO: [ app_begin ] --END-- [ RunTime:0.000000s ]
INFO: [ action_begin ] --START--
INFO: Run \Home\Behavior\CheckUserBehavior [ RunTime:0.000000s ]
INFO: [ action_begin ] --END-- [ RunTime:0.000000s ]
SQL: SHOW COLUMNS FROM `region` [ RunTime:0.0000s ]
SQL: SELECT `id`,`name` FROM `region` WHERE `parent_id` = 0  [ RunTime:0.0000s ]
NOTIC: [2048] Declaration of Home\Model\AddressModel::add() should be compatible with Think\Model::add($data = '', $options = Array, $replace = false) D:\shop\www.shop.com\Application\Home\Model\AddressModel.class.php 第 54 行.
NOTIC: [2048] Declaration of Home\Model\AddressModel::save() should be compatible with Think\Model::save($data = '', $options = Array) D:\shop\www.shop.com\Application\Home\Model\AddressModel.class.php 第 54 行.
SQL: SHOW COLUMNS FROM `address` [ RunTime:0.0000s ]
SQL: SELECT a.id,a.receiver,a.detail_address,a.tel,a.is_default,province.name as province_name,city.name as city_name,area.name as area_name FROM address a INNER JOIN region as  province  on a.province_id = province.id INNER JOIN region as  city  on a.city_id = city.id INNER JOIN region as  area  on a.area_id = area.id  WHERE a.member_id = '1'  [ RunTime:0.0000s ]
INFO: [ view_parse ] --START--
INFO: [ template_filter ] --START--
INFO: Run Behavior\ContentReplaceBehavior [ RunTime:0.000000s ]
INFO: [ template_filter ] --END-- [ RunTime:0.000000s ]
NOTIC: [8] Undefined index: name D:\shop\www.shop.com\Runtime\Cache\Home\f168a09eb3c8a77e99f979d3a6a6aaf0.php 第 27 行.
INFO: Run Behavior\ParseTemplateBehavior [ RunTime:0.078125s ]
INFO: [ view_parse ] --END-- [ RunTime:0.078125s ]
INFO: [ view_filter ] --START--
INFO: Run Behavior\WriteHtmlCacheBehavior [ RunTime:0.000000s ]
INFO: [ view_filter ] --END-- [ RunTime:0.000000s ]
INFO: [ app_end ] --START--
INFO: Run Behavior\ShowPageTraceBehavior [ RunTime:0.015625s ]
INFO: [ app_end ] --END-- [ RunTime:0.015625s ]

[ 2015-11-21T00:04:10+08:00 ] 127.0.0.1 /index.php/Address/remove/id/11.html
INFO: [ app_init ] --START--
INFO: Run Behavior\BuildLiteBehavior [ RunTime:0.000000s ]
INFO: [ app_init ] --END-- [ RunTime:0.000000s ]
INFO: [ app_begin ] --START--
INFO: Run Behavior\ReadHtmlCacheBehavior [ RunTime:0.000000s ]
INFO: [ app_begin ] --END-- [ RunTime:0.000000s ]
INFO: [ action_begin ] --START--
INFO: Run \Home\Behavior\CheckUserBehavior [ RunTime:0.000000s ]
INFO: [ action_begin ] --END-- [ RunTime:0.000000s ]
NOTIC: [2048] Declaration of Home\Model\AddressModel::add() should be compatible with Think\Model::add($data = '', $options = Array, $replace = false) D:\shop\www.shop.com\Application\Home\Model\AddressModel.class.php 第 15 行.
NOTIC: [2048] Declaration of Home\Model\AddressModel::save() should be compatible with Think\Model::save($data = '', $options = Array) D:\shop\www.shop.com\Application\Home\Model\AddressModel.class.php 第 15 行.
SQL: SHOW COLUMNS FROM `address` [ RunTime:0.0000s ]
SQL: DELETE FROM `address` WHERE `id` = 11 [ RunTime:0.0000s ]

[ 2015-11-21T00:04:10+08:00 ] 127.0.0.1 /index.php/Address/index?receiver=1&province_id=1&city_id=3&area_id=7&detail_address=1&tel=13555555555+&id=
INFO: [ app_init ] --START--
INFO: Run Behavior\BuildLiteBehavior [ RunTime:0.000000s ]
INFO: [ app_init ] --END-- [ RunTime:0.000000s ]
INFO: [ app_begin ] --START--
INFO: Run Behavior\ReadHtmlCacheBehavior [ RunTime:0.000000s ]
INFO: [ app_begin ] --END-- [ RunTime:0.000000s ]
INFO: [ action_begin ] --START--
INFO: Run \Home\Behavior\CheckUserBehavior [ RunTime:0.000000s ]
INFO: [ action_begin ] --END-- [ RunTime:0.000000s ]
SQL: SHOW COLUMNS FROM `region` [ RunTime:0.0156s ]
SQL: SELECT `id`,`name` FROM `region` WHERE `parent_id` = 0  [ RunTime:0.0000s ]
NOTIC: [2048] Declaration of Home\Model\AddressModel::add() should be compatible with Think\Model::add($data = '', $options = Array, $replace = false) D:\shop\www.shop.com\Application\Home\Model\AddressModel.class.php 第 54 行.
NOTIC: [2048] Declaration of Home\Model\AddressModel::save() should be compatible with Think\Model::save($data = '', $options = Array) D:\shop\www.shop.com\Application\Home\Model\AddressModel.class.php 第 54 行.
SQL: SHOW COLUMNS FROM `address` [ RunTime:0.0000s ]
SQL: SELECT a.id,a.receiver,a.detail_address,a.tel,a.is_default,province.name as province_name,city.name as city_name,area.name as area_name FROM address a INNER JOIN region as  province  on a.province_id = province.id INNER JOIN region as  city  on a.city_id = city.id INNER JOIN region as  area  on a.area_id = area.id  WHERE a.member_id = '1'  [ RunTime:0.0000s ]
INFO: [ view_parse ] --START--
INFO: [ template_filter ] --START--
INFO: Run Behavior\ContentReplaceBehavior [ RunTime:0.000000s ]
INFO: [ template_filter ] --END-- [ RunTime:0.000000s ]
NOTIC: [8] Undefined index: name D:\shop\www.shop.com\Runtime\Cache\Home\f168a09eb3c8a77e99f979d3a6a6aaf0.php 第 27 行.
INFO: Run Behavior\ParseTemplateBehavior [ RunTime:0.046875s ]
INFO: [ view_parse ] --END-- [ RunTime:0.046875s ]
INFO: [ view_filter ] --START--
INFO: Run Behavior\WriteHtmlCacheBehavior [ RunTime:0.000000s ]
INFO: [ view_filter ] --END-- [ RunTime:0.000000s ]
INFO: [ app_end ] --START--
INFO: Run Behavior\ShowPageTraceBehavior [ RunTime:0.000000s ]
INFO: [ app_end ] --END-- [ RunTime:0.000000s ]

