[ 2015-11-15T10:27:29+08:00 ] 127.0.0.1 /index.php/Index/index
INFO: [ app_init ] --START--
INFO: Run Behavior\BuildLiteBehavior [ RunTime:0.000000s ]
INFO: [ app_init ] --END-- [ RunTime:0.015625s ]
INFO: [ app_begin ] --START--
INFO: Run Behavior\ReadHtmlCacheBehavior [ RunTime:0.000000s ]
INFO: [ app_begin ] --END-- [ RunTime:0.000000s ]
SQL: SHOW COLUMNS FROM `goods_category` [ RunTime:0.0469s ]
SQL: SHOW COLUMNS FROM `article_category` [ RunTime:0.0313s ]
SQL: SHOW COLUMNS FROM `article` [ RunTime:0.0313s ]
SQL: SHOW COLUMNS FROM `goods` [ RunTime:0.0000s ]
SQL: SELECT `id`,`logo`,`name`,`shop_price` FROM `goods` WHERE `status` = 1 AND `is_on_sale` = 1 AND ( goods_status&1>0 ) ORDER BY sort LIMIT 5   [ RunTime:0.0000s ]
SQL: SELECT `id`,`logo`,`name`,`shop_price` FROM `goods` WHERE `status` = 1 AND `is_on_sale` = 1 AND ( goods_status&2>0 ) ORDER BY sort LIMIT 5   [ RunTime:0.0000s ]
SQL: SELECT `id`,`logo`,`name`,`shop_price` FROM `goods` WHERE `status` = 1 AND `is_on_sale` = 1 AND ( goods_status&4>0 ) ORDER BY sort LIMIT 5   [ RunTime:0.0000s ]
SQL: SELECT `id`,`logo`,`name`,`shop_price` FROM `goods` WHERE `status` = 1 AND `is_on_sale` = 1 AND ( goods_status&8>0 ) ORDER BY sort LIMIT 5   [ RunTime:0.0000s ]
SQL: SELECT `id`,`logo`,`name`,`shop_price` FROM `goods` WHERE `status` = 1 AND `is_on_sale` = 1 AND ( goods_status&16>0 ) ORDER BY sort LIMIT 5   [ RunTime:0.0000s ]
INFO: [ view_parse ] --START--
INFO: [ template_filter ] --START--
INFO: Run Behavior\ContentReplaceBehavior [ RunTime:0.000000s ]
INFO: [ template_filter ] --END-- [ RunTime:0.000000s ]
INFO: Run Behavior\ParseTemplateBehavior [ RunTime:0.250000s ]
INFO: [ view_parse ] --END-- [ RunTime:0.250000s ]
INFO: [ view_filter ] --START--
INFO: Run Behavior\WriteHtmlCacheBehavior [ RunTime:0.015625s ]
INFO: [ view_filter ] --END-- [ RunTime:0.015625s ]
INFO: [ app_end ] --START--
INFO: Run Behavior\ShowPageTraceBehavior [ RunTime:0.062500s ]
INFO: [ app_end ] --END-- [ RunTime:0.062500s ]

[ 2015-11-15T11:02:42+08:00 ] 127.0.0.1 /index.php/Index/index
INFO: [ app_init ] --START--
INFO: Run Behavior\BuildLiteBehavior [ RunTime:0.000000s ]
INFO: [ app_init ] --END-- [ RunTime:0.000000s ]
INFO: [ app_begin ] --START--
INFO: Run Behavior\ReadHtmlCacheBehavior [ RunTime:0.000000s ]
INFO: [ app_begin ] --END-- [ RunTime:0.000000s ]
SQL: SHOW COLUMNS FROM `goods_category` [ RunTime:0.0156s ]
SQL: SHOW COLUMNS FROM `article_category` [ RunTime:0.0000s ]
SQL: SHOW COLUMNS FROM `article` [ RunTime:0.0156s ]
SQL: SHOW COLUMNS FROM `goods` [ RunTime:0.0000s ]
SQL: SELECT `id`,`logo`,`name`,`shop_price` FROM `goods` WHERE `status` = 1 AND `is_on_sale` = 1 AND ( goods_status&1>0 ) ORDER BY sort LIMIT 5   [ RunTime:0.0000s ]
SQL: SELECT `id`,`logo`,`name`,`shop_price` FROM `goods` WHERE `status` = 1 AND `is_on_sale` = 1 AND ( goods_status&2>0 ) ORDER BY sort LIMIT 5   [ RunTime:0.0156s ]
SQL: SELECT `id`,`logo`,`name`,`shop_price` FROM `goods` WHERE `status` = 1 AND `is_on_sale` = 1 AND ( goods_status&4>0 ) ORDER BY sort LIMIT 5   [ RunTime:0.0000s ]
SQL: SELECT `id`,`logo`,`name`,`shop_price` FROM `goods` WHERE `status` = 1 AND `is_on_sale` = 1 AND ( goods_status&8>0 ) ORDER BY sort LIMIT 5   [ RunTime:0.0000s ]
SQL: SELECT `id`,`logo`,`name`,`shop_price` FROM `goods` WHERE `status` = 1 AND `is_on_sale` = 1 AND ( goods_status&16>0 ) ORDER BY sort LIMIT 5   [ RunTime:0.0000s ]
INFO: [ view_parse ] --START--
INFO: [ template_filter ] --START--
INFO: Run Behavior\ContentReplaceBehavior [ RunTime:0.000000s ]
INFO: [ template_filter ] --END-- [ RunTime:0.000000s ]
INFO: Run Behavior\ParseTemplateBehavior [ RunTime:0.062500s ]
INFO: [ view_parse ] --END-- [ RunTime:0.062500s ]
INFO: [ view_filter ] --START--
INFO: Run Behavior\WriteHtmlCacheBehavior [ RunTime:0.000000s ]
INFO: [ view_filter ] --END-- [ RunTime:0.000000s ]
INFO: [ app_end ] --START--
INFO: Run Behavior\ShowPageTraceBehavior [ RunTime:0.000000s ]
INFO: [ app_end ] --END-- [ RunTime:0.000000s ]

[ 2015-11-15T11:02:45+08:00 ] 127.0.0.1 /index.php/Index/index
INFO: [ app_init ] --START--
INFO: Run Behavior\BuildLiteBehavior [ RunTime:0.000000s ]
INFO: [ app_init ] --END-- [ RunTime:0.000000s ]
INFO: [ app_begin ] --START--
INFO: Run Behavior\ReadHtmlCacheBehavior [ RunTime:0.000000s ]
INFO: [ app_begin ] --END-- [ RunTime:0.000000s ]
SQL: SHOW COLUMNS FROM `goods_category` [ RunTime:0.0156s ]
SQL: SHOW COLUMNS FROM `article_category` [ RunTime:0.0156s ]
SQL: SHOW COLUMNS FROM `article` [ RunTime:0.0000s ]
SQL: SHOW COLUMNS FROM `goods` [ RunTime:0.0000s ]
SQL: SELECT `id`,`logo`,`name`,`shop_price` FROM `goods` WHERE `status` = 1 AND `is_on_sale` = 1 AND ( goods_status&1>0 ) ORDER BY sort LIMIT 5   [ RunTime:0.0000s ]
SQL: SELECT `id`,`logo`,`name`,`shop_price` FROM `goods` WHERE `status` = 1 AND `is_on_sale` = 1 AND ( goods_status&2>0 ) ORDER BY sort LIMIT 5   [ RunTime:0.0000s ]
SQL: SELECT `id`,`logo`,`name`,`shop_price` FROM `goods` WHERE `status` = 1 AND `is_on_sale` = 1 AND ( goods_status&4>0 ) ORDER BY sort LIMIT 5   [ RunTime:0.0000s ]
SQL: SELECT `id`,`logo`,`name`,`shop_price` FROM `goods` WHERE `status` = 1 AND `is_on_sale` = 1 AND ( goods_status&8>0 ) ORDER BY sort LIMIT 5   [ RunTime:0.0000s ]
SQL: SELECT `id`,`logo`,`name`,`shop_price` FROM `goods` WHERE `status` = 1 AND `is_on_sale` = 1 AND ( goods_status&16>0 ) ORDER BY sort LIMIT 5   [ RunTime:0.0000s ]
INFO: [ view_parse ] --START--
INFO: [ template_filter ] --START--
INFO: Run Behavior\ContentReplaceBehavior [ RunTime:0.000000s ]
INFO: [ template_filter ] --END-- [ RunTime:0.000000s ]
INFO: Run Behavior\ParseTemplateBehavior [ RunTime:0.093750s ]
INFO: [ view_parse ] --END-- [ RunTime:0.093750s ]
INFO: [ view_filter ] --START--
INFO: Run Behavior\WriteHtmlCacheBehavior [ RunTime:0.000000s ]
INFO: [ view_filter ] --END-- [ RunTime:0.000000s ]
INFO: [ app_end ] --START--
INFO: Run Behavior\ShowPageTraceBehavior [ RunTime:0.000000s ]
INFO: [ app_end ] --END-- [ RunTime:0.000000s ]

[ 2015-11-15T11:03:03+08:00 ] 127.0.0.1 /index.php/Index/index
INFO: [ app_init ] --START--
INFO: Run Behavior\BuildLiteBehavior [ RunTime:0.000000s ]
INFO: [ app_init ] --END-- [ RunTime:0.000000s ]
INFO: [ app_begin ] --START--
INFO: Run Behavior\ReadHtmlCacheBehavior [ RunTime:0.000000s ]
INFO: [ app_begin ] --END-- [ RunTime:0.000000s ]
SQL: SHOW COLUMNS FROM `goods_category` [ RunTime:0.0156s ]
SQL: SHOW COLUMNS FROM `article_category` [ RunTime:0.0156s ]
SQL: SHOW COLUMNS FROM `article` [ RunTime:0.0000s ]
SQL: SHOW COLUMNS FROM `goods` [ RunTime:0.0000s ]
SQL: SELECT `id`,`logo`,`name`,`shop_price` FROM `goods` WHERE `status` = 1 AND `is_on_sale` = 1 AND ( goods_status&1>0 ) ORDER BY sort LIMIT 5   [ RunTime:0.0000s ]
SQL: SELECT `id`,`logo`,`name`,`shop_price` FROM `goods` WHERE `status` = 1 AND `is_on_sale` = 1 AND ( goods_status&2>0 ) ORDER BY sort LIMIT 5   [ RunTime:0.0000s ]
SQL: SELECT `id`,`logo`,`name`,`shop_price` FROM `goods` WHERE `status` = 1 AND `is_on_sale` = 1 AND ( goods_status&4>0 ) ORDER BY sort LIMIT 5   [ RunTime:0.0000s ]
SQL: SELECT `id`,`logo`,`name`,`shop_price` FROM `goods` WHERE `status` = 1 AND `is_on_sale` = 1 AND ( goods_status&8>0 ) ORDER BY sort LIMIT 5   [ RunTime:0.0000s ]
SQL: SELECT `id`,`logo`,`name`,`shop_price` FROM `goods` WHERE `status` = 1 AND `is_on_sale` = 1 AND ( goods_status&16>0 ) ORDER BY sort LIMIT 5   [ RunTime:0.0000s ]
INFO: [ view_parse ] --START--
INFO: [ template_filter ] --START--
INFO: Run Behavior\ContentReplaceBehavior [ RunTime:0.000000s ]
INFO: [ template_filter ] --END-- [ RunTime:0.000000s ]
INFO: Run Behavior\ParseTemplateBehavior [ RunTime:0.093750s ]
INFO: [ view_parse ] --END-- [ RunTime:0.093750s ]
INFO: [ view_filter ] --START--
INFO: Run Behavior\WriteHtmlCacheBehavior [ RunTime:0.000000s ]
INFO: [ view_filter ] --END-- [ RunTime:0.000000s ]
INFO: [ app_end ] --START--
INFO: Run Behavior\ShowPageTraceBehavior [ RunTime:0.000000s ]
INFO: [ app_end ] --END-- [ RunTime:0.000000s ]

[ 2015-11-15T12:34:01+08:00 ] 127.0.0.1 /index.php/Index/index
INFO: [ app_init ] --START--
INFO: Run Behavior\BuildLiteBehavior [ RunTime:0.000000s ]
INFO: [ app_init ] --END-- [ RunTime:0.000000s ]
INFO: [ app_begin ] --START--
INFO: Run Behavior\ReadHtmlCacheBehavior [ RunTime:0.000000s ]
INFO: [ app_begin ] --END-- [ RunTime:0.000000s ]
SQL: SHOW COLUMNS FROM `goods_category` [ RunTime:0.0156s ]
SQL: SHOW COLUMNS FROM `article_category` [ RunTime:0.0156s ]
SQL: SHOW COLUMNS FROM `article` [ RunTime:0.0000s ]
SQL: SHOW COLUMNS FROM `goods` [ RunTime:0.0156s ]
SQL: SELECT `id`,`logo`,`name`,`shop_price` FROM `goods` WHERE `status` = 1 AND `is_on_sale` = 1 AND ( goods_status&1>0 ) ORDER BY sort LIMIT 5   [ RunTime:0.0000s ]
SQL: SELECT `id`,`logo`,`name`,`shop_price` FROM `goods` WHERE `status` = 1 AND `is_on_sale` = 1 AND ( goods_status&2>0 ) ORDER BY sort LIMIT 5   [ RunTime:0.0000s ]
SQL: SELECT `id`,`logo`,`name`,`shop_price` FROM `goods` WHERE `status` = 1 AND `is_on_sale` = 1 AND ( goods_status&4>0 ) ORDER BY sort LIMIT 5   [ RunTime:0.0000s ]
SQL: SELECT `id`,`logo`,`name`,`shop_price` FROM `goods` WHERE `status` = 1 AND `is_on_sale` = 1 AND ( goods_status&8>0 ) ORDER BY sort LIMIT 5   [ RunTime:0.0000s ]
SQL: SELECT `id`,`logo`,`name`,`shop_price` FROM `goods` WHERE `status` = 1 AND `is_on_sale` = 1 AND ( goods_status&16>0 ) ORDER BY sort LIMIT 5   [ RunTime:0.0000s ]
INFO: [ view_parse ] --START--
INFO: [ template_filter ] --START--
INFO: Run Behavior\ContentReplaceBehavior [ RunTime:0.000000s ]
INFO: [ template_filter ] --END-- [ RunTime:0.000000s ]
INFO: Run Behavior\ParseTemplateBehavior [ RunTime:0.046875s ]
INFO: [ view_parse ] --END-- [ RunTime:0.046875s ]
INFO: [ view_filter ] --START--
INFO: Run Behavior\WriteHtmlCacheBehavior [ RunTime:0.000000s ]
INFO: [ view_filter ] --END-- [ RunTime:0.015625s ]
INFO: [ app_end ] --START--
INFO: Run Behavior\ShowPageTraceBehavior [ RunTime:0.000000s ]
INFO: [ app_end ] --END-- [ RunTime:0.000000s ]

[ 2015-11-15T12:45:49+08:00 ] 127.0.0.1 /index.php/Index/index
INFO: [ app_init ] --START--
INFO: Run Behavior\BuildLiteBehavior [ RunTime:0.000000s ]
INFO: [ app_init ] --END-- [ RunTime:0.015625s ]
INFO: [ app_begin ] --START--
INFO: Run Behavior\ReadHtmlCacheBehavior [ RunTime:0.000000s ]
INFO: [ app_begin ] --END-- [ RunTime:0.000000s ]
SQL: SHOW COLUMNS FROM `goods_category` [ RunTime:0.0313s ]
SQL: SHOW COLUMNS FROM `article_category` [ RunTime:0.0313s ]
SQL: SHOW COLUMNS FROM `article` [ RunTime:0.0313s ]
SQL: SHOW COLUMNS FROM `goods` [ RunTime:0.0000s ]
SQL: SELECT `id`,`logo`,`name`,`shop_price` FROM `goods` WHERE `status` = 1 AND `is_on_sale` = 1 AND ( goods_status&1>0 ) ORDER BY sort LIMIT 5   [ RunTime:0.0000s ]
SQL: SELECT `id`,`logo`,`name`,`shop_price` FROM `goods` WHERE `status` = 1 AND `is_on_sale` = 1 AND ( goods_status&2>0 ) ORDER BY sort LIMIT 5   [ RunTime:0.0000s ]
SQL: SELECT `id`,`logo`,`name`,`shop_price` FROM `goods` WHERE `status` = 1 AND `is_on_sale` = 1 AND ( goods_status&4>0 ) ORDER BY sort LIMIT 5   [ RunTime:0.0000s ]
SQL: SELECT `id`,`logo`,`name`,`shop_price` FROM `goods` WHERE `status` = 1 AND `is_on_sale` = 1 AND ( goods_status&8>0 ) ORDER BY sort LIMIT 5   [ RunTime:0.0000s ]
SQL: SELECT `id`,`logo`,`name`,`shop_price` FROM `goods` WHERE `status` = 1 AND `is_on_sale` = 1 AND ( goods_status&16>0 ) ORDER BY sort LIMIT 5   [ RunTime:0.0000s ]
NOTIC: [4096] Object of class Home\Controller\IndexController could not be converted to string D:\shop\www.shop.com\Application\Home\Controller\IndexController.class.php 第 32 行.
NOTIC: [8] Object of class Home\Controller\IndexController to string conversion D:\shop\www.shop.com\Application\Home\Controller\IndexController.class.php 第 32 行.
NOTIC: [8] Undefined variable: Object D:\shop\www.shop.com\Application\Home\Controller\IndexController.class.php 第 32 行.

[ 2015-11-15T12:46:44+08:00 ] 127.0.0.1 /index.php/Index/index
INFO: [ app_init ] --START--
INFO: Run Behavior\BuildLiteBehavior [ RunTime:0.000000s ]
INFO: [ app_init ] --END-- [ RunTime:0.000000s ]
INFO: [ app_begin ] --START--
INFO: Run Behavior\ReadHtmlCacheBehavior [ RunTime:0.000000s ]
INFO: [ app_begin ] --END-- [ RunTime:0.000000s ]
SQL: SHOW COLUMNS FROM `goods_category` [ RunTime:0.0000s ]
SQL: SHOW COLUMNS FROM `article_category` [ RunTime:0.0156s ]
SQL: SHOW COLUMNS FROM `article` [ RunTime:0.0000s ]
SQL: SHOW COLUMNS FROM `goods` [ RunTime:0.0156s ]
SQL: SELECT `id`,`logo`,`name`,`shop_price` FROM `goods` WHERE `status` = 1 AND `is_on_sale` = 1 AND ( goods_status&1>0 ) ORDER BY sort LIMIT 5   [ RunTime:0.0000s ]
SQL: SELECT `id`,`logo`,`name`,`shop_price` FROM `goods` WHERE `status` = 1 AND `is_on_sale` = 1 AND ( goods_status&2>0 ) ORDER BY sort LIMIT 5   [ RunTime:0.0000s ]
SQL: SELECT `id`,`logo`,`name`,`shop_price` FROM `goods` WHERE `status` = 1 AND `is_on_sale` = 1 AND ( goods_status&4>0 ) ORDER BY sort LIMIT 5   [ RunTime:0.0000s ]
SQL: SELECT `id`,`logo`,`name`,`shop_price` FROM `goods` WHERE `status` = 1 AND `is_on_sale` = 1 AND ( goods_status&8>0 ) ORDER BY sort LIMIT 5   [ RunTime:0.0000s ]
SQL: SELECT `id`,`logo`,`name`,`shop_price` FROM `goods` WHERE `status` = 1 AND `is_on_sale` = 1 AND ( goods_status&16>0 ) ORDER BY sort LIMIT 5   [ RunTime:0.0000s ]
ERR: Think\Model:getNewes方法不存在！

[ 2015-11-15T12:57:27+08:00 ] 127.0.0.1 /index.php/Index/index
INFO: [ app_init ] --START--
INFO: Run Behavior\BuildLiteBehavior [ RunTime:0.000000s ]
INFO: [ app_init ] --END-- [ RunTime:0.000000s ]
INFO: [ app_begin ] --START--
INFO: Run Behavior\ReadHtmlCacheBehavior [ RunTime:0.000000s ]
INFO: [ app_begin ] --END-- [ RunTime:0.000000s ]
SQL: SHOW COLUMNS FROM `goods_category` [ RunTime:0.0000s ]
SQL: SHOW COLUMNS FROM `article_category` [ RunTime:0.0156s ]
SQL: SHOW COLUMNS FROM `article` [ RunTime:0.0000s ]
SQL: SHOW COLUMNS FROM `goods` [ RunTime:0.0000s ]
SQL: SELECT `id`,`logo`,`name`,`shop_price` FROM `goods` WHERE `status` = 1 AND `is_on_sale` = 1 AND ( goods_status&1>0 ) ORDER BY sort LIMIT 5   [ RunTime:0.0000s ]
SQL: SELECT `id`,`logo`,`name`,`shop_price` FROM `goods` WHERE `status` = 1 AND `is_on_sale` = 1 AND ( goods_status&2>0 ) ORDER BY sort LIMIT 5   [ RunTime:0.0000s ]
SQL: SELECT `id`,`logo`,`name`,`shop_price` FROM `goods` WHERE `status` = 1 AND `is_on_sale` = 1 AND ( goods_status&4>0 ) ORDER BY sort LIMIT 5   [ RunTime:0.0000s ]
SQL: SELECT `id`,`logo`,`name`,`shop_price` FROM `goods` WHERE `status` = 1 AND `is_on_sale` = 1 AND ( goods_status&8>0 ) ORDER BY sort LIMIT 5   [ RunTime:0.0000s ]
SQL: SELECT `id`,`logo`,`name`,`shop_price` FROM `goods` WHERE `status` = 1 AND `is_on_sale` = 1 AND ( goods_status&16>0 ) ORDER BY sort LIMIT 5   [ RunTime:0.0000s ]
SQL: SELECT * FROM `article` WHERE `article_category_id` = 6 AND `status` = 1 ORDER BY inputtime  desc LIMIT 8   [ RunTime:0.0000s ]
INFO: [ view_parse ] --START--
INFO: [ template_filter ] --START--
INFO: Run Behavior\ContentReplaceBehavior [ RunTime:0.000000s ]
INFO: [ template_filter ] --END-- [ RunTime:0.000000s ]
INFO: Run Behavior\ParseTemplateBehavior [ RunTime:0.203125s ]
INFO: [ view_parse ] --END-- [ RunTime:0.203125s ]
INFO: [ view_filter ] --START--
INFO: Run Behavior\WriteHtmlCacheBehavior [ RunTime:0.000000s ]
INFO: [ view_filter ] --END-- [ RunTime:0.000000s ]
INFO: [ app_end ] --START--
INFO: Run Behavior\ShowPageTraceBehavior [ RunTime:0.062500s ]
INFO: [ app_end ] --END-- [ RunTime:0.062500s ]

[ 2015-11-15T13:05:43+08:00 ] 127.0.0.1 /index.php/Index/index
INFO: [ app_init ] --START--
INFO: Run Behavior\BuildLiteBehavior [ RunTime:0.000000s ]
INFO: [ app_init ] --END-- [ RunTime:0.000000s ]
INFO: [ app_begin ] --START--
INFO: Run Behavior\ReadHtmlCacheBehavior [ RunTime:0.000000s ]
INFO: [ app_begin ] --END-- [ RunTime:0.000000s ]
SQL: SHOW COLUMNS FROM `goods_category` [ RunTime:0.0156s ]
SQL: SHOW COLUMNS FROM `article_category` [ RunTime:0.0000s ]
SQL: SHOW COLUMNS FROM `article` [ RunTime:0.0000s ]
SQL: SHOW COLUMNS FROM `goods` [ RunTime:0.0156s ]
SQL: SELECT `id`,`logo`,`name`,`shop_price` FROM `goods` WHERE `status` = 1 AND `is_on_sale` = 1 AND ( goods_status&1>0 ) ORDER BY sort LIMIT 5   [ RunTime:0.0000s ]
SQL: SELECT `id`,`logo`,`name`,`shop_price` FROM `goods` WHERE `status` = 1 AND `is_on_sale` = 1 AND ( goods_status&2>0 ) ORDER BY sort LIMIT 5   [ RunTime:0.0000s ]
SQL: SELECT `id`,`logo`,`name`,`shop_price` FROM `goods` WHERE `status` = 1 AND `is_on_sale` = 1 AND ( goods_status&4>0 ) ORDER BY sort LIMIT 5   [ RunTime:0.0000s ]
SQL: SELECT `id`,`logo`,`name`,`shop_price` FROM `goods` WHERE `status` = 1 AND `is_on_sale` = 1 AND ( goods_status&8>0 ) ORDER BY sort LIMIT 5   [ RunTime:0.0000s ]
SQL: SELECT `id`,`logo`,`name`,`shop_price` FROM `goods` WHERE `status` = 1 AND `is_on_sale` = 1 AND ( goods_status&16>0 ) ORDER BY sort LIMIT 5   [ RunTime:0.0000s ]
SQL: SELECT * FROM `article` WHERE `article_category_id` = 6 AND `status` = 1 ORDER BY inputtime  desc LIMIT 8   [ RunTime:0.0000s ]
INFO: [ view_parse ] --START--
INFO: [ template_filter ] --START--
INFO: Run Behavior\ContentReplaceBehavior [ RunTime:0.000000s ]
INFO: [ template_filter ] --END-- [ RunTime:0.000000s ]
INFO: Run Behavior\ParseTemplateBehavior [ RunTime:0.078125s ]
INFO: [ view_parse ] --END-- [ RunTime:0.093750s ]
INFO: [ view_filter ] --START--
INFO: Run Behavior\WriteHtmlCacheBehavior [ RunTime:0.000000s ]
INFO: [ view_filter ] --END-- [ RunTime:0.000000s ]
INFO: [ app_end ] --START--
INFO: Run Behavior\ShowPageTraceBehavior [ RunTime:0.000000s ]
INFO: [ app_end ] --END-- [ RunTime:0.000000s ]

[ 2015-11-15T13:06:01+08:00 ] 127.0.0.1 /index.php/Index/index
INFO: [ app_init ] --START--
INFO: Run Behavior\BuildLiteBehavior [ RunTime:0.000000s ]
INFO: [ app_init ] --END-- [ RunTime:0.000000s ]
INFO: [ app_begin ] --START--
INFO: Run Behavior\ReadHtmlCacheBehavior [ RunTime:0.000000s ]
INFO: [ app_begin ] --END-- [ RunTime:0.000000s ]
SQL: SHOW COLUMNS FROM `goods_category` [ RunTime:0.0000s ]
SQL: SHOW COLUMNS FROM `article_category` [ RunTime:0.0156s ]
SQL: SHOW COLUMNS FROM `article` [ RunTime:0.0000s ]
SQL: SHOW COLUMNS FROM `goods` [ RunTime:0.0156s ]
SQL: SELECT `id`,`logo`,`name`,`shop_price` FROM `goods` WHERE `status` = 1 AND `is_on_sale` = 1 AND ( goods_status&1>0 ) ORDER BY sort LIMIT 5   [ RunTime:0.0000s ]
SQL: SELECT `id`,`logo`,`name`,`shop_price` FROM `goods` WHERE `status` = 1 AND `is_on_sale` = 1 AND ( goods_status&2>0 ) ORDER BY sort LIMIT 5   [ RunTime:0.0000s ]
SQL: SELECT `id`,`logo`,`name`,`shop_price` FROM `goods` WHERE `status` = 1 AND `is_on_sale` = 1 AND ( goods_status&4>0 ) ORDER BY sort LIMIT 5   [ RunTime:0.0000s ]
SQL: SELECT `id`,`logo`,`name`,`shop_price` FROM `goods` WHERE `status` = 1 AND `is_on_sale` = 1 AND ( goods_status&8>0 ) ORDER BY sort LIMIT 5   [ RunTime:0.0000s ]
SQL: SELECT `id`,`logo`,`name`,`shop_price` FROM `goods` WHERE `status` = 1 AND `is_on_sale` = 1 AND ( goods_status&16>0 ) ORDER BY sort LIMIT 5   [ RunTime:0.0000s ]
SQL: SELECT * FROM `article` WHERE `article_category_id` = 6 AND `status` = 1 ORDER BY inputtime  desc LIMIT 8   [ RunTime:0.0000s ]
INFO: [ view_parse ] --START--
INFO: [ template_filter ] --START--
INFO: Run Behavior\ContentReplaceBehavior [ RunTime:0.000000s ]
INFO: [ template_filter ] --END-- [ RunTime:0.000000s ]
INFO: Run Behavior\ParseTemplateBehavior [ RunTime:0.078125s ]
INFO: [ view_parse ] --END-- [ RunTime:0.078125s ]
INFO: [ view_filter ] --START--
INFO: Run Behavior\WriteHtmlCacheBehavior [ RunTime:0.000000s ]
INFO: [ view_filter ] --END-- [ RunTime:0.000000s ]
INFO: [ app_end ] --START--
INFO: Run Behavior\ShowPageTraceBehavior [ RunTime:0.000000s ]
INFO: [ app_end ] --END-- [ RunTime:0.000000s ]

[ 2015-11-15T13:07:31+08:00 ] 127.0.0.1 /index.php/Index/index
INFO: [ app_init ] --START--
INFO: Run Behavior\BuildLiteBehavior [ RunTime:0.000000s ]
INFO: [ app_init ] --END-- [ RunTime:0.015625s ]
INFO: [ app_begin ] --START--
INFO: Run Behavior\ReadHtmlCacheBehavior [ RunTime:0.000000s ]
INFO: [ app_begin ] --END-- [ RunTime:0.000000s ]
SQL: SHOW COLUMNS FROM `goods_category` [ RunTime:0.0000s ]
SQL: SHOW COLUMNS FROM `article_category` [ RunTime:0.0156s ]
SQL: SHOW COLUMNS FROM `article` [ RunTime:0.0156s ]
SQL: SHOW COLUMNS FROM `goods` [ RunTime:0.0156s ]
SQL: SELECT `id`,`logo`,`name`,`shop_price` FROM `goods` WHERE `status` = 1 AND `is_on_sale` = 1 AND ( goods_status&1>0 ) ORDER BY sort LIMIT 5   [ RunTime:0.0000s ]
SQL: SELECT `id`,`logo`,`name`,`shop_price` FROM `goods` WHERE `status` = 1 AND `is_on_sale` = 1 AND ( goods_status&2>0 ) ORDER BY sort LIMIT 5   [ RunTime:0.0000s ]
SQL: SELECT `id`,`logo`,`name`,`shop_price` FROM `goods` WHERE `status` = 1 AND `is_on_sale` = 1 AND ( goods_status&4>0 ) ORDER BY sort LIMIT 5   [ RunTime:0.0000s ]
SQL: SELECT `id`,`logo`,`name`,`shop_price` FROM `goods` WHERE `status` = 1 AND `is_on_sale` = 1 AND ( goods_status&8>0 ) ORDER BY sort LIMIT 5   [ RunTime:0.0000s ]
SQL: SELECT `id`,`logo`,`name`,`shop_price` FROM `goods` WHERE `status` = 1 AND `is_on_sale` = 1 AND ( goods_status&16>0 ) ORDER BY sort LIMIT 5   [ RunTime:0.0000s ]
SQL: SELECT * FROM `article` WHERE `article_category_id` = 6 AND `status` = 1 ORDER BY inputtime  desc LIMIT 8   [ RunTime:0.0000s ]
INFO: [ view_parse ] --START--
INFO: [ template_filter ] --START--
INFO: Run Behavior\ContentReplaceBehavior [ RunTime:0.000000s ]
INFO: [ template_filter ] --END-- [ RunTime:0.000000s ]
INFO: Run Behavior\ParseTemplateBehavior [ RunTime:0.109375s ]
INFO: [ view_parse ] --END-- [ RunTime:0.109375s ]
INFO: [ view_filter ] --START--
INFO: Run Behavior\WriteHtmlCacheBehavior [ RunTime:0.000000s ]
INFO: [ view_filter ] --END-- [ RunTime:0.000000s ]
INFO: [ app_end ] --START--
INFO: Run Behavior\ShowPageTraceBehavior [ RunTime:0.000000s ]
INFO: [ app_end ] --END-- [ RunTime:0.000000s ]

[ 2015-11-15T13:08:38+08:00 ] 127.0.0.1 /index.php/Index/index
INFO: [ app_init ] --START--
INFO: Run Behavior\BuildLiteBehavior [ RunTime:0.000000s ]
INFO: [ app_init ] --END-- [ RunTime:0.000000s ]
INFO: [ app_begin ] --START--
INFO: Run Behavior\ReadHtmlCacheBehavior [ RunTime:0.000000s ]
INFO: [ app_begin ] --END-- [ RunTime:0.000000s ]
SQL: SHOW COLUMNS FROM `goods_category` [ RunTime:0.0156s ]
SQL: SHOW COLUMNS FROM `article_category` [ RunTime:0.0000s ]
SQL: SHOW COLUMNS FROM `article` [ RunTime:0.0156s ]
SQL: SHOW COLUMNS FROM `goods` [ RunTime:0.0156s ]
SQL: SELECT `id`,`logo`,`name`,`shop_price` FROM `goods` WHERE `status` = 1 AND `is_on_sale` = 1 AND ( goods_status&1>0 ) ORDER BY sort LIMIT 5   [ RunTime:0.0000s ]
SQL: SELECT `id`,`logo`,`name`,`shop_price` FROM `goods` WHERE `status` = 1 AND `is_on_sale` = 1 AND ( goods_status&2>0 ) ORDER BY sort LIMIT 5   [ RunTime:0.0000s ]
SQL: SELECT `id`,`logo`,`name`,`shop_price` FROM `goods` WHERE `status` = 1 AND `is_on_sale` = 1 AND ( goods_status&4>0 ) ORDER BY sort LIMIT 5   [ RunTime:0.0000s ]
SQL: SELECT `id`,`logo`,`name`,`shop_price` FROM `goods` WHERE `status` = 1 AND `is_on_sale` = 1 AND ( goods_status&8>0 ) ORDER BY sort LIMIT 5   [ RunTime:0.0000s ]
SQL: SELECT `id`,`logo`,`name`,`shop_price` FROM `goods` WHERE `status` = 1 AND `is_on_sale` = 1 AND ( goods_status&16>0 ) ORDER BY sort LIMIT 5   [ RunTime:0.0000s ]
SQL: SELECT * FROM `article` WHERE `article_category_id` = 6 AND `status` = 1 ORDER BY inputtime  desc LIMIT 8   [ RunTime:0.0000s ]
INFO: [ view_parse ] --START--
INFO: [ template_filter ] --START--
INFO: Run Behavior\ContentReplaceBehavior [ RunTime:0.000000s ]
INFO: [ template_filter ] --END-- [ RunTime:0.000000s ]
INFO: Run Behavior\ParseTemplateBehavior [ RunTime:0.109375s ]
INFO: [ view_parse ] --END-- [ RunTime:0.109375s ]
INFO: [ view_filter ] --START--
INFO: Run Behavior\WriteHtmlCacheBehavior [ RunTime:0.000000s ]
INFO: [ view_filter ] --END-- [ RunTime:0.000000s ]
INFO: [ app_end ] --START--
INFO: Run Behavior\ShowPageTraceBehavior [ RunTime:0.000000s ]
INFO: [ app_end ] --END-- [ RunTime:0.000000s ]

[ 2015-11-15T13:09:28+08:00 ] 127.0.0.1 /index.php/Index/index
INFO: [ app_init ] --START--
INFO: Run Behavior\BuildLiteBehavior [ RunTime:0.000000s ]
INFO: [ app_init ] --END-- [ RunTime:0.000000s ]
INFO: [ app_begin ] --START--
INFO: Run Behavior\ReadHtmlCacheBehavior [ RunTime:0.000000s ]
INFO: [ app_begin ] --END-- [ RunTime:0.000000s ]
SQL: SHOW COLUMNS FROM `goods_category` [ RunTime:0.0000s ]
SQL: SHOW COLUMNS FROM `article_category` [ RunTime:0.0156s ]
SQL: SHOW COLUMNS FROM `article` [ RunTime:0.0000s ]
SQL: SHOW COLUMNS FROM `goods` [ RunTime:0.0156s ]
SQL: SELECT `id`,`logo`,`name`,`shop_price` FROM `goods` WHERE `status` = 1 AND `is_on_sale` = 1 AND ( goods_status&1>0 ) ORDER BY sort LIMIT 5   [ RunTime:0.0000s ]
SQL: SELECT `id`,`logo`,`name`,`shop_price` FROM `goods` WHERE `status` = 1 AND `is_on_sale` = 1 AND ( goods_status&2>0 ) ORDER BY sort LIMIT 5   [ RunTime:0.0000s ]
SQL: SELECT `id`,`logo`,`name`,`shop_price` FROM `goods` WHERE `status` = 1 AND `is_on_sale` = 1 AND ( goods_status&4>0 ) ORDER BY sort LIMIT 5   [ RunTime:0.0000s ]
SQL: SELECT `id`,`logo`,`name`,`shop_price` FROM `goods` WHERE `status` = 1 AND `is_on_sale` = 1 AND ( goods_status&8>0 ) ORDER BY sort LIMIT 5   [ RunTime:0.0000s ]
SQL: SELECT `id`,`logo`,`name`,`shop_price` FROM `goods` WHERE `status` = 1 AND `is_on_sale` = 1 AND ( goods_status&16>0 ) ORDER BY sort LIMIT 5   [ RunTime:0.0000s ]
SQL: SELECT * FROM `article` WHERE `article_category_id` = 6 AND `status` = 1 ORDER BY inputtime  desc LIMIT 8   [ RunTime:0.0000s ]
INFO: [ view_parse ] --START--
INFO: [ template_filter ] --START--
INFO: Run Behavior\ContentReplaceBehavior [ RunTime:0.000000s ]
INFO: [ template_filter ] --END-- [ RunTime:0.000000s ]
INFO: Run Behavior\ParseTemplateBehavior [ RunTime:0.125000s ]
INFO: [ view_parse ] --END-- [ RunTime:0.125000s ]
INFO: [ view_filter ] --START--
INFO: Run Behavior\WriteHtmlCacheBehavior [ RunTime:0.000000s ]
INFO: [ view_filter ] --END-- [ RunTime:0.000000s ]
INFO: [ app_end ] --START--
INFO: Run Behavior\ShowPageTraceBehavior [ RunTime:0.000000s ]
INFO: [ app_end ] --END-- [ RunTime:0.000000s ]

[ 2015-11-15T13:09:31+08:00 ] 127.0.0.1 /index.php/Index/index
INFO: [ app_init ] --START--
INFO: Run Behavior\BuildLiteBehavior [ RunTime:0.000000s ]
INFO: [ app_init ] --END-- [ RunTime:0.000000s ]
INFO: [ app_begin ] --START--
INFO: Run Behavior\ReadHtmlCacheBehavior [ RunTime:0.000000s ]
INFO: [ app_begin ] --END-- [ RunTime:0.000000s ]
SQL: SHOW COLUMNS FROM `goods_category` [ RunTime:0.0156s ]
SQL: SHOW COLUMNS FROM `article_category` [ RunTime:0.0156s ]
SQL: SHOW COLUMNS FROM `article` [ RunTime:0.0000s ]
SQL: SHOW COLUMNS FROM `goods` [ RunTime:0.0000s ]
SQL: SELECT `id`,`logo`,`name`,`shop_price` FROM `goods` WHERE `status` = 1 AND `is_on_sale` = 1 AND ( goods_status&1>0 ) ORDER BY sort LIMIT 5   [ RunTime:0.0156s ]
SQL: SELECT `id`,`logo`,`name`,`shop_price` FROM `goods` WHERE `status` = 1 AND `is_on_sale` = 1 AND ( goods_status&2>0 ) ORDER BY sort LIMIT 5   [ RunTime:0.0000s ]
SQL: SELECT `id`,`logo`,`name`,`shop_price` FROM `goods` WHERE `status` = 1 AND `is_on_sale` = 1 AND ( goods_status&4>0 ) ORDER BY sort LIMIT 5   [ RunTime:0.0000s ]
SQL: SELECT `id`,`logo`,`name`,`shop_price` FROM `goods` WHERE `status` = 1 AND `is_on_sale` = 1 AND ( goods_status&8>0 ) ORDER BY sort LIMIT 5   [ RunTime:0.0000s ]
SQL: SELECT `id`,`logo`,`name`,`shop_price` FROM `goods` WHERE `status` = 1 AND `is_on_sale` = 1 AND ( goods_status&16>0 ) ORDER BY sort LIMIT 5   [ RunTime:0.0156s ]
SQL: SELECT * FROM `article` WHERE `article_category_id` = 6 AND `status` = 1 ORDER BY inputtime  desc LIMIT 8   [ RunTime:0.0000s ]
INFO: [ view_parse ] --START--
INFO: [ template_filter ] --START--
INFO: Run Behavior\ContentReplaceBehavior [ RunTime:0.000000s ]
INFO: [ template_filter ] --END-- [ RunTime:0.000000s ]
INFO: Run Behavior\ParseTemplateBehavior [ RunTime:0.109375s ]
INFO: [ view_parse ] --END-- [ RunTime:0.109375s ]
INFO: [ view_filter ] --START--
INFO: Run Behavior\WriteHtmlCacheBehavior [ RunTime:0.015625s ]
INFO: [ view_filter ] --END-- [ RunTime:0.015625s ]
INFO: [ app_end ] --START--
INFO: Run Behavior\ShowPageTraceBehavior [ RunTime:0.000000s ]
INFO: [ app_end ] --END-- [ RunTime:0.000000s ]

[ 2015-11-15T13:09:32+08:00 ] 127.0.0.1 /index.php/Index/index
INFO: [ app_init ] --START--
INFO: Run Behavior\BuildLiteBehavior [ RunTime:0.015625s ]
INFO: [ app_init ] --END-- [ RunTime:0.015625s ]
INFO: [ app_begin ] --START--
INFO: Run Behavior\ReadHtmlCacheBehavior [ RunTime:0.000000s ]
INFO: [ app_begin ] --END-- [ RunTime:0.000000s ]
SQL: SHOW COLUMNS FROM `goods_category` [ RunTime:0.0000s ]
SQL: SHOW COLUMNS FROM `article_category` [ RunTime:0.0000s ]
SQL: SHOW COLUMNS FROM `article` [ RunTime:0.0156s ]
SQL: SHOW COLUMNS FROM `goods` [ RunTime:0.0000s ]
SQL: SELECT `id`,`logo`,`name`,`shop_price` FROM `goods` WHERE `status` = 1 AND `is_on_sale` = 1 AND ( goods_status&1>0 ) ORDER BY sort LIMIT 5   [ RunTime:0.0000s ]
SQL: SELECT `id`,`logo`,`name`,`shop_price` FROM `goods` WHERE `status` = 1 AND `is_on_sale` = 1 AND ( goods_status&2>0 ) ORDER BY sort LIMIT 5   [ RunTime:0.0000s ]
SQL: SELECT `id`,`logo`,`name`,`shop_price` FROM `goods` WHERE `status` = 1 AND `is_on_sale` = 1 AND ( goods_status&4>0 ) ORDER BY sort LIMIT 5   [ RunTime:0.0000s ]
SQL: SELECT `id`,`logo`,`name`,`shop_price` FROM `goods` WHERE `status` = 1 AND `is_on_sale` = 1 AND ( goods_status&8>0 ) ORDER BY sort LIMIT 5   [ RunTime:0.0000s ]
SQL: SELECT `id`,`logo`,`name`,`shop_price` FROM `goods` WHERE `status` = 1 AND `is_on_sale` = 1 AND ( goods_status&16>0 ) ORDER BY sort LIMIT 5   [ RunTime:0.0000s ]
SQL: SELECT * FROM `article` WHERE `article_category_id` = 6 AND `status` = 1 ORDER BY inputtime  desc LIMIT 8   [ RunTime:0.0000s ]
INFO: [ view_parse ] --START--
INFO: [ template_filter ] --START--
INFO: Run Behavior\ContentReplaceBehavior [ RunTime:0.000000s ]
INFO: [ template_filter ] --END-- [ RunTime:0.000000s ]
INFO: Run Behavior\ParseTemplateBehavior [ RunTime:0.093750s ]
INFO: [ view_parse ] --END-- [ RunTime:0.093750s ]
INFO: [ view_filter ] --START--
INFO: Run Behavior\WriteHtmlCacheBehavior [ RunTime:0.000000s ]
INFO: [ view_filter ] --END-- [ RunTime:0.015625s ]
INFO: [ app_end ] --START--
INFO: Run Behavior\ShowPageTraceBehavior [ RunTime:0.000000s ]
INFO: [ app_end ] --END-- [ RunTime:0.000000s ]

[ 2015-11-15T13:09:54+08:00 ] 127.0.0.1 /index.php/Index/index
INFO: [ app_init ] --START--
INFO: Run Behavior\BuildLiteBehavior [ RunTime:0.000000s ]
INFO: [ app_init ] --END-- [ RunTime:0.000000s ]
INFO: [ app_begin ] --START--
INFO: Run Behavior\ReadHtmlCacheBehavior [ RunTime:0.000000s ]
INFO: [ app_begin ] --END-- [ RunTime:0.000000s ]
SQL: SHOW COLUMNS FROM `goods_category` [ RunTime:0.0156s ]
SQL: SHOW COLUMNS FROM `article_category` [ RunTime:0.0156s ]
SQL: SHOW COLUMNS FROM `article` [ RunTime:0.0000s ]
SQL: SHOW COLUMNS FROM `goods` [ RunTime:0.0000s ]
SQL: SELECT `id`,`logo`,`name`,`shop_price` FROM `goods` WHERE `status` = 1 AND `is_on_sale` = 1 AND ( goods_status&1>0 ) ORDER BY sort LIMIT 5   [ RunTime:0.0156s ]
SQL: SELECT `id`,`logo`,`name`,`shop_price` FROM `goods` WHERE `status` = 1 AND `is_on_sale` = 1 AND ( goods_status&2>0 ) ORDER BY sort LIMIT 5   [ RunTime:0.0000s ]
SQL: SELECT `id`,`logo`,`name`,`shop_price` FROM `goods` WHERE `status` = 1 AND `is_on_sale` = 1 AND ( goods_status&4>0 ) ORDER BY sort LIMIT 5   [ RunTime:0.0000s ]
SQL: SELECT `id`,`logo`,`name`,`shop_price` FROM `goods` WHERE `status` = 1 AND `is_on_sale` = 1 AND ( goods_status&8>0 ) ORDER BY sort LIMIT 5   [ RunTime:0.0000s ]
SQL: SELECT `id`,`logo`,`name`,`shop_price` FROM `goods` WHERE `status` = 1 AND `is_on_sale` = 1 AND ( goods_status&16>0 ) ORDER BY sort LIMIT 5   [ RunTime:0.0000s ]
SQL: SELECT * FROM `article` WHERE `article_category_id` = 6 AND `status` = 1 ORDER BY inputtime  desc LIMIT 8   [ RunTime:0.0000s ]
INFO: [ view_parse ] --START--
INFO: [ template_filter ] --START--
INFO: Run Behavior\ContentReplaceBehavior [ RunTime:0.000000s ]
INFO: [ template_filter ] --END-- [ RunTime:0.000000s ]
INFO: Run Behavior\ParseTemplateBehavior [ RunTime:0.109375s ]
INFO: [ view_parse ] --END-- [ RunTime:0.109375s ]
INFO: [ view_filter ] --START--
INFO: Run Behavior\WriteHtmlCacheBehavior [ RunTime:0.000000s ]
INFO: [ view_filter ] --END-- [ RunTime:0.000000s ]
INFO: [ app_end ] --START--
INFO: Run Behavior\ShowPageTraceBehavior [ RunTime:0.000000s ]
INFO: [ app_end ] --END-- [ RunTime:0.000000s ]

[ 2015-11-15T13:13:26+08:00 ] 127.0.0.1 /index.php/Index/index
INFO: [ app_init ] --START--
INFO: Run Behavior\BuildLiteBehavior [ RunTime:0.000000s ]
INFO: [ app_init ] --END-- [ RunTime:0.000000s ]
INFO: [ app_begin ] --START--
INFO: Run Behavior\ReadHtmlCacheBehavior [ RunTime:0.000000s ]
INFO: [ app_begin ] --END-- [ RunTime:0.015625s ]
SQL: SHOW COLUMNS FROM `goods_category` [ RunTime:0.0156s ]
SQL: SHOW COLUMNS FROM `article_category` [ RunTime:0.0000s ]
SQL: SHOW COLUMNS FROM `article` [ RunTime:0.0156s ]
SQL: SHOW COLUMNS FROM `goods` [ RunTime:0.0156s ]
SQL: SELECT `id`,`logo`,`name`,`shop_price` FROM `goods` WHERE `status` = 1 AND `is_on_sale` = 1 AND ( goods_status&1>0 ) ORDER BY sort LIMIT 5   [ RunTime:0.0000s ]
SQL: SELECT `id`,`logo`,`name`,`shop_price` FROM `goods` WHERE `status` = 1 AND `is_on_sale` = 1 AND ( goods_status&2>0 ) ORDER BY sort LIMIT 5   [ RunTime:0.0000s ]
SQL: SELECT `id`,`logo`,`name`,`shop_price` FROM `goods` WHERE `status` = 1 AND `is_on_sale` = 1 AND ( goods_status&4>0 ) ORDER BY sort LIMIT 5   [ RunTime:0.0000s ]
SQL: SELECT `id`,`logo`,`name`,`shop_price` FROM `goods` WHERE `status` = 1 AND `is_on_sale` = 1 AND ( goods_status&8>0 ) ORDER BY sort LIMIT 5   [ RunTime:0.0000s ]
SQL: SELECT `id`,`logo`,`name`,`shop_price` FROM `goods` WHERE `status` = 1 AND `is_on_sale` = 1 AND ( goods_status&16>0 ) ORDER BY sort LIMIT 5   [ RunTime:0.0000s ]
SQL: SELECT * FROM `article` WHERE `article_category_id` = 6 AND `status` = 1 ORDER BY inputtime  desc LIMIT 8   [ RunTime:0.0000s ]
INFO: [ view_parse ] --START--
INFO: [ template_filter ] --START--
INFO: Run Behavior\ContentReplaceBehavior [ RunTime:0.000000s ]
INFO: [ template_filter ] --END-- [ RunTime:0.000000s ]
INFO: Run Behavior\ParseTemplateBehavior [ RunTime:0.078125s ]
INFO: [ view_parse ] --END-- [ RunTime:0.078125s ]
INFO: [ view_filter ] --START--
INFO: Run Behavior\WriteHtmlCacheBehavior [ RunTime:0.000000s ]
INFO: [ view_filter ] --END-- [ RunTime:0.000000s ]
INFO: [ app_end ] --START--
INFO: Run Behavior\ShowPageTraceBehavior [ RunTime:0.000000s ]
INFO: [ app_end ] --END-- [ RunTime:0.000000s ]

[ 2015-11-15T13:14:28+08:00 ] 127.0.0.1 /index.php/Index/index
INFO: [ app_init ] --START--
INFO: Run Behavior\BuildLiteBehavior [ RunTime:0.000000s ]
INFO: [ app_init ] --END-- [ RunTime:0.000000s ]
INFO: [ app_begin ] --START--
INFO: Run Behavior\ReadHtmlCacheBehavior [ RunTime:0.015625s ]
INFO: [ app_begin ] --END-- [ RunTime:0.015625s ]
SQL: SHOW COLUMNS FROM `goods_category` [ RunTime:0.0156s ]
SQL: SHOW COLUMNS FROM `article_category` [ RunTime:0.0000s ]
SQL: SHOW COLUMNS FROM `article` [ RunTime:0.0000s ]
SQL: SHOW COLUMNS FROM `goods` [ RunTime:0.0156s ]
SQL: SELECT `id`,`logo`,`name`,`shop_price` FROM `goods` WHERE `status` = 1 AND `is_on_sale` = 1 AND ( goods_status&1>0 ) ORDER BY sort LIMIT 5   [ RunTime:0.0000s ]
SQL: SELECT `id`,`logo`,`name`,`shop_price` FROM `goods` WHERE `status` = 1 AND `is_on_sale` = 1 AND ( goods_status&2>0 ) ORDER BY sort LIMIT 5   [ RunTime:0.0000s ]
SQL: SELECT `id`,`logo`,`name`,`shop_price` FROM `goods` WHERE `status` = 1 AND `is_on_sale` = 1 AND ( goods_status&4>0 ) ORDER BY sort LIMIT 5   [ RunTime:0.0000s ]
SQL: SELECT `id`,`logo`,`name`,`shop_price` FROM `goods` WHERE `status` = 1 AND `is_on_sale` = 1 AND ( goods_status&8>0 ) ORDER BY sort LIMIT 5   [ RunTime:0.0000s ]
SQL: SELECT `id`,`logo`,`name`,`shop_price` FROM `goods` WHERE `status` = 1 AND `is_on_sale` = 1 AND ( goods_status&16>0 ) ORDER BY sort LIMIT 5   [ RunTime:0.0000s ]
SQL: SELECT * FROM `article` WHERE `article_category_id` = 6 AND `status` = 1 ORDER BY inputtime  desc LIMIT 8   [ RunTime:0.0000s ]
INFO: [ view_parse ] --START--
INFO: [ template_filter ] --START--
INFO: Run Behavior\ContentReplaceBehavior [ RunTime:0.000000s ]
INFO: [ template_filter ] --END-- [ RunTime:0.015625s ]
INFO: Run Behavior\ParseTemplateBehavior [ RunTime:0.078125s ]
INFO: [ view_parse ] --END-- [ RunTime:0.078125s ]
INFO: [ view_filter ] --START--
INFO: Run Behavior\WriteHtmlCacheBehavior [ RunTime:0.000000s ]
INFO: [ view_filter ] --END-- [ RunTime:0.000000s ]
INFO: [ app_end ] --START--
INFO: Run Behavior\ShowPageTraceBehavior [ RunTime:0.000000s ]
INFO: [ app_end ] --END-- [ RunTime:0.000000s ]

