[ 2015-11-14T19:59:28+08:00 ] 127.0.0.1 /index.php/Index/index
INFO: [ app_init ] --START--
INFO: Run Behavior\BuildLiteBehavior [ RunTime:0.000000s ]
INFO: [ app_init ] --END-- [ RunTime:0.015625s ]
INFO: [ app_begin ] --START--
INFO: Run Behavior\ReadHtmlCacheBehavior [ RunTime:0.031250s ]
INFO: [ app_begin ] --END-- [ RunTime:0.031250s ]
SQL: SHOW COLUMNS FROM `goods_category` [ RunTime:0.0156s ]
SQL: SELECT `id`,`name`,`parent_id`,`level` FROM `goods_category` WHERE `status` = 1 ORDER BY lft  [ RunTime:0.0000s ]
SQL: SHOW COLUMNS FROM `article_category` [ RunTime:0.0156s ]
SQL: SELECT `id`,`name`,`parent_id`,`level` FROM `article_category` WHERE `status` = 1 ORDER BY lft  [ RunTime:0.0000s ]
SQL: SHOW COLUMNS FROM `article` [ RunTime:0.0156s ]
SQL: SELECT a.id,a.name,a.article_category_id FROM article a INNER JOIN article_category as ac on a.article_category_id=ac.id  WHERE ac.status = 1 AND ac.is_help = 1 AND a.status = 1  [ RunTime:0.0000s ]
INFO: [ view_parse ] --START--
INFO: [ template_filter ] --START--
INFO: Run Behavior\ContentReplaceBehavior [ RunTime:0.000000s ]
INFO: [ template_filter ] --END-- [ RunTime:0.000000s ]
INFO: Run Behavior\ParseTemplateBehavior [ RunTime:0.078125s ]
INFO: [ view_parse ] --END-- [ RunTime:0.078125s ]
INFO: [ view_filter ] --START--
INFO: Run Behavior\WriteHtmlCacheBehavior [ RunTime:0.000000s ]
INFO: [ view_filter ] --END-- [ RunTime:0.000000s ]
INFO: [ app_end ] --START--
INFO: Run Behavior\ShowPageTraceBehavior [ RunTime:0.000000s ]
INFO: [ app_end ] --END-- [ RunTime:0.000000s ]

[ 2015-11-14T20:22:38+08:00 ] 127.0.0.1 /index.php/Index/index
INFO: [ app_init ] --START--
INFO: Run Behavior\BuildLiteBehavior [ RunTime:0.000000s ]
INFO: [ app_init ] --END-- [ RunTime:0.000000s ]
INFO: [ app_begin ] --START--
INFO: Run Behavior\ReadHtmlCacheBehavior [ RunTime:0.000000s ]
INFO: [ app_begin ] --END-- [ RunTime:0.000000s ]
SQL: SHOW COLUMNS FROM `goods_category` [ RunTime:0.0000s ]
SQL: SHOW COLUMNS FROM `article_category` [ RunTime:0.0000s ]
SQL: SHOW COLUMNS FROM `article` [ RunTime:0.0156s ]
SQL: SHOW COLUMNS FROM `goods` [ RunTime:0.0156s ]
SQL: SELECT `id`,`logo`,`name`,`shop_price` FROM `goods` WHERE `status` = 1 AND `is_on_sale` = 1 AND ( goods_status&1>0 ) ORDER BY sort LIMIT 5   [ RunTime:0.0000s ]
SQL: SELECT `id`,`logo`,`name`,`shop_price` FROM `goods` WHERE `status` = 1 AND `is_on_sale` = 1 AND ( goods_status&2>0 ) ORDER BY sort LIMIT 5   [ RunTime:0.0000s ]
SQL: SELECT `id`,`logo`,`name`,`shop_price` FROM `goods` WHERE `status` = 1 AND `is_on_sale` = 1 AND ( goods_status&4>0 ) ORDER BY sort LIMIT 5   [ RunTime:0.0000s ]
SQL: SELECT `id`,`logo`,`name`,`shop_price` FROM `goods` WHERE `status` = 1 AND `is_on_sale` = 1 AND ( goods_status&8>0 ) ORDER BY sort LIMIT 5   [ RunTime:0.0000s ]
SQL: SELECT `id`,`logo`,`name`,`shop_price` FROM `goods` WHERE `status` = 1 AND `is_on_sale` = 1 AND ( goods_status&16>0 ) ORDER BY sort LIMIT 5   [ RunTime:0.0000s ]
INFO: [ view_parse ] --START--
INFO: [ template_filter ] --START--
INFO: Run Behavior\ContentReplaceBehavior [ RunTime:0.000000s ]
INFO: [ template_filter ] --END-- [ RunTime:0.000000s ]
INFO: Run Behavior\ParseTemplateBehavior [ RunTime:0.062500s ]
INFO: [ view_parse ] --END-- [ RunTime:0.062500s ]
INFO: [ view_filter ] --START--
INFO: Run Behavior\WriteHtmlCacheBehavior [ RunTime:0.000000s ]
INFO: [ view_filter ] --END-- [ RunTime:0.000000s ]
INFO: [ app_end ] --START--
INFO: Run Behavior\ShowPageTraceBehavior [ RunTime:0.000000s ]
INFO: [ app_end ] --END-- [ RunTime:0.000000s ]

[ 2015-11-14T20:22:40+08:00 ] 127.0.0.1 /index.php/Index/index
INFO: [ app_init ] --START--
INFO: Run Behavior\BuildLiteBehavior [ RunTime:0.000000s ]
INFO: [ app_init ] --END-- [ RunTime:0.000000s ]
INFO: [ app_begin ] --START--
INFO: Run Behavior\ReadHtmlCacheBehavior [ RunTime:0.000000s ]
INFO: [ app_begin ] --END-- [ RunTime:0.000000s ]
SQL: SHOW COLUMNS FROM `goods_category` [ RunTime:0.0000s ]
SQL: SHOW COLUMNS FROM `article_category` [ RunTime:0.0000s ]
SQL: SHOW COLUMNS FROM `article` [ RunTime:0.0156s ]
SQL: SHOW COLUMNS FROM `goods` [ RunTime:0.0000s ]
SQL: SELECT `id`,`logo`,`name`,`shop_price` FROM `goods` WHERE `status` = 1 AND `is_on_sale` = 1 AND ( goods_status&1>0 ) ORDER BY sort LIMIT 5   [ RunTime:0.0000s ]
SQL: SELECT `id`,`logo`,`name`,`shop_price` FROM `goods` WHERE `status` = 1 AND `is_on_sale` = 1 AND ( goods_status&2>0 ) ORDER BY sort LIMIT 5   [ RunTime:0.0000s ]
SQL: SELECT `id`,`logo`,`name`,`shop_price` FROM `goods` WHERE `status` = 1 AND `is_on_sale` = 1 AND ( goods_status&4>0 ) ORDER BY sort LIMIT 5   [ RunTime:0.0000s ]
SQL: SELECT `id`,`logo`,`name`,`shop_price` FROM `goods` WHERE `status` = 1 AND `is_on_sale` = 1 AND ( goods_status&8>0 ) ORDER BY sort LIMIT 5   [ RunTime:0.0000s ]
SQL: SELECT `id`,`logo`,`name`,`shop_price` FROM `goods` WHERE `status` = 1 AND `is_on_sale` = 1 AND ( goods_status&16>0 ) ORDER BY sort LIMIT 5   [ RunTime:0.0000s ]
INFO: [ view_parse ] --START--
INFO: [ template_filter ] --START--
INFO: Run Behavior\ContentReplaceBehavior [ RunTime:0.000000s ]
INFO: [ template_filter ] --END-- [ RunTime:0.000000s ]
INFO: Run Behavior\ParseTemplateBehavior [ RunTime:0.062500s ]
INFO: [ view_parse ] --END-- [ RunTime:0.062500s ]
INFO: [ view_filter ] --START--
INFO: Run Behavior\WriteHtmlCacheBehavior [ RunTime:0.000000s ]
INFO: [ view_filter ] --END-- [ RunTime:0.000000s ]
INFO: [ app_end ] --START--
INFO: Run Behavior\ShowPageTraceBehavior [ RunTime:0.000000s ]
INFO: [ app_end ] --END-- [ RunTime:0.000000s ]

